2022-08-31 18:00:38.270  INFO 28208 --- [main] com.artem.spring.ApplicationRunner       : Starting ApplicationRunner using Java 17.0.3 on LAPTOP-FTAQH9L7 with PID 28208 (D:\IT\Projects\Spring-starter\build\classes\java\main started by killa in D:\IT\Projects\Spring-starter)
2022-08-31 18:00:38.280  INFO 28208 --- [main] com.artem.spring.ApplicationRunner       : The following 1 profile is active: "qa"
2022-08-31 18:00:38.767  INFO 28208 --- [main] .s.d.r.c.RepositoryConfigurationDelegate : Bootstrapping Spring Data JPA repositories in DEFAULT mode.
2022-08-31 18:00:38.845  INFO 28208 --- [main] .s.d.r.c.RepositoryConfigurationDelegate : Finished Spring Data repository scanning in 69 ms. Found 2 JPA repository interfaces.
2022-08-31 18:00:39.332  INFO 28208 --- [main] com.zaxxer.hikari.HikariDataSource       : HikariPool-1 - Starting...
2022-08-31 18:00:39.502  INFO 28208 --- [main] com.zaxxer.hikari.HikariDataSource       : HikariPool-1 - Start completed.
2022-08-31 18:00:39.619  INFO 28208 --- [main] liquibase.database                       : Set default schema name to public
2022-08-31 18:00:39.739  INFO 28208 --- [main] liquibase.lockservice                    : Successfully acquired change log lock
2022-08-31 18:00:39.756  INFO 28208 --- [main] liquibase.lockservice                    : Successfully released change log lock
2022-08-31 18:00:39.763  WARN 28208 --- [main] s.c.a.AnnotationConfigApplicationContext : Exception encountered during context initialization - cancelling refresh attempt: org.springframework.beans.factory.BeanCreationException: Error creating bean with name 'liquibase' defined in class path resource [org/springframework/boot/autoconfigure/liquibase/LiquibaseAutoConfiguration$LiquibaseConfiguration.class]: Invocation of init method failed; nested exception is liquibase.exception.ChangeLogParseException: Syntax error in file classpath:/db/changelog/db.changelog-master.yaml: while parsing a block collection
 in 'reader', line 2, column 3:
      - include:
      ^
expected <block end>, but found '?'
 in 'reader', line 4, column 3:
      -include:
      ^

2022-08-31 18:00:39.763  INFO 28208 --- [main] com.zaxxer.hikari.HikariDataSource       : HikariPool-1 - Shutdown initiated...
2022-08-31 18:00:39.770  INFO 28208 --- [main] com.zaxxer.hikari.HikariDataSource       : HikariPool-1 - Shutdown completed.
2022-08-31 18:00:39.776  INFO 28208 --- [main] ConditionEvaluationReportLoggingListener : 

Error starting ApplicationContext. To display the conditions report re-run your application with 'debug' enabled.
2022-08-31 18:00:39.800 ERROR 28208 --- [main] o.s.boot.SpringApplication               : Application run failed

org.springframework.beans.factory.BeanCreationException: Error creating bean with name 'liquibase' defined in class path resource [org/springframework/boot/autoconfigure/liquibase/LiquibaseAutoConfiguration$LiquibaseConfiguration.class]: Invocation of init method failed; nested exception is liquibase.exception.ChangeLogParseException: Syntax error in file classpath:/db/changelog/db.changelog-master.yaml: while parsing a block collection
 in 'reader', line 2, column 3:
      - include:
      ^
expected <block end>, but found '?'
 in 'reader', line 4, column 3:
      -include:
      ^

	at org.springframework.beans.factory.support.AbstractAutowireCapableBeanFactory.initializeBean(AbstractAutowireCapableBeanFactory.java:1804) ~[spring-beans-5.3.21.jar:5.3.21]
	at org.springframework.beans.factory.support.AbstractAutowireCapableBeanFactory.doCreateBean(AbstractAutowireCapableBeanFactory.java:620) ~[spring-beans-5.3.21.jar:5.3.21]
	at org.springframework.beans.factory.support.AbstractAutowireCapableBeanFactory.createBean(AbstractAutowireCapableBeanFactory.java:542) ~[spring-beans-5.3.21.jar:5.3.21]
	at org.springframework.beans.factory.support.AbstractBeanFactory.lambda$doGetBean$0(AbstractBeanFactory.java:335) ~[spring-beans-5.3.21.jar:5.3.21]
	at org.springframework.beans.factory.support.DefaultSingletonBeanRegistry.getSingleton(DefaultSingletonBeanRegistry.java:234) ~[spring-beans-5.3.21.jar:5.3.21]
	at org.springframework.beans.factory.support.AbstractBeanFactory.doGetBean(AbstractBeanFactory.java:333) ~[spring-beans-5.3.21.jar:5.3.21]
	at org.springframework.beans.factory.support.AbstractBeanFactory.getBean(AbstractBeanFactory.java:208) ~[spring-beans-5.3.21.jar:5.3.21]
	at org.springframework.beans.factory.support.AbstractBeanFactory.doGetBean(AbstractBeanFactory.java:322) ~[spring-beans-5.3.21.jar:5.3.21]
	at org.springframework.beans.factory.support.AbstractBeanFactory.getBean(AbstractBeanFactory.java:208) ~[spring-beans-5.3.21.jar:5.3.21]
	at org.springframework.context.support.AbstractApplicationContext.getBean(AbstractApplicationContext.java:1154) ~[spring-context-5.3.21.jar:5.3.21]
	at org.springframework.context.support.AbstractApplicationContext.finishBeanFactoryInitialization(AbstractApplicationContext.java:908) ~[spring-context-5.3.21.jar:5.3.21]
	at org.springframework.context.support.AbstractApplicationContext.refresh(AbstractApplicationContext.java:583) ~[spring-context-5.3.21.jar:5.3.21]
	at org.springframework.boot.SpringApplication.refresh(SpringApplication.java:734) ~[spring-boot-2.7.1.jar:2.7.1]
	at org.springframework.boot.SpringApplication.refreshContext(SpringApplication.java:408) ~[spring-boot-2.7.1.jar:2.7.1]
	at org.springframework.boot.SpringApplication.run(SpringApplication.java:308) ~[spring-boot-2.7.1.jar:2.7.1]
	at org.springframework.boot.SpringApplication.run(SpringApplication.java:1306) ~[spring-boot-2.7.1.jar:2.7.1]
	at org.springframework.boot.SpringApplication.run(SpringApplication.java:1295) ~[spring-boot-2.7.1.jar:2.7.1]
	at com.artem.spring.ApplicationRunner.main(ApplicationRunner.java:13) ~[main/:na]
Caused by: liquibase.exception.ChangeLogParseException: Syntax error in file classpath:/db/changelog/db.changelog-master.yaml: while parsing a block collection
 in 'reader', line 2, column 3:
      - include:
      ^
expected <block end>, but found '?'
 in 'reader', line 4, column 3:
      -include:
      ^

	at liquibase.parser.core.yaml.YamlChangeLogParser.parseYamlStream(YamlChangeLogParser.java:98) ~[liquibase-core-4.9.1.jar:na]
	at liquibase.parser.core.yaml.YamlChangeLogParser.parse(YamlChangeLogParser.java:30) ~[liquibase-core-4.9.1.jar:na]
	at liquibase.Liquibase.getDatabaseChangeLog(Liquibase.java:369) ~[liquibase-core-4.9.1.jar:na]
	at liquibase.Liquibase.lambda$update$1(Liquibase.java:224) ~[liquibase-core-4.9.1.jar:na]
	at liquibase.Scope.lambda$child$0(Scope.java:180) ~[liquibase-core-4.9.1.jar:na]
	at liquibase.Scope.child(Scope.java:189) ~[liquibase-core-4.9.1.jar:na]
	at liquibase.Scope.child(Scope.java:179) ~[liquibase-core-4.9.1.jar:na]
	at liquibase.Scope.child(Scope.java:158) ~[liquibase-core-4.9.1.jar:na]
	at liquibase.Liquibase.runInScope(Liquibase.java:2405) ~[liquibase-core-4.9.1.jar:na]
	at liquibase.Liquibase.update(Liquibase.java:211) ~[liquibase-core-4.9.1.jar:na]
	at liquibase.Liquibase.update(Liquibase.java:197) ~[liquibase-core-4.9.1.jar:na]
	at liquibase.integration.spring.SpringLiquibase.performUpdate(SpringLiquibase.java:314) ~[liquibase-core-4.9.1.jar:na]
	at liquibase.integration.spring.SpringLiquibase.afterPropertiesSet(SpringLiquibase.java:269) ~[liquibase-core-4.9.1.jar:na]
	at org.springframework.beans.factory.support.AbstractAutowireCapableBeanFactory.invokeInitMethods(AbstractAutowireCapableBeanFactory.java:1863) ~[spring-beans-5.3.21.jar:5.3.21]
	at org.springframework.beans.factory.support.AbstractAutowireCapableBeanFactory.initializeBean(AbstractAutowireCapableBeanFactory.java:1800) ~[spring-beans-5.3.21.jar:5.3.21]
	... 17 common frames omitted
Caused by: org.yaml.snakeyaml.parser.ParserException: while parsing a block collection
 in 'reader', line 2, column 3:
      - include:
      ^
expected <block end>, but found '?'
 in 'reader', line 4, column 3:
      -include:
      ^

	at org.yaml.snakeyaml.parser.ParserImpl$ParseBlockSequenceEntryKey.produce(ParserImpl.java:542) ~[snakeyaml-1.30.jar:na]
	at org.yaml.snakeyaml.parser.ParserImpl.peekEvent(ParserImpl.java:166) ~[snakeyaml-1.30.jar:na]
	at org.yaml.snakeyaml.comments.CommentEventsCollector$1.peek(CommentEventsCollector.java:59) ~[snakeyaml-1.30.jar:na]
	at org.yaml.snakeyaml.comments.CommentEventsCollector$1.peek(CommentEventsCollector.java:45) ~[snakeyaml-1.30.jar:na]
	at org.yaml.snakeyaml.comments.CommentEventsCollector.collectEvents(CommentEventsCollector.java:140) ~[snakeyaml-1.30.jar:na]
	at org.yaml.snakeyaml.comments.CommentEventsCollector.collectEvents(CommentEventsCollector.java:119) ~[snakeyaml-1.30.jar:na]
	at org.yaml.snakeyaml.composer.Composer.composeMappingNode(Composer.java:293) ~[snakeyaml-1.30.jar:na]
	at org.yaml.snakeyaml.composer.Composer.composeNode(Composer.java:188) ~[snakeyaml-1.30.jar:na]
	at org.yaml.snakeyaml.composer.Composer.composeSequenceNode(Composer.java:245) ~[snakeyaml-1.30.jar:na]
	at org.yaml.snakeyaml.composer.Composer.composeNode(Composer.java:186) ~[snakeyaml-1.30.jar:na]
	at org.yaml.snakeyaml.composer.Composer.composeValueNode(Composer.java:314) ~[snakeyaml-1.30.jar:na]
	at org.yaml.snakeyaml.composer.Composer.composeMappingChildren(Composer.java:305) ~[snakeyaml-1.30.jar:na]
	at org.yaml.snakeyaml.composer.Composer.composeMappingNode(Composer.java:286) ~[snakeyaml-1.30.jar:na]
	at org.yaml.snakeyaml.composer.Composer.composeNode(Composer.java:188) ~[snakeyaml-1.30.jar:na]
	at org.yaml.snakeyaml.composer.Composer.getNode(Composer.java:115) ~[snakeyaml-1.30.jar:na]
	at org.yaml.snakeyaml.composer.Composer.getSingleNode(Composer.java:142) ~[snakeyaml-1.30.jar:na]
	at org.yaml.snakeyaml.constructor.BaseConstructor.getSingleData(BaseConstructor.java:151) ~[snakeyaml-1.30.jar:na]
	at org.yaml.snakeyaml.Yaml.loadFromReader(Yaml.java:491) ~[snakeyaml-1.30.jar:na]
	at org.yaml.snakeyaml.Yaml.load(Yaml.java:429) ~[snakeyaml-1.30.jar:na]
	at liquibase.parser.core.yaml.YamlChangeLogParser.parseYamlStream(YamlChangeLogParser.java:96) ~[liquibase-core-4.9.1.jar:na]
	... 31 common frames omitted

2022-08-31 18:05:09.356  INFO 16668 --- [main] com.artem.spring.ApplicationRunner       : Starting ApplicationRunner using Java 17.0.3 on LAPTOP-FTAQH9L7 with PID 16668 (D:\IT\Projects\Spring-starter\build\classes\java\main started by killa in D:\IT\Projects\Spring-starter)
2022-08-31 18:05:09.359  INFO 16668 --- [main] com.artem.spring.ApplicationRunner       : The following 1 profile is active: "qa"
2022-08-31 18:05:09.745  INFO 16668 --- [main] .s.d.r.c.RepositoryConfigurationDelegate : Bootstrapping Spring Data JPA repositories in DEFAULT mode.
2022-08-31 18:05:09.814  INFO 16668 --- [main] .s.d.r.c.RepositoryConfigurationDelegate : Finished Spring Data repository scanning in 62 ms. Found 2 JPA repository interfaces.
2022-08-31 18:05:10.220  INFO 16668 --- [main] com.zaxxer.hikari.HikariDataSource       : HikariPool-1 - Starting...
2022-08-31 18:05:10.358  INFO 16668 --- [main] com.zaxxer.hikari.HikariDataSource       : HikariPool-1 - Start completed.
2022-08-31 18:05:10.476  INFO 16668 --- [main] liquibase.database                       : Set default schema name to public
2022-08-31 18:05:10.566  INFO 16668 --- [main] liquibase.lockservice                    : Successfully acquired change log lock
2022-08-31 18:05:10.581  INFO 16668 --- [main] liquibase.lockservice                    : Successfully released change log lock
2022-08-31 18:05:10.586  WARN 16668 --- [main] s.c.a.AnnotationConfigApplicationContext : Exception encountered during context initialization - cancelling refresh attempt: org.springframework.beans.factory.BeanCreationException: Error creating bean with name 'liquibase' defined in class path resource [org/springframework/boot/autoconfigure/liquibase/LiquibaseAutoConfiguration$LiquibaseConfiguration.class]: Invocation of init method failed; nested exception is liquibase.exception.ChangeLogParseException: Syntax error in file classpath:/db/changelog/db.changelog-master.yaml: while parsing a block collection
 in 'reader', line 2, column 3:
      - include:
      ^
expected <block end>, but found '?'
 in 'reader', line 4, column 3:
      -include:
      ^

2022-08-31 18:05:10.586  INFO 16668 --- [main] com.zaxxer.hikari.HikariDataSource       : HikariPool-1 - Shutdown initiated...
2022-08-31 18:05:10.596  INFO 16668 --- [main] com.zaxxer.hikari.HikariDataSource       : HikariPool-1 - Shutdown completed.
2022-08-31 18:05:10.602  INFO 16668 --- [main] ConditionEvaluationReportLoggingListener : 

Error starting ApplicationContext. To display the conditions report re-run your application with 'debug' enabled.
2022-08-31 18:05:10.617 ERROR 16668 --- [main] o.s.boot.SpringApplication               : Application run failed

org.springframework.beans.factory.BeanCreationException: Error creating bean with name 'liquibase' defined in class path resource [org/springframework/boot/autoconfigure/liquibase/LiquibaseAutoConfiguration$LiquibaseConfiguration.class]: Invocation of init method failed; nested exception is liquibase.exception.ChangeLogParseException: Syntax error in file classpath:/db/changelog/db.changelog-master.yaml: while parsing a block collection
 in 'reader', line 2, column 3:
      - include:
      ^
expected <block end>, but found '?'
 in 'reader', line 4, column 3:
      -include:
      ^

	at org.springframework.beans.factory.support.AbstractAutowireCapableBeanFactory.initializeBean(AbstractAutowireCapableBeanFactory.java:1804) ~[spring-beans-5.3.21.jar:5.3.21]
	at org.springframework.beans.factory.support.AbstractAutowireCapableBeanFactory.doCreateBean(AbstractAutowireCapableBeanFactory.java:620) ~[spring-beans-5.3.21.jar:5.3.21]
	at org.springframework.beans.factory.support.AbstractAutowireCapableBeanFactory.createBean(AbstractAutowireCapableBeanFactory.java:542) ~[spring-beans-5.3.21.jar:5.3.21]
	at org.springframework.beans.factory.support.AbstractBeanFactory.lambda$doGetBean$0(AbstractBeanFactory.java:335) ~[spring-beans-5.3.21.jar:5.3.21]
	at org.springframework.beans.factory.support.DefaultSingletonBeanRegistry.getSingleton(DefaultSingletonBeanRegistry.java:234) ~[spring-beans-5.3.21.jar:5.3.21]
	at org.springframework.beans.factory.support.AbstractBeanFactory.doGetBean(AbstractBeanFactory.java:333) ~[spring-beans-5.3.21.jar:5.3.21]
	at org.springframework.beans.factory.support.AbstractBeanFactory.getBean(AbstractBeanFactory.java:208) ~[spring-beans-5.3.21.jar:5.3.21]
	at org.springframework.beans.factory.support.AbstractBeanFactory.doGetBean(AbstractBeanFactory.java:322) ~[spring-beans-5.3.21.jar:5.3.21]
	at org.springframework.beans.factory.support.AbstractBeanFactory.getBean(AbstractBeanFactory.java:208) ~[spring-beans-5.3.21.jar:5.3.21]
	at org.springframework.context.support.AbstractApplicationContext.getBean(AbstractApplicationContext.java:1154) ~[spring-context-5.3.21.jar:5.3.21]
	at org.springframework.context.support.AbstractApplicationContext.finishBeanFactoryInitialization(AbstractApplicationContext.java:908) ~[spring-context-5.3.21.jar:5.3.21]
	at org.springframework.context.support.AbstractApplicationContext.refresh(AbstractApplicationContext.java:583) ~[spring-context-5.3.21.jar:5.3.21]
	at org.springframework.boot.SpringApplication.refresh(SpringApplication.java:734) ~[spring-boot-2.7.1.jar:2.7.1]
	at org.springframework.boot.SpringApplication.refreshContext(SpringApplication.java:408) ~[spring-boot-2.7.1.jar:2.7.1]
	at org.springframework.boot.SpringApplication.run(SpringApplication.java:308) ~[spring-boot-2.7.1.jar:2.7.1]
	at org.springframework.boot.SpringApplication.run(SpringApplication.java:1306) ~[spring-boot-2.7.1.jar:2.7.1]
	at org.springframework.boot.SpringApplication.run(SpringApplication.java:1295) ~[spring-boot-2.7.1.jar:2.7.1]
	at com.artem.spring.ApplicationRunner.main(ApplicationRunner.java:13) ~[main/:na]
Caused by: liquibase.exception.ChangeLogParseException: Syntax error in file classpath:/db/changelog/db.changelog-master.yaml: while parsing a block collection
 in 'reader', line 2, column 3:
      - include:
      ^
expected <block end>, but found '?'
 in 'reader', line 4, column 3:
      -include:
      ^

	at liquibase.parser.core.yaml.YamlChangeLogParser.parseYamlStream(YamlChangeLogParser.java:98) ~[liquibase-core-4.9.1.jar:na]
	at liquibase.parser.core.yaml.YamlChangeLogParser.parse(YamlChangeLogParser.java:30) ~[liquibase-core-4.9.1.jar:na]
	at liquibase.Liquibase.getDatabaseChangeLog(Liquibase.java:369) ~[liquibase-core-4.9.1.jar:na]
	at liquibase.Liquibase.lambda$update$1(Liquibase.java:224) ~[liquibase-core-4.9.1.jar:na]
	at liquibase.Scope.lambda$child$0(Scope.java:180) ~[liquibase-core-4.9.1.jar:na]
	at liquibase.Scope.child(Scope.java:189) ~[liquibase-core-4.9.1.jar:na]
	at liquibase.Scope.child(Scope.java:179) ~[liquibase-core-4.9.1.jar:na]
	at liquibase.Scope.child(Scope.java:158) ~[liquibase-core-4.9.1.jar:na]
	at liquibase.Liquibase.runInScope(Liquibase.java:2405) ~[liquibase-core-4.9.1.jar:na]
	at liquibase.Liquibase.update(Liquibase.java:211) ~[liquibase-core-4.9.1.jar:na]
	at liquibase.Liquibase.update(Liquibase.java:197) ~[liquibase-core-4.9.1.jar:na]
	at liquibase.integration.spring.SpringLiquibase.performUpdate(SpringLiquibase.java:314) ~[liquibase-core-4.9.1.jar:na]
	at liquibase.integration.spring.SpringLiquibase.afterPropertiesSet(SpringLiquibase.java:269) ~[liquibase-core-4.9.1.jar:na]
	at org.springframework.beans.factory.support.AbstractAutowireCapableBeanFactory.invokeInitMethods(AbstractAutowireCapableBeanFactory.java:1863) ~[spring-beans-5.3.21.jar:5.3.21]
	at org.springframework.beans.factory.support.AbstractAutowireCapableBeanFactory.initializeBean(AbstractAutowireCapableBeanFactory.java:1800) ~[spring-beans-5.3.21.jar:5.3.21]
	... 17 common frames omitted
Caused by: org.yaml.snakeyaml.parser.ParserException: while parsing a block collection
 in 'reader', line 2, column 3:
      - include:
      ^
expected <block end>, but found '?'
 in 'reader', line 4, column 3:
      -include:
      ^

	at org.yaml.snakeyaml.parser.ParserImpl$ParseBlockSequenceEntryKey.produce(ParserImpl.java:542) ~[snakeyaml-1.30.jar:na]
	at org.yaml.snakeyaml.parser.ParserImpl.peekEvent(ParserImpl.java:166) ~[snakeyaml-1.30.jar:na]
	at org.yaml.snakeyaml.comments.CommentEventsCollector$1.peek(CommentEventsCollector.java:59) ~[snakeyaml-1.30.jar:na]
	at org.yaml.snakeyaml.comments.CommentEventsCollector$1.peek(CommentEventsCollector.java:45) ~[snakeyaml-1.30.jar:na]
	at org.yaml.snakeyaml.comments.CommentEventsCollector.collectEvents(CommentEventsCollector.java:140) ~[snakeyaml-1.30.jar:na]
	at org.yaml.snakeyaml.comments.CommentEventsCollector.collectEvents(CommentEventsCollector.java:119) ~[snakeyaml-1.30.jar:na]
	at org.yaml.snakeyaml.composer.Composer.composeMappingNode(Composer.java:293) ~[snakeyaml-1.30.jar:na]
	at org.yaml.snakeyaml.composer.Composer.composeNode(Composer.java:188) ~[snakeyaml-1.30.jar:na]
	at org.yaml.snakeyaml.composer.Composer.composeSequenceNode(Composer.java:245) ~[snakeyaml-1.30.jar:na]
	at org.yaml.snakeyaml.composer.Composer.composeNode(Composer.java:186) ~[snakeyaml-1.30.jar:na]
	at org.yaml.snakeyaml.composer.Composer.composeValueNode(Composer.java:314) ~[snakeyaml-1.30.jar:na]
	at org.yaml.snakeyaml.composer.Composer.composeMappingChildren(Composer.java:305) ~[snakeyaml-1.30.jar:na]
	at org.yaml.snakeyaml.composer.Composer.composeMappingNode(Composer.java:286) ~[snakeyaml-1.30.jar:na]
	at org.yaml.snakeyaml.composer.Composer.composeNode(Composer.java:188) ~[snakeyaml-1.30.jar:na]
	at org.yaml.snakeyaml.composer.Composer.getNode(Composer.java:115) ~[snakeyaml-1.30.jar:na]
	at org.yaml.snakeyaml.composer.Composer.getSingleNode(Composer.java:142) ~[snakeyaml-1.30.jar:na]
	at org.yaml.snakeyaml.constructor.BaseConstructor.getSingleData(BaseConstructor.java:151) ~[snakeyaml-1.30.jar:na]
	at org.yaml.snakeyaml.Yaml.loadFromReader(Yaml.java:491) ~[snakeyaml-1.30.jar:na]
	at org.yaml.snakeyaml.Yaml.load(Yaml.java:429) ~[snakeyaml-1.30.jar:na]
	at liquibase.parser.core.yaml.YamlChangeLogParser.parseYamlStream(YamlChangeLogParser.java:96) ~[liquibase-core-4.9.1.jar:na]
	... 31 common frames omitted

2022-08-31 18:07:52.165  INFO 15584 --- [main] com.artem.spring.ApplicationRunner       : Starting ApplicationRunner using Java 17.0.3 on LAPTOP-FTAQH9L7 with PID 15584 (D:\IT\Projects\Spring-starter\build\classes\java\main started by killa in D:\IT\Projects\Spring-starter)
2022-08-31 18:07:52.168  INFO 15584 --- [main] com.artem.spring.ApplicationRunner       : The following 1 profile is active: "qa"
2022-08-31 18:07:52.535  INFO 15584 --- [main] .s.d.r.c.RepositoryConfigurationDelegate : Bootstrapping Spring Data JPA repositories in DEFAULT mode.
2022-08-31 18:07:52.594  INFO 15584 --- [main] .s.d.r.c.RepositoryConfigurationDelegate : Finished Spring Data repository scanning in 54 ms. Found 2 JPA repository interfaces.
2022-08-31 18:07:52.995  INFO 15584 --- [main] com.zaxxer.hikari.HikariDataSource       : HikariPool-1 - Starting...
2022-08-31 18:07:53.135  INFO 15584 --- [main] com.zaxxer.hikari.HikariDataSource       : HikariPool-1 - Start completed.
2022-08-31 18:07:53.231  INFO 15584 --- [main] liquibase.database                       : Set default schema name to public
2022-08-31 18:07:53.322  INFO 15584 --- [main] liquibase.lockservice                    : Successfully acquired change log lock
2022-08-31 18:07:53.345  INFO 15584 --- [main] liquibase.lockservice                    : Successfully released change log lock
2022-08-31 18:07:53.351  WARN 15584 --- [main] s.c.a.AnnotationConfigApplicationContext : Exception encountered during context initialization - cancelling refresh attempt: org.springframework.beans.factory.BeanCreationException: Error creating bean with name 'liquibase' defined in class path resource [org/springframework/boot/autoconfigure/liquibase/LiquibaseAutoConfiguration$LiquibaseConfiguration.class]: Invocation of init method failed; nested exception is liquibase.exception.ChangeLogParseException: Error parsing classpath:/db/changelog/db.changelog-master.yaml
2022-08-31 18:07:53.351  INFO 15584 --- [main] com.zaxxer.hikari.HikariDataSource       : HikariPool-1 - Shutdown initiated...
2022-08-31 18:07:53.355  INFO 15584 --- [main] com.zaxxer.hikari.HikariDataSource       : HikariPool-1 - Shutdown completed.
2022-08-31 18:07:53.363  INFO 15584 --- [main] ConditionEvaluationReportLoggingListener : 

Error starting ApplicationContext. To display the conditions report re-run your application with 'debug' enabled.
2022-08-31 18:07:53.380 ERROR 15584 --- [main] o.s.boot.SpringApplication               : Application run failed

org.springframework.beans.factory.BeanCreationException: Error creating bean with name 'liquibase' defined in class path resource [org/springframework/boot/autoconfigure/liquibase/LiquibaseAutoConfiguration$LiquibaseConfiguration.class]: Invocation of init method failed; nested exception is liquibase.exception.ChangeLogParseException: Error parsing classpath:/db/changelog/db.changelog-master.yaml
	at org.springframework.beans.factory.support.AbstractAutowireCapableBeanFactory.initializeBean(AbstractAutowireCapableBeanFactory.java:1804) ~[spring-beans-5.3.21.jar:5.3.21]
	at org.springframework.beans.factory.support.AbstractAutowireCapableBeanFactory.doCreateBean(AbstractAutowireCapableBeanFactory.java:620) ~[spring-beans-5.3.21.jar:5.3.21]
	at org.springframework.beans.factory.support.AbstractAutowireCapableBeanFactory.createBean(AbstractAutowireCapableBeanFactory.java:542) ~[spring-beans-5.3.21.jar:5.3.21]
	at org.springframework.beans.factory.support.AbstractBeanFactory.lambda$doGetBean$0(AbstractBeanFactory.java:335) ~[spring-beans-5.3.21.jar:5.3.21]
	at org.springframework.beans.factory.support.DefaultSingletonBeanRegistry.getSingleton(DefaultSingletonBeanRegistry.java:234) ~[spring-beans-5.3.21.jar:5.3.21]
	at org.springframework.beans.factory.support.AbstractBeanFactory.doGetBean(AbstractBeanFactory.java:333) ~[spring-beans-5.3.21.jar:5.3.21]
	at org.springframework.beans.factory.support.AbstractBeanFactory.getBean(AbstractBeanFactory.java:208) ~[spring-beans-5.3.21.jar:5.3.21]
	at org.springframework.beans.factory.support.AbstractBeanFactory.doGetBean(AbstractBeanFactory.java:322) ~[spring-beans-5.3.21.jar:5.3.21]
	at org.springframework.beans.factory.support.AbstractBeanFactory.getBean(AbstractBeanFactory.java:208) ~[spring-beans-5.3.21.jar:5.3.21]
	at org.springframework.context.support.AbstractApplicationContext.getBean(AbstractApplicationContext.java:1154) ~[spring-context-5.3.21.jar:5.3.21]
	at org.springframework.context.support.AbstractApplicationContext.finishBeanFactoryInitialization(AbstractApplicationContext.java:908) ~[spring-context-5.3.21.jar:5.3.21]
	at org.springframework.context.support.AbstractApplicationContext.refresh(AbstractApplicationContext.java:583) ~[spring-context-5.3.21.jar:5.3.21]
	at org.springframework.boot.SpringApplication.refresh(SpringApplication.java:734) ~[spring-boot-2.7.1.jar:2.7.1]
	at org.springframework.boot.SpringApplication.refreshContext(SpringApplication.java:408) ~[spring-boot-2.7.1.jar:2.7.1]
	at org.springframework.boot.SpringApplication.run(SpringApplication.java:308) ~[spring-boot-2.7.1.jar:2.7.1]
	at org.springframework.boot.SpringApplication.run(SpringApplication.java:1306) ~[spring-boot-2.7.1.jar:2.7.1]
	at org.springframework.boot.SpringApplication.run(SpringApplication.java:1295) ~[spring-boot-2.7.1.jar:2.7.1]
	at com.artem.spring.ApplicationRunner.main(ApplicationRunner.java:13) ~[main/:na]
Caused by: liquibase.exception.ChangeLogParseException: Error parsing classpath:/db/changelog/db.changelog-master.yaml
	at liquibase.parser.core.yaml.YamlChangeLogParser.parse(YamlChangeLogParser.java:89) ~[liquibase-core-4.9.1.jar:na]
	at liquibase.Liquibase.getDatabaseChangeLog(Liquibase.java:369) ~[liquibase-core-4.9.1.jar:na]
	at liquibase.Liquibase.lambda$update$1(Liquibase.java:224) ~[liquibase-core-4.9.1.jar:na]
	at liquibase.Scope.lambda$child$0(Scope.java:180) ~[liquibase-core-4.9.1.jar:na]
	at liquibase.Scope.child(Scope.java:189) ~[liquibase-core-4.9.1.jar:na]
	at liquibase.Scope.child(Scope.java:179) ~[liquibase-core-4.9.1.jar:na]
	at liquibase.Scope.child(Scope.java:158) ~[liquibase-core-4.9.1.jar:na]
	at liquibase.Liquibase.runInScope(Liquibase.java:2405) ~[liquibase-core-4.9.1.jar:na]
	at liquibase.Liquibase.update(Liquibase.java:211) ~[liquibase-core-4.9.1.jar:na]
	at liquibase.Liquibase.update(Liquibase.java:197) ~[liquibase-core-4.9.1.jar:na]
	at liquibase.integration.spring.SpringLiquibase.performUpdate(SpringLiquibase.java:314) ~[liquibase-core-4.9.1.jar:na]
	at liquibase.integration.spring.SpringLiquibase.afterPropertiesSet(SpringLiquibase.java:269) ~[liquibase-core-4.9.1.jar:na]
	at org.springframework.beans.factory.support.AbstractAutowireCapableBeanFactory.invokeInitMethods(AbstractAutowireCapableBeanFactory.java:1863) ~[spring-beans-5.3.21.jar:5.3.21]
	at org.springframework.beans.factory.support.AbstractAutowireCapableBeanFactory.initializeBean(AbstractAutowireCapableBeanFactory.java:1800) ~[spring-beans-5.3.21.jar:5.3.21]
	... 17 common frames omitted
Caused by: liquibase.exception.UnexpectedLiquibaseException: No 'file' attribute on 'include'
	at liquibase.changelog.DatabaseChangeLog.handleChildNode(DatabaseChangeLog.java:356) ~[liquibase-core-4.9.1.jar:na]
	at liquibase.changelog.DatabaseChangeLog.load(DatabaseChangeLog.java:318) ~[liquibase-core-4.9.1.jar:na]
	at liquibase.parser.core.yaml.YamlChangeLogParser.parse(YamlChangeLogParser.java:83) ~[liquibase-core-4.9.1.jar:na]
	... 30 common frames omitted

2022-08-31 18:09:39.001  INFO 26064 --- [main] com.artem.spring.ApplicationRunner       : Starting ApplicationRunner using Java 17.0.3 on LAPTOP-FTAQH9L7 with PID 26064 (D:\IT\Projects\Spring-starter\build\classes\java\main started by killa in D:\IT\Projects\Spring-starter)
2022-08-31 18:09:39.004  INFO 26064 --- [main] com.artem.spring.ApplicationRunner       : The following 1 profile is active: "qa"
2022-08-31 18:09:39.366  INFO 26064 --- [main] .s.d.r.c.RepositoryConfigurationDelegate : Bootstrapping Spring Data JPA repositories in DEFAULT mode.
2022-08-31 18:09:39.433  INFO 26064 --- [main] .s.d.r.c.RepositoryConfigurationDelegate : Finished Spring Data repository scanning in 59 ms. Found 2 JPA repository interfaces.
2022-08-31 18:09:39.841  INFO 26064 --- [main] com.zaxxer.hikari.HikariDataSource       : HikariPool-1 - Starting...
2022-08-31 18:09:39.974  INFO 26064 --- [main] com.zaxxer.hikari.HikariDataSource       : HikariPool-1 - Start completed.
2022-08-31 18:09:40.084  INFO 26064 --- [main] liquibase.database                       : Set default schema name to public
2022-08-31 18:09:40.193  INFO 26064 --- [main] liquibase.lockservice                    : Successfully acquired change log lock
2022-08-31 18:09:40.233  INFO 26064 --- [main] liquibase.changelog                      : Creating database history table with name: public.databasechangelog
2022-08-31 18:09:40.246  INFO 26064 --- [main] liquibase.changelog                      : Reading from public.databasechangelog
2022-08-31 18:09:40.309  INFO 26064 --- [main] liquibase.changelog                      : Custom SQL executed
2022-08-31 18:09:40.313  INFO 26064 --- [main] liquibase.changelog                      : ChangeSet db/changelog/db.changelog-1.0.sql::1::artem ran successfully in 21ms
2022-08-31 18:09:40.339  INFO 26064 --- [main] liquibase.changelog                      : Custom SQL executed
2022-08-31 18:09:40.342  INFO 26064 --- [main] liquibase.changelog                      : ChangeSet db/changelog/db.changelog-1.0.sql::2::artem ran successfully in 11ms
2022-08-31 18:09:40.357  INFO 26064 --- [main] liquibase.changelog                      : Custom SQL executed
2022-08-31 18:09:40.360  INFO 26064 --- [main] liquibase.changelog                      : ChangeSet db/changelog/db.changelog-1.0.sql::3::artem ran successfully in 13ms
2022-08-31 18:09:40.372  INFO 26064 --- [main] liquibase.changelog                      : Custom SQL executed
2022-08-31 18:09:40.375  INFO 26064 --- [main] liquibase.changelog                      : ChangeSet db/changelog/db.changelog-1.0.sql::4::artem ran successfully in 10ms
2022-08-31 18:09:40.389  INFO 26064 --- [main] liquibase.changelog                      : Custom SQL executed
2022-08-31 18:09:40.391  INFO 26064 --- [main] liquibase.changelog                      : ChangeSet db/changelog/db.changelog-1.0.sql::5::artem ran successfully in 11ms
2022-08-31 18:09:40.405  INFO 26064 --- [main] liquibase.changelog                      : Custom SQL executed
2022-08-31 18:09:40.408  INFO 26064 --- [main] liquibase.changelog                      : ChangeSet db/changelog/db.changelog-1.0.sql::6::artem ran successfully in 13ms
2022-08-31 18:09:40.417  INFO 26064 --- [main] liquibase.changelog                      : Custom SQL executed
2022-08-31 18:09:40.420  INFO 26064 --- [main] liquibase.changelog                      : ChangeSet db/changelog/db.changelog-2.0.sql::1::artem ran successfully in 8ms
2022-08-31 18:09:40.427  INFO 26064 --- [main] liquibase.lockservice                    : Successfully released change log lock
2022-08-31 18:09:40.509  INFO 26064 --- [main] o.hibernate.jpa.internal.util.LogHelper  : HHH000204: Processing PersistenceUnitInfo [name: default]
2022-08-31 18:09:40.557  INFO 26064 --- [main] org.hibernate.Version                    : HHH000412: Hibernate ORM core version 5.6.9.Final
2022-08-31 18:09:40.687  INFO 26064 --- [main] o.hibernate.annotations.common.Version   : HCANN000001: Hibernate Commons Annotations {5.1.2.Final}
2022-08-31 18:09:40.768  INFO 26064 --- [main] org.hibernate.dialect.Dialect            : HHH000400: Using dialect: org.hibernate.dialect.PostgreSQL10Dialect
2022-08-31 18:09:40.791  INFO 26064 --- [main] o.h.e.boot.internal.EnversServiceImpl    : Envers integration enabled? : true
2022-08-31 18:09:41.663 ERROR 26064 --- [main] j.LocalContainerEntityManagerFactoryBean : Failed to initialize JPA EntityManagerFactory: [PersistenceUnit: default] Unable to build Hibernate SessionFactory; nested exception is org.hibernate.tool.schema.spi.SchemaManagementException: Schema-validation: missing table [revision]
2022-08-31 18:09:41.664  WARN 26064 --- [main] s.c.a.AnnotationConfigApplicationContext : Exception encountered during context initialization - cancelling refresh attempt: org.springframework.beans.factory.BeanCreationException: Error creating bean with name 'entityManagerFactory' defined in class path resource [org/springframework/boot/autoconfigure/orm/jpa/HibernateJpaConfiguration.class]: Invocation of init method failed; nested exception is javax.persistence.PersistenceException: [PersistenceUnit: default] Unable to build Hibernate SessionFactory; nested exception is org.hibernate.tool.schema.spi.SchemaManagementException: Schema-validation: missing table [revision]
2022-08-31 18:09:41.664  INFO 26064 --- [main] com.zaxxer.hikari.HikariDataSource       : HikariPool-1 - Shutdown initiated...
2022-08-31 18:09:41.667  INFO 26064 --- [main] com.zaxxer.hikari.HikariDataSource       : HikariPool-1 - Shutdown completed.
2022-08-31 18:09:41.674  INFO 26064 --- [main] ConditionEvaluationReportLoggingListener : 

Error starting ApplicationContext. To display the conditions report re-run your application with 'debug' enabled.
2022-08-31 18:09:41.688 ERROR 26064 --- [main] o.s.boot.SpringApplication               : Application run failed

org.springframework.beans.factory.BeanCreationException: Error creating bean with name 'entityManagerFactory' defined in class path resource [org/springframework/boot/autoconfigure/orm/jpa/HibernateJpaConfiguration.class]: Invocation of init method failed; nested exception is javax.persistence.PersistenceException: [PersistenceUnit: default] Unable to build Hibernate SessionFactory; nested exception is org.hibernate.tool.schema.spi.SchemaManagementException: Schema-validation: missing table [revision]
	at org.springframework.beans.factory.support.AbstractAutowireCapableBeanFactory.initializeBean(AbstractAutowireCapableBeanFactory.java:1804) ~[spring-beans-5.3.21.jar:5.3.21]
	at org.springframework.beans.factory.support.AbstractAutowireCapableBeanFactory.doCreateBean(AbstractAutowireCapableBeanFactory.java:620) ~[spring-beans-5.3.21.jar:5.3.21]
	at org.springframework.beans.factory.support.AbstractAutowireCapableBeanFactory.createBean(AbstractAutowireCapableBeanFactory.java:542) ~[spring-beans-5.3.21.jar:5.3.21]
	at org.springframework.beans.factory.support.AbstractBeanFactory.lambda$doGetBean$0(AbstractBeanFactory.java:335) ~[spring-beans-5.3.21.jar:5.3.21]
	at org.springframework.beans.factory.support.DefaultSingletonBeanRegistry.getSingleton(DefaultSingletonBeanRegistry.java:234) ~[spring-beans-5.3.21.jar:5.3.21]
	at org.springframework.beans.factory.support.AbstractBeanFactory.doGetBean(AbstractBeanFactory.java:333) ~[spring-beans-5.3.21.jar:5.3.21]
	at org.springframework.beans.factory.support.AbstractBeanFactory.getBean(AbstractBeanFactory.java:208) ~[spring-beans-5.3.21.jar:5.3.21]
	at org.springframework.context.support.AbstractApplicationContext.getBean(AbstractApplicationContext.java:1154) ~[spring-context-5.3.21.jar:5.3.21]
	at org.springframework.context.support.AbstractApplicationContext.finishBeanFactoryInitialization(AbstractApplicationContext.java:908) ~[spring-context-5.3.21.jar:5.3.21]
	at org.springframework.context.support.AbstractApplicationContext.refresh(AbstractApplicationContext.java:583) ~[spring-context-5.3.21.jar:5.3.21]
	at org.springframework.boot.SpringApplication.refresh(SpringApplication.java:734) ~[spring-boot-2.7.1.jar:2.7.1]
	at org.springframework.boot.SpringApplication.refreshContext(SpringApplication.java:408) ~[spring-boot-2.7.1.jar:2.7.1]
	at org.springframework.boot.SpringApplication.run(SpringApplication.java:308) ~[spring-boot-2.7.1.jar:2.7.1]
	at org.springframework.boot.SpringApplication.run(SpringApplication.java:1306) ~[spring-boot-2.7.1.jar:2.7.1]
	at org.springframework.boot.SpringApplication.run(SpringApplication.java:1295) ~[spring-boot-2.7.1.jar:2.7.1]
	at com.artem.spring.ApplicationRunner.main(ApplicationRunner.java:13) ~[main/:na]
Caused by: javax.persistence.PersistenceException: [PersistenceUnit: default] Unable to build Hibernate SessionFactory; nested exception is org.hibernate.tool.schema.spi.SchemaManagementException: Schema-validation: missing table [revision]
	at org.springframework.orm.jpa.AbstractEntityManagerFactoryBean.buildNativeEntityManagerFactory(AbstractEntityManagerFactoryBean.java:421) ~[spring-orm-5.3.21.jar:5.3.21]
	at org.springframework.orm.jpa.AbstractEntityManagerFactoryBean.afterPropertiesSet(AbstractEntityManagerFactoryBean.java:396) ~[spring-orm-5.3.21.jar:5.3.21]
	at org.springframework.orm.jpa.LocalContainerEntityManagerFactoryBean.afterPropertiesSet(LocalContainerEntityManagerFactoryBean.java:341) ~[spring-orm-5.3.21.jar:5.3.21]
	at org.springframework.beans.factory.support.AbstractAutowireCapableBeanFactory.invokeInitMethods(AbstractAutowireCapableBeanFactory.java:1863) ~[spring-beans-5.3.21.jar:5.3.21]
	at org.springframework.beans.factory.support.AbstractAutowireCapableBeanFactory.initializeBean(AbstractAutowireCapableBeanFactory.java:1800) ~[spring-beans-5.3.21.jar:5.3.21]
	... 15 common frames omitted
Caused by: org.hibernate.tool.schema.spi.SchemaManagementException: Schema-validation: missing table [revision]
	at org.hibernate.tool.schema.internal.AbstractSchemaValidator.validateTable(AbstractSchemaValidator.java:129) ~[hibernate-core-5.6.9.Final.jar:5.6.9.Final]
	at org.hibernate.tool.schema.internal.GroupedSchemaValidatorImpl.validateTables(GroupedSchemaValidatorImpl.java:42) ~[hibernate-core-5.6.9.Final.jar:5.6.9.Final]
	at org.hibernate.tool.schema.internal.AbstractSchemaValidator.performValidation(AbstractSchemaValidator.java:97) ~[hibernate-core-5.6.9.Final.jar:5.6.9.Final]
	at org.hibernate.tool.schema.internal.AbstractSchemaValidator.doValidation(AbstractSchemaValidator.java:76) ~[hibernate-core-5.6.9.Final.jar:5.6.9.Final]
	at org.hibernate.tool.schema.spi.SchemaManagementToolCoordinator.performDatabaseAction(SchemaManagementToolCoordinator.java:204) ~[hibernate-core-5.6.9.Final.jar:5.6.9.Final]
	at org.hibernate.tool.schema.spi.SchemaManagementToolCoordinator.process(SchemaManagementToolCoordinator.java:85) ~[hibernate-core-5.6.9.Final.jar:5.6.9.Final]
	at org.hibernate.internal.SessionFactoryImpl.<init>(SessionFactoryImpl.java:335) ~[hibernate-core-5.6.9.Final.jar:5.6.9.Final]
	at org.hibernate.boot.internal.SessionFactoryBuilderImpl.build(SessionFactoryBuilderImpl.java:471) ~[hibernate-core-5.6.9.Final.jar:5.6.9.Final]
	at org.hibernate.jpa.boot.internal.EntityManagerFactoryBuilderImpl.build(EntityManagerFactoryBuilderImpl.java:1498) ~[hibernate-core-5.6.9.Final.jar:5.6.9.Final]
	at org.springframework.orm.jpa.vendor.SpringHibernateJpaPersistenceProvider.createContainerEntityManagerFactory(SpringHibernateJpaPersistenceProvider.java:58) ~[spring-orm-5.3.21.jar:5.3.21]
	at org.springframework.orm.jpa.LocalContainerEntityManagerFactoryBean.createNativeEntityManagerFactory(LocalContainerEntityManagerFactoryBean.java:365) ~[spring-orm-5.3.21.jar:5.3.21]
	at org.springframework.orm.jpa.AbstractEntityManagerFactoryBean.buildNativeEntityManagerFactory(AbstractEntityManagerFactoryBean.java:409) ~[spring-orm-5.3.21.jar:5.3.21]
	... 19 common frames omitted

2022-08-31 18:21:14.914  INFO 24064 --- [main] com.artem.spring.ApplicationRunner       : Starting ApplicationRunner using Java 17.0.3 on LAPTOP-FTAQH9L7 with PID 24064 (D:\IT\Projects\Spring-starter\build\classes\java\main started by killa in D:\IT\Projects\Spring-starter)
2022-08-31 18:21:14.917  INFO 24064 --- [main] com.artem.spring.ApplicationRunner       : The following 1 profile is active: "qa"
2022-08-31 18:21:15.294  INFO 24064 --- [main] .s.d.r.c.RepositoryConfigurationDelegate : Bootstrapping Spring Data JPA repositories in DEFAULT mode.
2022-08-31 18:21:15.362  INFO 24064 --- [main] .s.d.r.c.RepositoryConfigurationDelegate : Finished Spring Data repository scanning in 59 ms. Found 2 JPA repository interfaces.
2022-08-31 18:21:15.794  INFO 24064 --- [main] com.zaxxer.hikari.HikariDataSource       : HikariPool-1 - Starting...
2022-08-31 18:21:15.932  INFO 24064 --- [main] com.zaxxer.hikari.HikariDataSource       : HikariPool-1 - Start completed.
2022-08-31 18:21:16.047  INFO 24064 --- [main] liquibase.database                       : Set default schema name to public
2022-08-31 18:21:16.152  INFO 24064 --- [main] liquibase.lockservice                    : Successfully acquired change log lock
2022-08-31 18:21:16.253  INFO 24064 --- [main] liquibase.changelog                      : Reading from public.databasechangelog
2022-08-31 18:21:16.316  INFO 24064 --- [main] liquibase.changelog                      : Custom SQL executed
2022-08-31 18:21:16.320  INFO 24064 --- [main] liquibase.changelog                      : ChangeSet db/changelog/db.changelog-2.1.sql::1::artem ran successfully in 16ms
2022-08-31 18:21:16.344  INFO 24064 --- [main] liquibase.changelog                      : Custom SQL executed
2022-08-31 18:21:16.347  INFO 24064 --- [main] liquibase.changelog                      : ChangeSet db/changelog/db.changelog-2.1.sql::2::artem ran successfully in 10ms
2022-08-31 18:21:16.355  INFO 24064 --- [main] liquibase.lockservice                    : Successfully released change log lock
2022-08-31 18:21:16.431  INFO 24064 --- [main] o.hibernate.jpa.internal.util.LogHelper  : HHH000204: Processing PersistenceUnitInfo [name: default]
2022-08-31 18:21:16.464  INFO 24064 --- [main] org.hibernate.Version                    : HHH000412: Hibernate ORM core version 5.6.9.Final
2022-08-31 18:21:16.546  INFO 24064 --- [main] o.hibernate.annotations.common.Version   : HCANN000001: Hibernate Commons Annotations {5.1.2.Final}
2022-08-31 18:21:16.604  INFO 24064 --- [main] org.hibernate.dialect.Dialect            : HHH000400: Using dialect: org.hibernate.dialect.PostgreSQL10Dialect
2022-08-31 18:21:16.629  INFO 24064 --- [main] o.h.e.boot.internal.EnversServiceImpl    : Envers integration enabled? : true
2022-08-31 18:21:17.379 ERROR 24064 --- [main] j.LocalContainerEntityManagerFactoryBean : Failed to initialize JPA EntityManagerFactory: [PersistenceUnit: default] Unable to build Hibernate SessionFactory; nested exception is org.hibernate.tool.schema.spi.SchemaManagementException: Schema-validation: missing column [time_stamp] in table [revision]
2022-08-31 18:21:17.379  WARN 24064 --- [main] s.c.a.AnnotationConfigApplicationContext : Exception encountered during context initialization - cancelling refresh attempt: org.springframework.beans.factory.BeanCreationException: Error creating bean with name 'entityManagerFactory' defined in class path resource [org/springframework/boot/autoconfigure/orm/jpa/HibernateJpaConfiguration.class]: Invocation of init method failed; nested exception is javax.persistence.PersistenceException: [PersistenceUnit: default] Unable to build Hibernate SessionFactory; nested exception is org.hibernate.tool.schema.spi.SchemaManagementException: Schema-validation: missing column [time_stamp] in table [revision]
2022-08-31 18:21:17.379  INFO 24064 --- [main] com.zaxxer.hikari.HikariDataSource       : HikariPool-1 - Shutdown initiated...
2022-08-31 18:21:17.383  INFO 24064 --- [main] com.zaxxer.hikari.HikariDataSource       : HikariPool-1 - Shutdown completed.
2022-08-31 18:21:17.389  INFO 24064 --- [main] ConditionEvaluationReportLoggingListener : 

Error starting ApplicationContext. To display the conditions report re-run your application with 'debug' enabled.
2022-08-31 18:21:17.404 ERROR 24064 --- [main] o.s.boot.SpringApplication               : Application run failed

org.springframework.beans.factory.BeanCreationException: Error creating bean with name 'entityManagerFactory' defined in class path resource [org/springframework/boot/autoconfigure/orm/jpa/HibernateJpaConfiguration.class]: Invocation of init method failed; nested exception is javax.persistence.PersistenceException: [PersistenceUnit: default] Unable to build Hibernate SessionFactory; nested exception is org.hibernate.tool.schema.spi.SchemaManagementException: Schema-validation: missing column [time_stamp] in table [revision]
	at org.springframework.beans.factory.support.AbstractAutowireCapableBeanFactory.initializeBean(AbstractAutowireCapableBeanFactory.java:1804) ~[spring-beans-5.3.21.jar:5.3.21]
	at org.springframework.beans.factory.support.AbstractAutowireCapableBeanFactory.doCreateBean(AbstractAutowireCapableBeanFactory.java:620) ~[spring-beans-5.3.21.jar:5.3.21]
	at org.springframework.beans.factory.support.AbstractAutowireCapableBeanFactory.createBean(AbstractAutowireCapableBeanFactory.java:542) ~[spring-beans-5.3.21.jar:5.3.21]
	at org.springframework.beans.factory.support.AbstractBeanFactory.lambda$doGetBean$0(AbstractBeanFactory.java:335) ~[spring-beans-5.3.21.jar:5.3.21]
	at org.springframework.beans.factory.support.DefaultSingletonBeanRegistry.getSingleton(DefaultSingletonBeanRegistry.java:234) ~[spring-beans-5.3.21.jar:5.3.21]
	at org.springframework.beans.factory.support.AbstractBeanFactory.doGetBean(AbstractBeanFactory.java:333) ~[spring-beans-5.3.21.jar:5.3.21]
	at org.springframework.beans.factory.support.AbstractBeanFactory.getBean(AbstractBeanFactory.java:208) ~[spring-beans-5.3.21.jar:5.3.21]
	at org.springframework.context.support.AbstractApplicationContext.getBean(AbstractApplicationContext.java:1154) ~[spring-context-5.3.21.jar:5.3.21]
	at org.springframework.context.support.AbstractApplicationContext.finishBeanFactoryInitialization(AbstractApplicationContext.java:908) ~[spring-context-5.3.21.jar:5.3.21]
	at org.springframework.context.support.AbstractApplicationContext.refresh(AbstractApplicationContext.java:583) ~[spring-context-5.3.21.jar:5.3.21]
	at org.springframework.boot.SpringApplication.refresh(SpringApplication.java:734) ~[spring-boot-2.7.1.jar:2.7.1]
	at org.springframework.boot.SpringApplication.refreshContext(SpringApplication.java:408) ~[spring-boot-2.7.1.jar:2.7.1]
	at org.springframework.boot.SpringApplication.run(SpringApplication.java:308) ~[spring-boot-2.7.1.jar:2.7.1]
	at org.springframework.boot.SpringApplication.run(SpringApplication.java:1306) ~[spring-boot-2.7.1.jar:2.7.1]
	at org.springframework.boot.SpringApplication.run(SpringApplication.java:1295) ~[spring-boot-2.7.1.jar:2.7.1]
	at com.artem.spring.ApplicationRunner.main(ApplicationRunner.java:13) ~[main/:na]
Caused by: javax.persistence.PersistenceException: [PersistenceUnit: default] Unable to build Hibernate SessionFactory; nested exception is org.hibernate.tool.schema.spi.SchemaManagementException: Schema-validation: missing column [time_stamp] in table [revision]
	at org.springframework.orm.jpa.AbstractEntityManagerFactoryBean.buildNativeEntityManagerFactory(AbstractEntityManagerFactoryBean.java:421) ~[spring-orm-5.3.21.jar:5.3.21]
	at org.springframework.orm.jpa.AbstractEntityManagerFactoryBean.afterPropertiesSet(AbstractEntityManagerFactoryBean.java:396) ~[spring-orm-5.3.21.jar:5.3.21]
	at org.springframework.orm.jpa.LocalContainerEntityManagerFactoryBean.afterPropertiesSet(LocalContainerEntityManagerFactoryBean.java:341) ~[spring-orm-5.3.21.jar:5.3.21]
	at org.springframework.beans.factory.support.AbstractAutowireCapableBeanFactory.invokeInitMethods(AbstractAutowireCapableBeanFactory.java:1863) ~[spring-beans-5.3.21.jar:5.3.21]
	at org.springframework.beans.factory.support.AbstractAutowireCapableBeanFactory.initializeBean(AbstractAutowireCapableBeanFactory.java:1800) ~[spring-beans-5.3.21.jar:5.3.21]
	... 15 common frames omitted
Caused by: org.hibernate.tool.schema.spi.SchemaManagementException: Schema-validation: missing column [time_stamp] in table [revision]
	at org.hibernate.tool.schema.internal.AbstractSchemaValidator.validateTable(AbstractSchemaValidator.java:144) ~[hibernate-core-5.6.9.Final.jar:5.6.9.Final]
	at org.hibernate.tool.schema.internal.GroupedSchemaValidatorImpl.validateTables(GroupedSchemaValidatorImpl.java:42) ~[hibernate-core-5.6.9.Final.jar:5.6.9.Final]
	at org.hibernate.tool.schema.internal.AbstractSchemaValidator.performValidation(AbstractSchemaValidator.java:97) ~[hibernate-core-5.6.9.Final.jar:5.6.9.Final]
	at org.hibernate.tool.schema.internal.AbstractSchemaValidator.doValidation(AbstractSchemaValidator.java:76) ~[hibernate-core-5.6.9.Final.jar:5.6.9.Final]
	at org.hibernate.tool.schema.spi.SchemaManagementToolCoordinator.performDatabaseAction(SchemaManagementToolCoordinator.java:204) ~[hibernate-core-5.6.9.Final.jar:5.6.9.Final]
	at org.hibernate.tool.schema.spi.SchemaManagementToolCoordinator.process(SchemaManagementToolCoordinator.java:85) ~[hibernate-core-5.6.9.Final.jar:5.6.9.Final]
	at org.hibernate.internal.SessionFactoryImpl.<init>(SessionFactoryImpl.java:335) ~[hibernate-core-5.6.9.Final.jar:5.6.9.Final]
	at org.hibernate.boot.internal.SessionFactoryBuilderImpl.build(SessionFactoryBuilderImpl.java:471) ~[hibernate-core-5.6.9.Final.jar:5.6.9.Final]
	at org.hibernate.jpa.boot.internal.EntityManagerFactoryBuilderImpl.build(EntityManagerFactoryBuilderImpl.java:1498) ~[hibernate-core-5.6.9.Final.jar:5.6.9.Final]
	at org.springframework.orm.jpa.vendor.SpringHibernateJpaPersistenceProvider.createContainerEntityManagerFactory(SpringHibernateJpaPersistenceProvider.java:58) ~[spring-orm-5.3.21.jar:5.3.21]
	at org.springframework.orm.jpa.LocalContainerEntityManagerFactoryBean.createNativeEntityManagerFactory(LocalContainerEntityManagerFactoryBean.java:365) ~[spring-orm-5.3.21.jar:5.3.21]
	at org.springframework.orm.jpa.AbstractEntityManagerFactoryBean.buildNativeEntityManagerFactory(AbstractEntityManagerFactoryBean.java:409) ~[spring-orm-5.3.21.jar:5.3.21]
	... 19 common frames omitted

2022-08-31 18:21:32.945  INFO 41800 --- [main] com.artem.spring.ApplicationRunner       : Starting ApplicationRunner using Java 17.0.3 on LAPTOP-FTAQH9L7 with PID 41800 (D:\IT\Projects\Spring-starter\build\classes\java\main started by killa in D:\IT\Projects\Spring-starter)
2022-08-31 18:21:32.947  INFO 41800 --- [main] com.artem.spring.ApplicationRunner       : The following 1 profile is active: "qa"
2022-08-31 18:21:33.303  INFO 41800 --- [main] .s.d.r.c.RepositoryConfigurationDelegate : Bootstrapping Spring Data JPA repositories in DEFAULT mode.
2022-08-31 18:21:33.383  INFO 41800 --- [main] .s.d.r.c.RepositoryConfigurationDelegate : Finished Spring Data repository scanning in 72 ms. Found 2 JPA repository interfaces.
2022-08-31 18:21:33.800  INFO 41800 --- [main] com.zaxxer.hikari.HikariDataSource       : HikariPool-1 - Starting...
2022-08-31 18:21:33.936  INFO 41800 --- [main] com.zaxxer.hikari.HikariDataSource       : HikariPool-1 - Start completed.
2022-08-31 18:21:34.040  INFO 41800 --- [main] liquibase.database                       : Set default schema name to public
2022-08-31 18:21:34.118  INFO 41800 --- [main] liquibase.lockservice                    : Successfully acquired change log lock
2022-08-31 18:21:34.203  INFO 41800 --- [main] liquibase.changelog                      : Reading from public.databasechangelog
2022-08-31 18:21:34.251  INFO 41800 --- [main] liquibase.lockservice                    : Successfully released change log lock
2022-08-31 18:21:34.320  INFO 41800 --- [main] o.hibernate.jpa.internal.util.LogHelper  : HHH000204: Processing PersistenceUnitInfo [name: default]
2022-08-31 18:21:34.347  INFO 41800 --- [main] org.hibernate.Version                    : HHH000412: Hibernate ORM core version 5.6.9.Final
2022-08-31 18:21:34.420  INFO 41800 --- [main] o.hibernate.annotations.common.Version   : HCANN000001: Hibernate Commons Annotations {5.1.2.Final}
2022-08-31 18:21:34.475  INFO 41800 --- [main] org.hibernate.dialect.Dialect            : HHH000400: Using dialect: org.hibernate.dialect.PostgreSQL10Dialect
2022-08-31 18:21:34.500  INFO 41800 --- [main] o.h.e.boot.internal.EnversServiceImpl    : Envers integration enabled? : true
2022-08-31 18:21:35.188 ERROR 41800 --- [main] j.LocalContainerEntityManagerFactoryBean : Failed to initialize JPA EntityManagerFactory: [PersistenceUnit: default] Unable to build Hibernate SessionFactory; nested exception is org.hibernate.tool.schema.spi.SchemaManagementException: Schema-validation: missing column [time_stamp] in table [revision]
2022-08-31 18:21:35.189  WARN 41800 --- [main] s.c.a.AnnotationConfigApplicationContext : Exception encountered during context initialization - cancelling refresh attempt: org.springframework.beans.factory.BeanCreationException: Error creating bean with name 'entityManagerFactory' defined in class path resource [org/springframework/boot/autoconfigure/orm/jpa/HibernateJpaConfiguration.class]: Invocation of init method failed; nested exception is javax.persistence.PersistenceException: [PersistenceUnit: default] Unable to build Hibernate SessionFactory; nested exception is org.hibernate.tool.schema.spi.SchemaManagementException: Schema-validation: missing column [time_stamp] in table [revision]
2022-08-31 18:21:35.189  INFO 41800 --- [main] com.zaxxer.hikari.HikariDataSource       : HikariPool-1 - Shutdown initiated...
2022-08-31 18:21:35.192  INFO 41800 --- [main] com.zaxxer.hikari.HikariDataSource       : HikariPool-1 - Shutdown completed.
2022-08-31 18:21:35.198  INFO 41800 --- [main] ConditionEvaluationReportLoggingListener : 

Error starting ApplicationContext. To display the conditions report re-run your application with 'debug' enabled.
2022-08-31 18:21:35.212 ERROR 41800 --- [main] o.s.boot.SpringApplication               : Application run failed

org.springframework.beans.factory.BeanCreationException: Error creating bean with name 'entityManagerFactory' defined in class path resource [org/springframework/boot/autoconfigure/orm/jpa/HibernateJpaConfiguration.class]: Invocation of init method failed; nested exception is javax.persistence.PersistenceException: [PersistenceUnit: default] Unable to build Hibernate SessionFactory; nested exception is org.hibernate.tool.schema.spi.SchemaManagementException: Schema-validation: missing column [time_stamp] in table [revision]
	at org.springframework.beans.factory.support.AbstractAutowireCapableBeanFactory.initializeBean(AbstractAutowireCapableBeanFactory.java:1804) ~[spring-beans-5.3.21.jar:5.3.21]
	at org.springframework.beans.factory.support.AbstractAutowireCapableBeanFactory.doCreateBean(AbstractAutowireCapableBeanFactory.java:620) ~[spring-beans-5.3.21.jar:5.3.21]
	at org.springframework.beans.factory.support.AbstractAutowireCapableBeanFactory.createBean(AbstractAutowireCapableBeanFactory.java:542) ~[spring-beans-5.3.21.jar:5.3.21]
	at org.springframework.beans.factory.support.AbstractBeanFactory.lambda$doGetBean$0(AbstractBeanFactory.java:335) ~[spring-beans-5.3.21.jar:5.3.21]
	at org.springframework.beans.factory.support.DefaultSingletonBeanRegistry.getSingleton(DefaultSingletonBeanRegistry.java:234) ~[spring-beans-5.3.21.jar:5.3.21]
	at org.springframework.beans.factory.support.AbstractBeanFactory.doGetBean(AbstractBeanFactory.java:333) ~[spring-beans-5.3.21.jar:5.3.21]
	at org.springframework.beans.factory.support.AbstractBeanFactory.getBean(AbstractBeanFactory.java:208) ~[spring-beans-5.3.21.jar:5.3.21]
	at org.springframework.context.support.AbstractApplicationContext.getBean(AbstractApplicationContext.java:1154) ~[spring-context-5.3.21.jar:5.3.21]
	at org.springframework.context.support.AbstractApplicationContext.finishBeanFactoryInitialization(AbstractApplicationContext.java:908) ~[spring-context-5.3.21.jar:5.3.21]
	at org.springframework.context.support.AbstractApplicationContext.refresh(AbstractApplicationContext.java:583) ~[spring-context-5.3.21.jar:5.3.21]
	at org.springframework.boot.SpringApplication.refresh(SpringApplication.java:734) ~[spring-boot-2.7.1.jar:2.7.1]
	at org.springframework.boot.SpringApplication.refreshContext(SpringApplication.java:408) ~[spring-boot-2.7.1.jar:2.7.1]
	at org.springframework.boot.SpringApplication.run(SpringApplication.java:308) ~[spring-boot-2.7.1.jar:2.7.1]
	at org.springframework.boot.SpringApplication.run(SpringApplication.java:1306) ~[spring-boot-2.7.1.jar:2.7.1]
	at org.springframework.boot.SpringApplication.run(SpringApplication.java:1295) ~[spring-boot-2.7.1.jar:2.7.1]
	at com.artem.spring.ApplicationRunner.main(ApplicationRunner.java:13) ~[main/:na]
Caused by: javax.persistence.PersistenceException: [PersistenceUnit: default] Unable to build Hibernate SessionFactory; nested exception is org.hibernate.tool.schema.spi.SchemaManagementException: Schema-validation: missing column [time_stamp] in table [revision]
	at org.springframework.orm.jpa.AbstractEntityManagerFactoryBean.buildNativeEntityManagerFactory(AbstractEntityManagerFactoryBean.java:421) ~[spring-orm-5.3.21.jar:5.3.21]
	at org.springframework.orm.jpa.AbstractEntityManagerFactoryBean.afterPropertiesSet(AbstractEntityManagerFactoryBean.java:396) ~[spring-orm-5.3.21.jar:5.3.21]
	at org.springframework.orm.jpa.LocalContainerEntityManagerFactoryBean.afterPropertiesSet(LocalContainerEntityManagerFactoryBean.java:341) ~[spring-orm-5.3.21.jar:5.3.21]
	at org.springframework.beans.factory.support.AbstractAutowireCapableBeanFactory.invokeInitMethods(AbstractAutowireCapableBeanFactory.java:1863) ~[spring-beans-5.3.21.jar:5.3.21]
	at org.springframework.beans.factory.support.AbstractAutowireCapableBeanFactory.initializeBean(AbstractAutowireCapableBeanFactory.java:1800) ~[spring-beans-5.3.21.jar:5.3.21]
	... 15 common frames omitted
Caused by: org.hibernate.tool.schema.spi.SchemaManagementException: Schema-validation: missing column [time_stamp] in table [revision]
	at org.hibernate.tool.schema.internal.AbstractSchemaValidator.validateTable(AbstractSchemaValidator.java:144) ~[hibernate-core-5.6.9.Final.jar:5.6.9.Final]
	at org.hibernate.tool.schema.internal.GroupedSchemaValidatorImpl.validateTables(GroupedSchemaValidatorImpl.java:42) ~[hibernate-core-5.6.9.Final.jar:5.6.9.Final]
	at org.hibernate.tool.schema.internal.AbstractSchemaValidator.performValidation(AbstractSchemaValidator.java:97) ~[hibernate-core-5.6.9.Final.jar:5.6.9.Final]
	at org.hibernate.tool.schema.internal.AbstractSchemaValidator.doValidation(AbstractSchemaValidator.java:76) ~[hibernate-core-5.6.9.Final.jar:5.6.9.Final]
	at org.hibernate.tool.schema.spi.SchemaManagementToolCoordinator.performDatabaseAction(SchemaManagementToolCoordinator.java:204) ~[hibernate-core-5.6.9.Final.jar:5.6.9.Final]
	at org.hibernate.tool.schema.spi.SchemaManagementToolCoordinator.process(SchemaManagementToolCoordinator.java:85) ~[hibernate-core-5.6.9.Final.jar:5.6.9.Final]
	at org.hibernate.internal.SessionFactoryImpl.<init>(SessionFactoryImpl.java:335) ~[hibernate-core-5.6.9.Final.jar:5.6.9.Final]
	at org.hibernate.boot.internal.SessionFactoryBuilderImpl.build(SessionFactoryBuilderImpl.java:471) ~[hibernate-core-5.6.9.Final.jar:5.6.9.Final]
	at org.hibernate.jpa.boot.internal.EntityManagerFactoryBuilderImpl.build(EntityManagerFactoryBuilderImpl.java:1498) ~[hibernate-core-5.6.9.Final.jar:5.6.9.Final]
	at org.springframework.orm.jpa.vendor.SpringHibernateJpaPersistenceProvider.createContainerEntityManagerFactory(SpringHibernateJpaPersistenceProvider.java:58) ~[spring-orm-5.3.21.jar:5.3.21]
	at org.springframework.orm.jpa.LocalContainerEntityManagerFactoryBean.createNativeEntityManagerFactory(LocalContainerEntityManagerFactoryBean.java:365) ~[spring-orm-5.3.21.jar:5.3.21]
	at org.springframework.orm.jpa.AbstractEntityManagerFactoryBean.buildNativeEntityManagerFactory(AbstractEntityManagerFactoryBean.java:409) ~[spring-orm-5.3.21.jar:5.3.21]
	... 19 common frames omitted

2022-08-31 18:23:06.725  INFO 1632 --- [main] com.artem.spring.ApplicationRunner       : Starting ApplicationRunner using Java 17.0.3 on LAPTOP-FTAQH9L7 with PID 1632 (D:\IT\Projects\Spring-starter\build\classes\java\main started by killa in D:\IT\Projects\Spring-starter)
2022-08-31 18:23:06.727  INFO 1632 --- [main] com.artem.spring.ApplicationRunner       : The following 1 profile is active: "qa"
2022-08-31 18:23:07.079  INFO 1632 --- [main] .s.d.r.c.RepositoryConfigurationDelegate : Bootstrapping Spring Data JPA repositories in DEFAULT mode.
2022-08-31 18:23:07.144  INFO 1632 --- [main] .s.d.r.c.RepositoryConfigurationDelegate : Finished Spring Data repository scanning in 59 ms. Found 2 JPA repository interfaces.
2022-08-31 18:23:07.577  INFO 1632 --- [main] com.zaxxer.hikari.HikariDataSource       : HikariPool-1 - Starting...
2022-08-31 18:23:07.714  INFO 1632 --- [main] com.zaxxer.hikari.HikariDataSource       : HikariPool-1 - Start completed.
2022-08-31 18:23:07.819  INFO 1632 --- [main] liquibase.database                       : Set default schema name to public
2022-08-31 18:23:07.915  INFO 1632 --- [main] liquibase.lockservice                    : Successfully acquired change log lock
2022-08-31 18:23:08.024  INFO 1632 --- [main] liquibase.changelog                      : Reading from public.databasechangelog
2022-08-31 18:23:08.063  INFO 1632 --- [main] liquibase.lockservice                    : Successfully released change log lock
2022-08-31 18:23:08.065  WARN 1632 --- [main] s.c.a.AnnotationConfigApplicationContext : Exception encountered during context initialization - cancelling refresh attempt: org.springframework.beans.factory.BeanCreationException: Error creating bean with name 'liquibase' defined in class path resource [org/springframework/boot/autoconfigure/liquibase/LiquibaseAutoConfiguration$LiquibaseConfiguration.class]: Invocation of init method failed; nested exception is liquibase.exception.ValidationFailedException: Validation Failed:
     1 change sets check sum
          db/changelog/db.changelog-2.1.sql::2::artem was: 8:e1a780bfd3416ff5d4e1f9783244aac1 but is now: 8:60228ae7a4c6e1094b01237a5efe5da4

2022-08-31 18:23:08.065  INFO 1632 --- [main] com.zaxxer.hikari.HikariDataSource       : HikariPool-1 - Shutdown initiated...
2022-08-31 18:23:08.069  INFO 1632 --- [main] com.zaxxer.hikari.HikariDataSource       : HikariPool-1 - Shutdown completed.
2022-08-31 18:23:08.076  INFO 1632 --- [main] ConditionEvaluationReportLoggingListener : 

Error starting ApplicationContext. To display the conditions report re-run your application with 'debug' enabled.
2022-08-31 18:23:08.091 ERROR 1632 --- [main] o.s.boot.SpringApplication               : Application run failed

org.springframework.beans.factory.BeanCreationException: Error creating bean with name 'liquibase' defined in class path resource [org/springframework/boot/autoconfigure/liquibase/LiquibaseAutoConfiguration$LiquibaseConfiguration.class]: Invocation of init method failed; nested exception is liquibase.exception.ValidationFailedException: Validation Failed:
     1 change sets check sum
          db/changelog/db.changelog-2.1.sql::2::artem was: 8:e1a780bfd3416ff5d4e1f9783244aac1 but is now: 8:60228ae7a4c6e1094b01237a5efe5da4

	at org.springframework.beans.factory.support.AbstractAutowireCapableBeanFactory.initializeBean(AbstractAutowireCapableBeanFactory.java:1804) ~[spring-beans-5.3.21.jar:5.3.21]
	at org.springframework.beans.factory.support.AbstractAutowireCapableBeanFactory.doCreateBean(AbstractAutowireCapableBeanFactory.java:620) ~[spring-beans-5.3.21.jar:5.3.21]
	at org.springframework.beans.factory.support.AbstractAutowireCapableBeanFactory.createBean(AbstractAutowireCapableBeanFactory.java:542) ~[spring-beans-5.3.21.jar:5.3.21]
	at org.springframework.beans.factory.support.AbstractBeanFactory.lambda$doGetBean$0(AbstractBeanFactory.java:335) ~[spring-beans-5.3.21.jar:5.3.21]
	at org.springframework.beans.factory.support.DefaultSingletonBeanRegistry.getSingleton(DefaultSingletonBeanRegistry.java:234) ~[spring-beans-5.3.21.jar:5.3.21]
	at org.springframework.beans.factory.support.AbstractBeanFactory.doGetBean(AbstractBeanFactory.java:333) ~[spring-beans-5.3.21.jar:5.3.21]
	at org.springframework.beans.factory.support.AbstractBeanFactory.getBean(AbstractBeanFactory.java:208) ~[spring-beans-5.3.21.jar:5.3.21]
	at org.springframework.beans.factory.support.AbstractBeanFactory.doGetBean(AbstractBeanFactory.java:322) ~[spring-beans-5.3.21.jar:5.3.21]
	at org.springframework.beans.factory.support.AbstractBeanFactory.getBean(AbstractBeanFactory.java:208) ~[spring-beans-5.3.21.jar:5.3.21]
	at org.springframework.context.support.AbstractApplicationContext.getBean(AbstractApplicationContext.java:1154) ~[spring-context-5.3.21.jar:5.3.21]
	at org.springframework.context.support.AbstractApplicationContext.finishBeanFactoryInitialization(AbstractApplicationContext.java:908) ~[spring-context-5.3.21.jar:5.3.21]
	at org.springframework.context.support.AbstractApplicationContext.refresh(AbstractApplicationContext.java:583) ~[spring-context-5.3.21.jar:5.3.21]
	at org.springframework.boot.SpringApplication.refresh(SpringApplication.java:734) ~[spring-boot-2.7.1.jar:2.7.1]
	at org.springframework.boot.SpringApplication.refreshContext(SpringApplication.java:408) ~[spring-boot-2.7.1.jar:2.7.1]
	at org.springframework.boot.SpringApplication.run(SpringApplication.java:308) ~[spring-boot-2.7.1.jar:2.7.1]
	at org.springframework.boot.SpringApplication.run(SpringApplication.java:1306) ~[spring-boot-2.7.1.jar:2.7.1]
	at org.springframework.boot.SpringApplication.run(SpringApplication.java:1295) ~[spring-boot-2.7.1.jar:2.7.1]
	at com.artem.spring.ApplicationRunner.main(ApplicationRunner.java:13) ~[main/:na]
Caused by: liquibase.exception.ValidationFailedException: Validation Failed:
     1 change sets check sum
          db/changelog/db.changelog-2.1.sql::2::artem was: 8:e1a780bfd3416ff5d4e1f9783244aac1 but is now: 8:60228ae7a4c6e1094b01237a5efe5da4

	at liquibase.changelog.DatabaseChangeLog.validate(DatabaseChangeLog.java:296) ~[liquibase-core-4.9.1.jar:na]
	at liquibase.Liquibase.lambda$update$1(Liquibase.java:231) ~[liquibase-core-4.9.1.jar:na]
	at liquibase.Scope.lambda$child$0(Scope.java:180) ~[liquibase-core-4.9.1.jar:na]
	at liquibase.Scope.child(Scope.java:189) ~[liquibase-core-4.9.1.jar:na]
	at liquibase.Scope.child(Scope.java:179) ~[liquibase-core-4.9.1.jar:na]
	at liquibase.Scope.child(Scope.java:158) ~[liquibase-core-4.9.1.jar:na]
	at liquibase.Liquibase.runInScope(Liquibase.java:2405) ~[liquibase-core-4.9.1.jar:na]
	at liquibase.Liquibase.update(Liquibase.java:211) ~[liquibase-core-4.9.1.jar:na]
	at liquibase.Liquibase.update(Liquibase.java:197) ~[liquibase-core-4.9.1.jar:na]
	at liquibase.integration.spring.SpringLiquibase.performUpdate(SpringLiquibase.java:314) ~[liquibase-core-4.9.1.jar:na]
	at liquibase.integration.spring.SpringLiquibase.afterPropertiesSet(SpringLiquibase.java:269) ~[liquibase-core-4.9.1.jar:na]
	at org.springframework.beans.factory.support.AbstractAutowireCapableBeanFactory.invokeInitMethods(AbstractAutowireCapableBeanFactory.java:1863) ~[spring-beans-5.3.21.jar:5.3.21]
	at org.springframework.beans.factory.support.AbstractAutowireCapableBeanFactory.initializeBean(AbstractAutowireCapableBeanFactory.java:1800) ~[spring-beans-5.3.21.jar:5.3.21]
	... 17 common frames omitted

2022-08-31 18:23:55.777  INFO 12460 --- [main] com.artem.spring.ApplicationRunner       : Starting ApplicationRunner using Java 17.0.3 on LAPTOP-FTAQH9L7 with PID 12460 (D:\IT\Projects\Spring-starter\build\classes\java\main started by killa in D:\IT\Projects\Spring-starter)
2022-08-31 18:23:55.780  INFO 12460 --- [main] com.artem.spring.ApplicationRunner       : The following 1 profile is active: "qa"
2022-08-31 18:23:56.129  INFO 12460 --- [main] .s.d.r.c.RepositoryConfigurationDelegate : Bootstrapping Spring Data JPA repositories in DEFAULT mode.
2022-08-31 18:23:56.192  INFO 12460 --- [main] .s.d.r.c.RepositoryConfigurationDelegate : Finished Spring Data repository scanning in 55 ms. Found 2 JPA repository interfaces.
2022-08-31 18:23:56.582  INFO 12460 --- [main] com.zaxxer.hikari.HikariDataSource       : HikariPool-1 - Starting...
2022-08-31 18:23:56.712  INFO 12460 --- [main] com.zaxxer.hikari.HikariDataSource       : HikariPool-1 - Start completed.
2022-08-31 18:23:56.818  INFO 12460 --- [main] liquibase.database                       : Set default schema name to public
2022-08-31 18:23:56.914  INFO 12460 --- [main] liquibase.lockservice                    : Successfully acquired change log lock
2022-08-31 18:23:57.027  INFO 12460 --- [main] liquibase.changelog                      : Reading from public.databasechangelog
2022-08-31 18:23:57.077  INFO 12460 --- [main] liquibase.lockservice                    : Successfully released change log lock
2022-08-31 18:23:57.146  INFO 12460 --- [main] o.hibernate.jpa.internal.util.LogHelper  : HHH000204: Processing PersistenceUnitInfo [name: default]
2022-08-31 18:23:57.179  INFO 12460 --- [main] org.hibernate.Version                    : HHH000412: Hibernate ORM core version 5.6.9.Final
2022-08-31 18:23:57.273  INFO 12460 --- [main] o.hibernate.annotations.common.Version   : HCANN000001: Hibernate Commons Annotations {5.1.2.Final}
2022-08-31 18:23:57.332  INFO 12460 --- [main] org.hibernate.dialect.Dialect            : HHH000400: Using dialect: org.hibernate.dialect.PostgreSQL10Dialect
2022-08-31 18:23:57.353  INFO 12460 --- [main] o.h.e.boot.internal.EnversServiceImpl    : Envers integration enabled? : true
2022-08-31 18:23:58.052 ERROR 12460 --- [main] j.LocalContainerEntityManagerFactoryBean : Failed to initialize JPA EntityManagerFactory: [PersistenceUnit: default] Unable to build Hibernate SessionFactory; nested exception is org.hibernate.tool.schema.spi.SchemaManagementException: Schema-validation: missing column [time_stamp] in table [revision]
2022-08-31 18:23:58.052  WARN 12460 --- [main] s.c.a.AnnotationConfigApplicationContext : Exception encountered during context initialization - cancelling refresh attempt: org.springframework.beans.factory.BeanCreationException: Error creating bean with name 'entityManagerFactory' defined in class path resource [org/springframework/boot/autoconfigure/orm/jpa/HibernateJpaConfiguration.class]: Invocation of init method failed; nested exception is javax.persistence.PersistenceException: [PersistenceUnit: default] Unable to build Hibernate SessionFactory; nested exception is org.hibernate.tool.schema.spi.SchemaManagementException: Schema-validation: missing column [time_stamp] in table [revision]
2022-08-31 18:23:58.053  INFO 12460 --- [main] com.zaxxer.hikari.HikariDataSource       : HikariPool-1 - Shutdown initiated...
2022-08-31 18:23:58.055  INFO 12460 --- [main] com.zaxxer.hikari.HikariDataSource       : HikariPool-1 - Shutdown completed.
2022-08-31 18:23:58.062  INFO 12460 --- [main] ConditionEvaluationReportLoggingListener : 

Error starting ApplicationContext. To display the conditions report re-run your application with 'debug' enabled.
2022-08-31 18:23:58.076 ERROR 12460 --- [main] o.s.boot.SpringApplication               : Application run failed

org.springframework.beans.factory.BeanCreationException: Error creating bean with name 'entityManagerFactory' defined in class path resource [org/springframework/boot/autoconfigure/orm/jpa/HibernateJpaConfiguration.class]: Invocation of init method failed; nested exception is javax.persistence.PersistenceException: [PersistenceUnit: default] Unable to build Hibernate SessionFactory; nested exception is org.hibernate.tool.schema.spi.SchemaManagementException: Schema-validation: missing column [time_stamp] in table [revision]
	at org.springframework.beans.factory.support.AbstractAutowireCapableBeanFactory.initializeBean(AbstractAutowireCapableBeanFactory.java:1804) ~[spring-beans-5.3.21.jar:5.3.21]
	at org.springframework.beans.factory.support.AbstractAutowireCapableBeanFactory.doCreateBean(AbstractAutowireCapableBeanFactory.java:620) ~[spring-beans-5.3.21.jar:5.3.21]
	at org.springframework.beans.factory.support.AbstractAutowireCapableBeanFactory.createBean(AbstractAutowireCapableBeanFactory.java:542) ~[spring-beans-5.3.21.jar:5.3.21]
	at org.springframework.beans.factory.support.AbstractBeanFactory.lambda$doGetBean$0(AbstractBeanFactory.java:335) ~[spring-beans-5.3.21.jar:5.3.21]
	at org.springframework.beans.factory.support.DefaultSingletonBeanRegistry.getSingleton(DefaultSingletonBeanRegistry.java:234) ~[spring-beans-5.3.21.jar:5.3.21]
	at org.springframework.beans.factory.support.AbstractBeanFactory.doGetBean(AbstractBeanFactory.java:333) ~[spring-beans-5.3.21.jar:5.3.21]
	at org.springframework.beans.factory.support.AbstractBeanFactory.getBean(AbstractBeanFactory.java:208) ~[spring-beans-5.3.21.jar:5.3.21]
	at org.springframework.context.support.AbstractApplicationContext.getBean(AbstractApplicationContext.java:1154) ~[spring-context-5.3.21.jar:5.3.21]
	at org.springframework.context.support.AbstractApplicationContext.finishBeanFactoryInitialization(AbstractApplicationContext.java:908) ~[spring-context-5.3.21.jar:5.3.21]
	at org.springframework.context.support.AbstractApplicationContext.refresh(AbstractApplicationContext.java:583) ~[spring-context-5.3.21.jar:5.3.21]
	at org.springframework.boot.SpringApplication.refresh(SpringApplication.java:734) ~[spring-boot-2.7.1.jar:2.7.1]
	at org.springframework.boot.SpringApplication.refreshContext(SpringApplication.java:408) ~[spring-boot-2.7.1.jar:2.7.1]
	at org.springframework.boot.SpringApplication.run(SpringApplication.java:308) ~[spring-boot-2.7.1.jar:2.7.1]
	at org.springframework.boot.SpringApplication.run(SpringApplication.java:1306) ~[spring-boot-2.7.1.jar:2.7.1]
	at org.springframework.boot.SpringApplication.run(SpringApplication.java:1295) ~[spring-boot-2.7.1.jar:2.7.1]
	at com.artem.spring.ApplicationRunner.main(ApplicationRunner.java:13) ~[main/:na]
Caused by: javax.persistence.PersistenceException: [PersistenceUnit: default] Unable to build Hibernate SessionFactory; nested exception is org.hibernate.tool.schema.spi.SchemaManagementException: Schema-validation: missing column [time_stamp] in table [revision]
	at org.springframework.orm.jpa.AbstractEntityManagerFactoryBean.buildNativeEntityManagerFactory(AbstractEntityManagerFactoryBean.java:421) ~[spring-orm-5.3.21.jar:5.3.21]
	at org.springframework.orm.jpa.AbstractEntityManagerFactoryBean.afterPropertiesSet(AbstractEntityManagerFactoryBean.java:396) ~[spring-orm-5.3.21.jar:5.3.21]
	at org.springframework.orm.jpa.LocalContainerEntityManagerFactoryBean.afterPropertiesSet(LocalContainerEntityManagerFactoryBean.java:341) ~[spring-orm-5.3.21.jar:5.3.21]
	at org.springframework.beans.factory.support.AbstractAutowireCapableBeanFactory.invokeInitMethods(AbstractAutowireCapableBeanFactory.java:1863) ~[spring-beans-5.3.21.jar:5.3.21]
	at org.springframework.beans.factory.support.AbstractAutowireCapableBeanFactory.initializeBean(AbstractAutowireCapableBeanFactory.java:1800) ~[spring-beans-5.3.21.jar:5.3.21]
	... 15 common frames omitted
Caused by: org.hibernate.tool.schema.spi.SchemaManagementException: Schema-validation: missing column [time_stamp] in table [revision]
	at org.hibernate.tool.schema.internal.AbstractSchemaValidator.validateTable(AbstractSchemaValidator.java:144) ~[hibernate-core-5.6.9.Final.jar:5.6.9.Final]
	at org.hibernate.tool.schema.internal.GroupedSchemaValidatorImpl.validateTables(GroupedSchemaValidatorImpl.java:42) ~[hibernate-core-5.6.9.Final.jar:5.6.9.Final]
	at org.hibernate.tool.schema.internal.AbstractSchemaValidator.performValidation(AbstractSchemaValidator.java:97) ~[hibernate-core-5.6.9.Final.jar:5.6.9.Final]
	at org.hibernate.tool.schema.internal.AbstractSchemaValidator.doValidation(AbstractSchemaValidator.java:76) ~[hibernate-core-5.6.9.Final.jar:5.6.9.Final]
	at org.hibernate.tool.schema.spi.SchemaManagementToolCoordinator.performDatabaseAction(SchemaManagementToolCoordinator.java:204) ~[hibernate-core-5.6.9.Final.jar:5.6.9.Final]
	at org.hibernate.tool.schema.spi.SchemaManagementToolCoordinator.process(SchemaManagementToolCoordinator.java:85) ~[hibernate-core-5.6.9.Final.jar:5.6.9.Final]
	at org.hibernate.internal.SessionFactoryImpl.<init>(SessionFactoryImpl.java:335) ~[hibernate-core-5.6.9.Final.jar:5.6.9.Final]
	at org.hibernate.boot.internal.SessionFactoryBuilderImpl.build(SessionFactoryBuilderImpl.java:471) ~[hibernate-core-5.6.9.Final.jar:5.6.9.Final]
	at org.hibernate.jpa.boot.internal.EntityManagerFactoryBuilderImpl.build(EntityManagerFactoryBuilderImpl.java:1498) ~[hibernate-core-5.6.9.Final.jar:5.6.9.Final]
	at org.springframework.orm.jpa.vendor.SpringHibernateJpaPersistenceProvider.createContainerEntityManagerFactory(SpringHibernateJpaPersistenceProvider.java:58) ~[spring-orm-5.3.21.jar:5.3.21]
	at org.springframework.orm.jpa.LocalContainerEntityManagerFactoryBean.createNativeEntityManagerFactory(LocalContainerEntityManagerFactoryBean.java:365) ~[spring-orm-5.3.21.jar:5.3.21]
	at org.springframework.orm.jpa.AbstractEntityManagerFactoryBean.buildNativeEntityManagerFactory(AbstractEntityManagerFactoryBean.java:409) ~[spring-orm-5.3.21.jar:5.3.21]
	... 19 common frames omitted

2022-08-31 18:24:53.688  INFO 5196 --- [main] com.artem.spring.ApplicationRunner       : Starting ApplicationRunner using Java 17.0.3 on LAPTOP-FTAQH9L7 with PID 5196 (D:\IT\Projects\Spring-starter\build\classes\java\main started by killa in D:\IT\Projects\Spring-starter)
2022-08-31 18:24:53.691  INFO 5196 --- [main] com.artem.spring.ApplicationRunner       : The following 1 profile is active: "qa"
2022-08-31 18:24:54.030  INFO 5196 --- [main] .s.d.r.c.RepositoryConfigurationDelegate : Bootstrapping Spring Data JPA repositories in DEFAULT mode.
2022-08-31 18:24:54.095  INFO 5196 --- [main] .s.d.r.c.RepositoryConfigurationDelegate : Finished Spring Data repository scanning in 58 ms. Found 2 JPA repository interfaces.
2022-08-31 18:24:54.491  INFO 5196 --- [main] com.zaxxer.hikari.HikariDataSource       : HikariPool-1 - Starting...
2022-08-31 18:24:54.622  INFO 5196 --- [main] com.zaxxer.hikari.HikariDataSource       : HikariPool-1 - Start completed.
2022-08-31 18:24:54.729  INFO 5196 --- [main] liquibase.database                       : Set default schema name to public
2022-08-31 18:24:54.825  INFO 5196 --- [main] liquibase.lockservice                    : Successfully acquired change log lock
2022-08-31 18:24:54.926  INFO 5196 --- [main] liquibase.changelog                      : Reading from public.databasechangelog
2022-08-31 18:24:54.966  INFO 5196 --- [main] liquibase.lockservice                    : Successfully released change log lock
2022-08-31 18:24:54.968  WARN 5196 --- [main] s.c.a.AnnotationConfigApplicationContext : Exception encountered during context initialization - cancelling refresh attempt: org.springframework.beans.factory.BeanCreationException: Error creating bean with name 'liquibase' defined in class path resource [org/springframework/boot/autoconfigure/liquibase/LiquibaseAutoConfiguration$LiquibaseConfiguration.class]: Invocation of init method failed; nested exception is liquibase.exception.ValidationFailedException: Validation Failed:
     1 change sets check sum
          db/changelog/db.changelog-2.1.sql::2::artem was: 8:e1a780bfd3416ff5d4e1f9783244aac1 but is now: 8:4be0aeb5e449a3461e1e549e177c8ecb

2022-08-31 18:24:54.968  INFO 5196 --- [main] com.zaxxer.hikari.HikariDataSource       : HikariPool-1 - Shutdown initiated...
2022-08-31 18:24:54.972  INFO 5196 --- [main] com.zaxxer.hikari.HikariDataSource       : HikariPool-1 - Shutdown completed.
2022-08-31 18:24:54.980  INFO 5196 --- [main] ConditionEvaluationReportLoggingListener : 

Error starting ApplicationContext. To display the conditions report re-run your application with 'debug' enabled.
2022-08-31 18:24:54.995 ERROR 5196 --- [main] o.s.boot.SpringApplication               : Application run failed

org.springframework.beans.factory.BeanCreationException: Error creating bean with name 'liquibase' defined in class path resource [org/springframework/boot/autoconfigure/liquibase/LiquibaseAutoConfiguration$LiquibaseConfiguration.class]: Invocation of init method failed; nested exception is liquibase.exception.ValidationFailedException: Validation Failed:
     1 change sets check sum
          db/changelog/db.changelog-2.1.sql::2::artem was: 8:e1a780bfd3416ff5d4e1f9783244aac1 but is now: 8:4be0aeb5e449a3461e1e549e177c8ecb

	at org.springframework.beans.factory.support.AbstractAutowireCapableBeanFactory.initializeBean(AbstractAutowireCapableBeanFactory.java:1804) ~[spring-beans-5.3.21.jar:5.3.21]
	at org.springframework.beans.factory.support.AbstractAutowireCapableBeanFactory.doCreateBean(AbstractAutowireCapableBeanFactory.java:620) ~[spring-beans-5.3.21.jar:5.3.21]
	at org.springframework.beans.factory.support.AbstractAutowireCapableBeanFactory.createBean(AbstractAutowireCapableBeanFactory.java:542) ~[spring-beans-5.3.21.jar:5.3.21]
	at org.springframework.beans.factory.support.AbstractBeanFactory.lambda$doGetBean$0(AbstractBeanFactory.java:335) ~[spring-beans-5.3.21.jar:5.3.21]
	at org.springframework.beans.factory.support.DefaultSingletonBeanRegistry.getSingleton(DefaultSingletonBeanRegistry.java:234) ~[spring-beans-5.3.21.jar:5.3.21]
	at org.springframework.beans.factory.support.AbstractBeanFactory.doGetBean(AbstractBeanFactory.java:333) ~[spring-beans-5.3.21.jar:5.3.21]
	at org.springframework.beans.factory.support.AbstractBeanFactory.getBean(AbstractBeanFactory.java:208) ~[spring-beans-5.3.21.jar:5.3.21]
	at org.springframework.beans.factory.support.AbstractBeanFactory.doGetBean(AbstractBeanFactory.java:322) ~[spring-beans-5.3.21.jar:5.3.21]
	at org.springframework.beans.factory.support.AbstractBeanFactory.getBean(AbstractBeanFactory.java:208) ~[spring-beans-5.3.21.jar:5.3.21]
	at org.springframework.context.support.AbstractApplicationContext.getBean(AbstractApplicationContext.java:1154) ~[spring-context-5.3.21.jar:5.3.21]
	at org.springframework.context.support.AbstractApplicationContext.finishBeanFactoryInitialization(AbstractApplicationContext.java:908) ~[spring-context-5.3.21.jar:5.3.21]
	at org.springframework.context.support.AbstractApplicationContext.refresh(AbstractApplicationContext.java:583) ~[spring-context-5.3.21.jar:5.3.21]
	at org.springframework.boot.SpringApplication.refresh(SpringApplication.java:734) ~[spring-boot-2.7.1.jar:2.7.1]
	at org.springframework.boot.SpringApplication.refreshContext(SpringApplication.java:408) ~[spring-boot-2.7.1.jar:2.7.1]
	at org.springframework.boot.SpringApplication.run(SpringApplication.java:308) ~[spring-boot-2.7.1.jar:2.7.1]
	at org.springframework.boot.SpringApplication.run(SpringApplication.java:1306) ~[spring-boot-2.7.1.jar:2.7.1]
	at org.springframework.boot.SpringApplication.run(SpringApplication.java:1295) ~[spring-boot-2.7.1.jar:2.7.1]
	at com.artem.spring.ApplicationRunner.main(ApplicationRunner.java:13) ~[main/:na]
Caused by: liquibase.exception.ValidationFailedException: Validation Failed:
     1 change sets check sum
          db/changelog/db.changelog-2.1.sql::2::artem was: 8:e1a780bfd3416ff5d4e1f9783244aac1 but is now: 8:4be0aeb5e449a3461e1e549e177c8ecb

	at liquibase.changelog.DatabaseChangeLog.validate(DatabaseChangeLog.java:296) ~[liquibase-core-4.9.1.jar:na]
	at liquibase.Liquibase.lambda$update$1(Liquibase.java:231) ~[liquibase-core-4.9.1.jar:na]
	at liquibase.Scope.lambda$child$0(Scope.java:180) ~[liquibase-core-4.9.1.jar:na]
	at liquibase.Scope.child(Scope.java:189) ~[liquibase-core-4.9.1.jar:na]
	at liquibase.Scope.child(Scope.java:179) ~[liquibase-core-4.9.1.jar:na]
	at liquibase.Scope.child(Scope.java:158) ~[liquibase-core-4.9.1.jar:na]
	at liquibase.Liquibase.runInScope(Liquibase.java:2405) ~[liquibase-core-4.9.1.jar:na]
	at liquibase.Liquibase.update(Liquibase.java:211) ~[liquibase-core-4.9.1.jar:na]
	at liquibase.Liquibase.update(Liquibase.java:197) ~[liquibase-core-4.9.1.jar:na]
	at liquibase.integration.spring.SpringLiquibase.performUpdate(SpringLiquibase.java:314) ~[liquibase-core-4.9.1.jar:na]
	at liquibase.integration.spring.SpringLiquibase.afterPropertiesSet(SpringLiquibase.java:269) ~[liquibase-core-4.9.1.jar:na]
	at org.springframework.beans.factory.support.AbstractAutowireCapableBeanFactory.invokeInitMethods(AbstractAutowireCapableBeanFactory.java:1863) ~[spring-beans-5.3.21.jar:5.3.21]
	at org.springframework.beans.factory.support.AbstractAutowireCapableBeanFactory.initializeBean(AbstractAutowireCapableBeanFactory.java:1800) ~[spring-beans-5.3.21.jar:5.3.21]
	... 17 common frames omitted

2022-08-31 18:25:45.412  INFO 18656 --- [main] com.artem.spring.ApplicationRunner       : Starting ApplicationRunner using Java 17.0.3 on LAPTOP-FTAQH9L7 with PID 18656 (D:\IT\Projects\Spring-starter\build\classes\java\main started by killa in D:\IT\Projects\Spring-starter)
2022-08-31 18:25:45.415  INFO 18656 --- [main] com.artem.spring.ApplicationRunner       : The following 1 profile is active: "qa"
2022-08-31 18:25:45.772  INFO 18656 --- [main] .s.d.r.c.RepositoryConfigurationDelegate : Bootstrapping Spring Data JPA repositories in DEFAULT mode.
2022-08-31 18:25:45.832  INFO 18656 --- [main] .s.d.r.c.RepositoryConfigurationDelegate : Finished Spring Data repository scanning in 51 ms. Found 2 JPA repository interfaces.
2022-08-31 18:25:46.228  INFO 18656 --- [main] com.zaxxer.hikari.HikariDataSource       : HikariPool-1 - Starting...
2022-08-31 18:25:46.361  INFO 18656 --- [main] com.zaxxer.hikari.HikariDataSource       : HikariPool-1 - Start completed.
2022-08-31 18:25:46.467  INFO 18656 --- [main] liquibase.database                       : Set default schema name to public
2022-08-31 18:25:46.566  INFO 18656 --- [main] liquibase.lockservice                    : Successfully acquired change log lock
2022-08-31 18:25:46.669  INFO 18656 --- [main] liquibase.changelog                      : Reading from public.databasechangelog
2022-08-31 18:25:46.709  INFO 18656 --- [main] liquibase.lockservice                    : Successfully released change log lock
2022-08-31 18:25:46.711  WARN 18656 --- [main] s.c.a.AnnotationConfigApplicationContext : Exception encountered during context initialization - cancelling refresh attempt: org.springframework.beans.factory.BeanCreationException: Error creating bean with name 'liquibase' defined in class path resource [org/springframework/boot/autoconfigure/liquibase/LiquibaseAutoConfiguration$LiquibaseConfiguration.class]: Invocation of init method failed; nested exception is liquibase.exception.ValidationFailedException: Validation Failed:
     1 change sets check sum
          db/changelog/db.changelog-2.1.sql::2::artem was: 8:e1a780bfd3416ff5d4e1f9783244aac1 but is now: 8:4be0aeb5e449a3461e1e549e177c8ecb

2022-08-31 18:25:46.711  INFO 18656 --- [main] com.zaxxer.hikari.HikariDataSource       : HikariPool-1 - Shutdown initiated...
2022-08-31 18:25:46.714  INFO 18656 --- [main] com.zaxxer.hikari.HikariDataSource       : HikariPool-1 - Shutdown completed.
2022-08-31 18:25:46.721  INFO 18656 --- [main] ConditionEvaluationReportLoggingListener : 

Error starting ApplicationContext. To display the conditions report re-run your application with 'debug' enabled.
2022-08-31 18:25:46.735 ERROR 18656 --- [main] o.s.boot.SpringApplication               : Application run failed

org.springframework.beans.factory.BeanCreationException: Error creating bean with name 'liquibase' defined in class path resource [org/springframework/boot/autoconfigure/liquibase/LiquibaseAutoConfiguration$LiquibaseConfiguration.class]: Invocation of init method failed; nested exception is liquibase.exception.ValidationFailedException: Validation Failed:
     1 change sets check sum
          db/changelog/db.changelog-2.1.sql::2::artem was: 8:e1a780bfd3416ff5d4e1f9783244aac1 but is now: 8:4be0aeb5e449a3461e1e549e177c8ecb

	at org.springframework.beans.factory.support.AbstractAutowireCapableBeanFactory.initializeBean(AbstractAutowireCapableBeanFactory.java:1804) ~[spring-beans-5.3.21.jar:5.3.21]
	at org.springframework.beans.factory.support.AbstractAutowireCapableBeanFactory.doCreateBean(AbstractAutowireCapableBeanFactory.java:620) ~[spring-beans-5.3.21.jar:5.3.21]
	at org.springframework.beans.factory.support.AbstractAutowireCapableBeanFactory.createBean(AbstractAutowireCapableBeanFactory.java:542) ~[spring-beans-5.3.21.jar:5.3.21]
	at org.springframework.beans.factory.support.AbstractBeanFactory.lambda$doGetBean$0(AbstractBeanFactory.java:335) ~[spring-beans-5.3.21.jar:5.3.21]
	at org.springframework.beans.factory.support.DefaultSingletonBeanRegistry.getSingleton(DefaultSingletonBeanRegistry.java:234) ~[spring-beans-5.3.21.jar:5.3.21]
	at org.springframework.beans.factory.support.AbstractBeanFactory.doGetBean(AbstractBeanFactory.java:333) ~[spring-beans-5.3.21.jar:5.3.21]
	at org.springframework.beans.factory.support.AbstractBeanFactory.getBean(AbstractBeanFactory.java:208) ~[spring-beans-5.3.21.jar:5.3.21]
	at org.springframework.beans.factory.support.AbstractBeanFactory.doGetBean(AbstractBeanFactory.java:322) ~[spring-beans-5.3.21.jar:5.3.21]
	at org.springframework.beans.factory.support.AbstractBeanFactory.getBean(AbstractBeanFactory.java:208) ~[spring-beans-5.3.21.jar:5.3.21]
	at org.springframework.context.support.AbstractApplicationContext.getBean(AbstractApplicationContext.java:1154) ~[spring-context-5.3.21.jar:5.3.21]
	at org.springframework.context.support.AbstractApplicationContext.finishBeanFactoryInitialization(AbstractApplicationContext.java:908) ~[spring-context-5.3.21.jar:5.3.21]
	at org.springframework.context.support.AbstractApplicationContext.refresh(AbstractApplicationContext.java:583) ~[spring-context-5.3.21.jar:5.3.21]
	at org.springframework.boot.SpringApplication.refresh(SpringApplication.java:734) ~[spring-boot-2.7.1.jar:2.7.1]
	at org.springframework.boot.SpringApplication.refreshContext(SpringApplication.java:408) ~[spring-boot-2.7.1.jar:2.7.1]
	at org.springframework.boot.SpringApplication.run(SpringApplication.java:308) ~[spring-boot-2.7.1.jar:2.7.1]
	at org.springframework.boot.SpringApplication.run(SpringApplication.java:1306) ~[spring-boot-2.7.1.jar:2.7.1]
	at org.springframework.boot.SpringApplication.run(SpringApplication.java:1295) ~[spring-boot-2.7.1.jar:2.7.1]
	at com.artem.spring.ApplicationRunner.main(ApplicationRunner.java:13) ~[main/:na]
Caused by: liquibase.exception.ValidationFailedException: Validation Failed:
     1 change sets check sum
          db/changelog/db.changelog-2.1.sql::2::artem was: 8:e1a780bfd3416ff5d4e1f9783244aac1 but is now: 8:4be0aeb5e449a3461e1e549e177c8ecb

	at liquibase.changelog.DatabaseChangeLog.validate(DatabaseChangeLog.java:296) ~[liquibase-core-4.9.1.jar:na]
	at liquibase.Liquibase.lambda$update$1(Liquibase.java:231) ~[liquibase-core-4.9.1.jar:na]
	at liquibase.Scope.lambda$child$0(Scope.java:180) ~[liquibase-core-4.9.1.jar:na]
	at liquibase.Scope.child(Scope.java:189) ~[liquibase-core-4.9.1.jar:na]
	at liquibase.Scope.child(Scope.java:179) ~[liquibase-core-4.9.1.jar:na]
	at liquibase.Scope.child(Scope.java:158) ~[liquibase-core-4.9.1.jar:na]
	at liquibase.Liquibase.runInScope(Liquibase.java:2405) ~[liquibase-core-4.9.1.jar:na]
	at liquibase.Liquibase.update(Liquibase.java:211) ~[liquibase-core-4.9.1.jar:na]
	at liquibase.Liquibase.update(Liquibase.java:197) ~[liquibase-core-4.9.1.jar:na]
	at liquibase.integration.spring.SpringLiquibase.performUpdate(SpringLiquibase.java:314) ~[liquibase-core-4.9.1.jar:na]
	at liquibase.integration.spring.SpringLiquibase.afterPropertiesSet(SpringLiquibase.java:269) ~[liquibase-core-4.9.1.jar:na]
	at org.springframework.beans.factory.support.AbstractAutowireCapableBeanFactory.invokeInitMethods(AbstractAutowireCapableBeanFactory.java:1863) ~[spring-beans-5.3.21.jar:5.3.21]
	at org.springframework.beans.factory.support.AbstractAutowireCapableBeanFactory.initializeBean(AbstractAutowireCapableBeanFactory.java:1800) ~[spring-beans-5.3.21.jar:5.3.21]
	... 17 common frames omitted

2022-08-31 18:26:10.939  INFO 43624 --- [main] com.artem.spring.ApplicationRunner       : Starting ApplicationRunner using Java 17.0.3 on LAPTOP-FTAQH9L7 with PID 43624 (D:\IT\Projects\Spring-starter\build\classes\java\main started by killa in D:\IT\Projects\Spring-starter)
2022-08-31 18:26:10.941  INFO 43624 --- [main] com.artem.spring.ApplicationRunner       : The following 1 profile is active: "qa"
2022-08-31 18:26:11.289  INFO 43624 --- [main] .s.d.r.c.RepositoryConfigurationDelegate : Bootstrapping Spring Data JPA repositories in DEFAULT mode.
2022-08-31 18:26:11.353  INFO 43624 --- [main] .s.d.r.c.RepositoryConfigurationDelegate : Finished Spring Data repository scanning in 56 ms. Found 2 JPA repository interfaces.
2022-08-31 18:26:11.748  INFO 43624 --- [main] com.zaxxer.hikari.HikariDataSource       : HikariPool-1 - Starting...
2022-08-31 18:26:11.885  INFO 43624 --- [main] com.zaxxer.hikari.HikariDataSource       : HikariPool-1 - Start completed.
2022-08-31 18:26:11.991  INFO 43624 --- [main] liquibase.database                       : Set default schema name to public
2022-08-31 18:26:12.131  INFO 43624 --- [main] liquibase.lockservice                    : Successfully acquired change log lock
2022-08-31 18:26:12.194  INFO 43624 --- [main] liquibase.changelog                      : Creating database history table with name: public.databasechangelog
2022-08-31 18:26:12.206  INFO 43624 --- [main] liquibase.changelog                      : Reading from public.databasechangelog
2022-08-31 18:26:12.280  INFO 43624 --- [main] liquibase.changelog                      : Custom SQL executed
2022-08-31 18:26:12.283  INFO 43624 --- [main] liquibase.changelog                      : ChangeSet db/changelog/db.changelog-1.0.sql::1::artem ran successfully in 19ms
2022-08-31 18:26:12.309  INFO 43624 --- [main] liquibase.changelog                      : Custom SQL executed
2022-08-31 18:26:12.312  INFO 43624 --- [main] liquibase.changelog                      : ChangeSet db/changelog/db.changelog-1.0.sql::2::artem ran successfully in 9ms
2022-08-31 18:26:12.328  INFO 43624 --- [main] liquibase.changelog                      : Custom SQL executed
2022-08-31 18:26:12.331  INFO 43624 --- [main] liquibase.changelog                      : ChangeSet db/changelog/db.changelog-1.0.sql::3::artem ran successfully in 14ms
2022-08-31 18:26:12.342  INFO 43624 --- [main] liquibase.changelog                      : Custom SQL executed
2022-08-31 18:26:12.344  INFO 43624 --- [main] liquibase.changelog                      : ChangeSet db/changelog/db.changelog-1.0.sql::4::artem ran successfully in 8ms
2022-08-31 18:26:12.357  INFO 43624 --- [main] liquibase.changelog                      : Custom SQL executed
2022-08-31 18:26:12.360  INFO 43624 --- [main] liquibase.changelog                      : ChangeSet db/changelog/db.changelog-1.0.sql::5::artem ran successfully in 11ms
2022-08-31 18:26:12.373  INFO 43624 --- [main] liquibase.changelog                      : Custom SQL executed
2022-08-31 18:26:12.376  INFO 43624 --- [main] liquibase.changelog                      : ChangeSet db/changelog/db.changelog-1.0.sql::6::artem ran successfully in 12ms
2022-08-31 18:26:12.386  INFO 43624 --- [main] liquibase.changelog                      : Custom SQL executed
2022-08-31 18:26:12.388  INFO 43624 --- [main] liquibase.changelog                      : ChangeSet db/changelog/db.changelog-2.0.sql::1::artem ran successfully in 8ms
2022-08-31 18:26:12.395  INFO 43624 --- [main] liquibase.changelog                      : Custom SQL executed
2022-08-31 18:26:12.396  INFO 43624 --- [main] liquibase.changelog                      : ChangeSet db/changelog/db.changelog-2.1.sql::1::artem ran successfully in 4ms
2022-08-31 18:26:12.404  INFO 43624 --- [main] liquibase.changelog                      : Custom SQL executed
2022-08-31 18:26:12.405  INFO 43624 --- [main] liquibase.changelog                      : ChangeSet db/changelog/db.changelog-2.1.sql::2::artem ran successfully in 4ms
2022-08-31 18:26:12.414  INFO 43624 --- [main] liquibase.lockservice                    : Successfully released change log lock
2022-08-31 18:26:12.485  INFO 43624 --- [main] o.hibernate.jpa.internal.util.LogHelper  : HHH000204: Processing PersistenceUnitInfo [name: default]
2022-08-31 18:26:12.514  INFO 43624 --- [main] org.hibernate.Version                    : HHH000412: Hibernate ORM core version 5.6.9.Final
2022-08-31 18:26:12.584  INFO 43624 --- [main] o.hibernate.annotations.common.Version   : HCANN000001: Hibernate Commons Annotations {5.1.2.Final}
2022-08-31 18:26:12.639  INFO 43624 --- [main] org.hibernate.dialect.Dialect            : HHH000400: Using dialect: org.hibernate.dialect.PostgreSQL10Dialect
2022-08-31 18:26:12.661  INFO 43624 --- [main] o.h.e.boot.internal.EnversServiceImpl    : Envers integration enabled? : true
2022-08-31 18:26:13.387 ERROR 43624 --- [main] j.LocalContainerEntityManagerFactoryBean : Failed to initialize JPA EntityManagerFactory: [PersistenceUnit: default] Unable to build Hibernate SessionFactory; nested exception is org.hibernate.tool.schema.spi.SchemaManagementException: Schema-validation: missing column [time_stamp] in table [revision]
2022-08-31 18:26:13.388  WARN 43624 --- [main] s.c.a.AnnotationConfigApplicationContext : Exception encountered during context initialization - cancelling refresh attempt: org.springframework.beans.factory.BeanCreationException: Error creating bean with name 'entityManagerFactory' defined in class path resource [org/springframework/boot/autoconfigure/orm/jpa/HibernateJpaConfiguration.class]: Invocation of init method failed; nested exception is javax.persistence.PersistenceException: [PersistenceUnit: default] Unable to build Hibernate SessionFactory; nested exception is org.hibernate.tool.schema.spi.SchemaManagementException: Schema-validation: missing column [time_stamp] in table [revision]
2022-08-31 18:26:13.388  INFO 43624 --- [main] com.zaxxer.hikari.HikariDataSource       : HikariPool-1 - Shutdown initiated...
2022-08-31 18:26:13.392  INFO 43624 --- [main] com.zaxxer.hikari.HikariDataSource       : HikariPool-1 - Shutdown completed.
2022-08-31 18:26:13.400  INFO 43624 --- [main] ConditionEvaluationReportLoggingListener : 

Error starting ApplicationContext. To display the conditions report re-run your application with 'debug' enabled.
2022-08-31 18:26:13.417 ERROR 43624 --- [main] o.s.boot.SpringApplication               : Application run failed

org.springframework.beans.factory.BeanCreationException: Error creating bean with name 'entityManagerFactory' defined in class path resource [org/springframework/boot/autoconfigure/orm/jpa/HibernateJpaConfiguration.class]: Invocation of init method failed; nested exception is javax.persistence.PersistenceException: [PersistenceUnit: default] Unable to build Hibernate SessionFactory; nested exception is org.hibernate.tool.schema.spi.SchemaManagementException: Schema-validation: missing column [time_stamp] in table [revision]
	at org.springframework.beans.factory.support.AbstractAutowireCapableBeanFactory.initializeBean(AbstractAutowireCapableBeanFactory.java:1804) ~[spring-beans-5.3.21.jar:5.3.21]
	at org.springframework.beans.factory.support.AbstractAutowireCapableBeanFactory.doCreateBean(AbstractAutowireCapableBeanFactory.java:620) ~[spring-beans-5.3.21.jar:5.3.21]
	at org.springframework.beans.factory.support.AbstractAutowireCapableBeanFactory.createBean(AbstractAutowireCapableBeanFactory.java:542) ~[spring-beans-5.3.21.jar:5.3.21]
	at org.springframework.beans.factory.support.AbstractBeanFactory.lambda$doGetBean$0(AbstractBeanFactory.java:335) ~[spring-beans-5.3.21.jar:5.3.21]
	at org.springframework.beans.factory.support.DefaultSingletonBeanRegistry.getSingleton(DefaultSingletonBeanRegistry.java:234) ~[spring-beans-5.3.21.jar:5.3.21]
	at org.springframework.beans.factory.support.AbstractBeanFactory.doGetBean(AbstractBeanFactory.java:333) ~[spring-beans-5.3.21.jar:5.3.21]
	at org.springframework.beans.factory.support.AbstractBeanFactory.getBean(AbstractBeanFactory.java:208) ~[spring-beans-5.3.21.jar:5.3.21]
	at org.springframework.context.support.AbstractApplicationContext.getBean(AbstractApplicationContext.java:1154) ~[spring-context-5.3.21.jar:5.3.21]
	at org.springframework.context.support.AbstractApplicationContext.finishBeanFactoryInitialization(AbstractApplicationContext.java:908) ~[spring-context-5.3.21.jar:5.3.21]
	at org.springframework.context.support.AbstractApplicationContext.refresh(AbstractApplicationContext.java:583) ~[spring-context-5.3.21.jar:5.3.21]
	at org.springframework.boot.SpringApplication.refresh(SpringApplication.java:734) ~[spring-boot-2.7.1.jar:2.7.1]
	at org.springframework.boot.SpringApplication.refreshContext(SpringApplication.java:408) ~[spring-boot-2.7.1.jar:2.7.1]
	at org.springframework.boot.SpringApplication.run(SpringApplication.java:308) ~[spring-boot-2.7.1.jar:2.7.1]
	at org.springframework.boot.SpringApplication.run(SpringApplication.java:1306) ~[spring-boot-2.7.1.jar:2.7.1]
	at org.springframework.boot.SpringApplication.run(SpringApplication.java:1295) ~[spring-boot-2.7.1.jar:2.7.1]
	at com.artem.spring.ApplicationRunner.main(ApplicationRunner.java:13) ~[main/:na]
Caused by: javax.persistence.PersistenceException: [PersistenceUnit: default] Unable to build Hibernate SessionFactory; nested exception is org.hibernate.tool.schema.spi.SchemaManagementException: Schema-validation: missing column [time_stamp] in table [revision]
	at org.springframework.orm.jpa.AbstractEntityManagerFactoryBean.buildNativeEntityManagerFactory(AbstractEntityManagerFactoryBean.java:421) ~[spring-orm-5.3.21.jar:5.3.21]
	at org.springframework.orm.jpa.AbstractEntityManagerFactoryBean.afterPropertiesSet(AbstractEntityManagerFactoryBean.java:396) ~[spring-orm-5.3.21.jar:5.3.21]
	at org.springframework.orm.jpa.LocalContainerEntityManagerFactoryBean.afterPropertiesSet(LocalContainerEntityManagerFactoryBean.java:341) ~[spring-orm-5.3.21.jar:5.3.21]
	at org.springframework.beans.factory.support.AbstractAutowireCapableBeanFactory.invokeInitMethods(AbstractAutowireCapableBeanFactory.java:1863) ~[spring-beans-5.3.21.jar:5.3.21]
	at org.springframework.beans.factory.support.AbstractAutowireCapableBeanFactory.initializeBean(AbstractAutowireCapableBeanFactory.java:1800) ~[spring-beans-5.3.21.jar:5.3.21]
	... 15 common frames omitted
Caused by: org.hibernate.tool.schema.spi.SchemaManagementException: Schema-validation: missing column [time_stamp] in table [revision]
	at org.hibernate.tool.schema.internal.AbstractSchemaValidator.validateTable(AbstractSchemaValidator.java:144) ~[hibernate-core-5.6.9.Final.jar:5.6.9.Final]
	at org.hibernate.tool.schema.internal.GroupedSchemaValidatorImpl.validateTables(GroupedSchemaValidatorImpl.java:42) ~[hibernate-core-5.6.9.Final.jar:5.6.9.Final]
	at org.hibernate.tool.schema.internal.AbstractSchemaValidator.performValidation(AbstractSchemaValidator.java:97) ~[hibernate-core-5.6.9.Final.jar:5.6.9.Final]
	at org.hibernate.tool.schema.internal.AbstractSchemaValidator.doValidation(AbstractSchemaValidator.java:76) ~[hibernate-core-5.6.9.Final.jar:5.6.9.Final]
	at org.hibernate.tool.schema.spi.SchemaManagementToolCoordinator.performDatabaseAction(SchemaManagementToolCoordinator.java:204) ~[hibernate-core-5.6.9.Final.jar:5.6.9.Final]
	at org.hibernate.tool.schema.spi.SchemaManagementToolCoordinator.process(SchemaManagementToolCoordinator.java:85) ~[hibernate-core-5.6.9.Final.jar:5.6.9.Final]
	at org.hibernate.internal.SessionFactoryImpl.<init>(SessionFactoryImpl.java:335) ~[hibernate-core-5.6.9.Final.jar:5.6.9.Final]
	at org.hibernate.boot.internal.SessionFactoryBuilderImpl.build(SessionFactoryBuilderImpl.java:471) ~[hibernate-core-5.6.9.Final.jar:5.6.9.Final]
	at org.hibernate.jpa.boot.internal.EntityManagerFactoryBuilderImpl.build(EntityManagerFactoryBuilderImpl.java:1498) ~[hibernate-core-5.6.9.Final.jar:5.6.9.Final]
	at org.springframework.orm.jpa.vendor.SpringHibernateJpaPersistenceProvider.createContainerEntityManagerFactory(SpringHibernateJpaPersistenceProvider.java:58) ~[spring-orm-5.3.21.jar:5.3.21]
	at org.springframework.orm.jpa.LocalContainerEntityManagerFactoryBean.createNativeEntityManagerFactory(LocalContainerEntityManagerFactoryBean.java:365) ~[spring-orm-5.3.21.jar:5.3.21]
	at org.springframework.orm.jpa.AbstractEntityManagerFactoryBean.buildNativeEntityManagerFactory(AbstractEntityManagerFactoryBean.java:409) ~[spring-orm-5.3.21.jar:5.3.21]
	... 19 common frames omitted

2022-08-31 18:28:03.439  INFO 32324 --- [main] com.artem.spring.ApplicationRunner       : Starting ApplicationRunner using Java 17.0.3 on LAPTOP-FTAQH9L7 with PID 32324 (D:\IT\Projects\Spring-starter\build\classes\java\main started by killa in D:\IT\Projects\Spring-starter)
2022-08-31 18:28:03.446  INFO 32324 --- [main] com.artem.spring.ApplicationRunner       : The following 1 profile is active: "qa"
2022-08-31 18:28:03.802  INFO 32324 --- [main] .s.d.r.c.RepositoryConfigurationDelegate : Bootstrapping Spring Data JPA repositories in DEFAULT mode.
2022-08-31 18:28:03.861  INFO 32324 --- [main] .s.d.r.c.RepositoryConfigurationDelegate : Finished Spring Data repository scanning in 53 ms. Found 2 JPA repository interfaces.
2022-08-31 18:28:04.266  INFO 32324 --- [main] com.zaxxer.hikari.HikariDataSource       : HikariPool-1 - Starting...
2022-08-31 18:28:04.406  INFO 32324 --- [main] com.zaxxer.hikari.HikariDataSource       : HikariPool-1 - Start completed.
2022-08-31 18:28:04.517  INFO 32324 --- [main] liquibase.database                       : Set default schema name to public
2022-08-31 18:28:04.618  INFO 32324 --- [main] liquibase.lockservice                    : Successfully acquired change log lock
2022-08-31 18:28:04.727  INFO 32324 --- [main] liquibase.changelog                      : Reading from public.databasechangelog
2022-08-31 18:28:04.770  INFO 32324 --- [main] liquibase.lockservice                    : Successfully released change log lock
2022-08-31 18:28:04.772  WARN 32324 --- [main] s.c.a.AnnotationConfigApplicationContext : Exception encountered during context initialization - cancelling refresh attempt: org.springframework.beans.factory.BeanCreationException: Error creating bean with name 'liquibase' defined in class path resource [org/springframework/boot/autoconfigure/liquibase/LiquibaseAutoConfiguration$LiquibaseConfiguration.class]: Invocation of init method failed; nested exception is liquibase.exception.ValidationFailedException: Validation Failed:
     1 change sets check sum
          db/changelog/db.changelog-2.1.sql::1::artem was: 8:340ecd45e2f311ec6736346bf9371a0f but is now: 8:3a508d6b924b1c191b2037aac6dea51c

2022-08-31 18:28:04.772  INFO 32324 --- [main] com.zaxxer.hikari.HikariDataSource       : HikariPool-1 - Shutdown initiated...
2022-08-31 18:28:04.777  INFO 32324 --- [main] com.zaxxer.hikari.HikariDataSource       : HikariPool-1 - Shutdown completed.
2022-08-31 18:28:04.784  INFO 32324 --- [main] ConditionEvaluationReportLoggingListener : 

Error starting ApplicationContext. To display the conditions report re-run your application with 'debug' enabled.
2022-08-31 18:28:04.799 ERROR 32324 --- [main] o.s.boot.SpringApplication               : Application run failed

org.springframework.beans.factory.BeanCreationException: Error creating bean with name 'liquibase' defined in class path resource [org/springframework/boot/autoconfigure/liquibase/LiquibaseAutoConfiguration$LiquibaseConfiguration.class]: Invocation of init method failed; nested exception is liquibase.exception.ValidationFailedException: Validation Failed:
     1 change sets check sum
          db/changelog/db.changelog-2.1.sql::1::artem was: 8:340ecd45e2f311ec6736346bf9371a0f but is now: 8:3a508d6b924b1c191b2037aac6dea51c

	at org.springframework.beans.factory.support.AbstractAutowireCapableBeanFactory.initializeBean(AbstractAutowireCapableBeanFactory.java:1804) ~[spring-beans-5.3.21.jar:5.3.21]
	at org.springframework.beans.factory.support.AbstractAutowireCapableBeanFactory.doCreateBean(AbstractAutowireCapableBeanFactory.java:620) ~[spring-beans-5.3.21.jar:5.3.21]
	at org.springframework.beans.factory.support.AbstractAutowireCapableBeanFactory.createBean(AbstractAutowireCapableBeanFactory.java:542) ~[spring-beans-5.3.21.jar:5.3.21]
	at org.springframework.beans.factory.support.AbstractBeanFactory.lambda$doGetBean$0(AbstractBeanFactory.java:335) ~[spring-beans-5.3.21.jar:5.3.21]
	at org.springframework.beans.factory.support.DefaultSingletonBeanRegistry.getSingleton(DefaultSingletonBeanRegistry.java:234) ~[spring-beans-5.3.21.jar:5.3.21]
	at org.springframework.beans.factory.support.AbstractBeanFactory.doGetBean(AbstractBeanFactory.java:333) ~[spring-beans-5.3.21.jar:5.3.21]
	at org.springframework.beans.factory.support.AbstractBeanFactory.getBean(AbstractBeanFactory.java:208) ~[spring-beans-5.3.21.jar:5.3.21]
	at org.springframework.beans.factory.support.AbstractBeanFactory.doGetBean(AbstractBeanFactory.java:322) ~[spring-beans-5.3.21.jar:5.3.21]
	at org.springframework.beans.factory.support.AbstractBeanFactory.getBean(AbstractBeanFactory.java:208) ~[spring-beans-5.3.21.jar:5.3.21]
	at org.springframework.context.support.AbstractApplicationContext.getBean(AbstractApplicationContext.java:1154) ~[spring-context-5.3.21.jar:5.3.21]
	at org.springframework.context.support.AbstractApplicationContext.finishBeanFactoryInitialization(AbstractApplicationContext.java:908) ~[spring-context-5.3.21.jar:5.3.21]
	at org.springframework.context.support.AbstractApplicationContext.refresh(AbstractApplicationContext.java:583) ~[spring-context-5.3.21.jar:5.3.21]
	at org.springframework.boot.SpringApplication.refresh(SpringApplication.java:734) ~[spring-boot-2.7.1.jar:2.7.1]
	at org.springframework.boot.SpringApplication.refreshContext(SpringApplication.java:408) ~[spring-boot-2.7.1.jar:2.7.1]
	at org.springframework.boot.SpringApplication.run(SpringApplication.java:308) ~[spring-boot-2.7.1.jar:2.7.1]
	at org.springframework.boot.SpringApplication.run(SpringApplication.java:1306) ~[spring-boot-2.7.1.jar:2.7.1]
	at org.springframework.boot.SpringApplication.run(SpringApplication.java:1295) ~[spring-boot-2.7.1.jar:2.7.1]
	at com.artem.spring.ApplicationRunner.main(ApplicationRunner.java:13) ~[main/:na]
Caused by: liquibase.exception.ValidationFailedException: Validation Failed:
     1 change sets check sum
          db/changelog/db.changelog-2.1.sql::1::artem was: 8:340ecd45e2f311ec6736346bf9371a0f but is now: 8:3a508d6b924b1c191b2037aac6dea51c

	at liquibase.changelog.DatabaseChangeLog.validate(DatabaseChangeLog.java:296) ~[liquibase-core-4.9.1.jar:na]
	at liquibase.Liquibase.lambda$update$1(Liquibase.java:231) ~[liquibase-core-4.9.1.jar:na]
	at liquibase.Scope.lambda$child$0(Scope.java:180) ~[liquibase-core-4.9.1.jar:na]
	at liquibase.Scope.child(Scope.java:189) ~[liquibase-core-4.9.1.jar:na]
	at liquibase.Scope.child(Scope.java:179) ~[liquibase-core-4.9.1.jar:na]
	at liquibase.Scope.child(Scope.java:158) ~[liquibase-core-4.9.1.jar:na]
	at liquibase.Liquibase.runInScope(Liquibase.java:2405) ~[liquibase-core-4.9.1.jar:na]
	at liquibase.Liquibase.update(Liquibase.java:211) ~[liquibase-core-4.9.1.jar:na]
	at liquibase.Liquibase.update(Liquibase.java:197) ~[liquibase-core-4.9.1.jar:na]
	at liquibase.integration.spring.SpringLiquibase.performUpdate(SpringLiquibase.java:314) ~[liquibase-core-4.9.1.jar:na]
	at liquibase.integration.spring.SpringLiquibase.afterPropertiesSet(SpringLiquibase.java:269) ~[liquibase-core-4.9.1.jar:na]
	at org.springframework.beans.factory.support.AbstractAutowireCapableBeanFactory.invokeInitMethods(AbstractAutowireCapableBeanFactory.java:1863) ~[spring-beans-5.3.21.jar:5.3.21]
	at org.springframework.beans.factory.support.AbstractAutowireCapableBeanFactory.initializeBean(AbstractAutowireCapableBeanFactory.java:1800) ~[spring-beans-5.3.21.jar:5.3.21]
	... 17 common frames omitted

2022-08-31 18:28:30.554  INFO 17252 --- [main] com.artem.spring.ApplicationRunner       : Starting ApplicationRunner using Java 17.0.3 on LAPTOP-FTAQH9L7 with PID 17252 (D:\IT\Projects\Spring-starter\build\classes\java\main started by killa in D:\IT\Projects\Spring-starter)
2022-08-31 18:28:30.557  INFO 17252 --- [main] com.artem.spring.ApplicationRunner       : The following 1 profile is active: "qa"
2022-08-31 18:28:31.040  INFO 17252 --- [main] .s.d.r.c.RepositoryConfigurationDelegate : Bootstrapping Spring Data JPA repositories in DEFAULT mode.
2022-08-31 18:28:31.101  INFO 17252 --- [main] .s.d.r.c.RepositoryConfigurationDelegate : Finished Spring Data repository scanning in 55 ms. Found 2 JPA repository interfaces.
2022-08-31 18:28:31.489  INFO 17252 --- [main] com.zaxxer.hikari.HikariDataSource       : HikariPool-1 - Starting...
2022-08-31 18:28:31.622  INFO 17252 --- [main] com.zaxxer.hikari.HikariDataSource       : HikariPool-1 - Start completed.
2022-08-31 18:28:31.734  INFO 17252 --- [main] liquibase.database                       : Set default schema name to public
2022-08-31 18:28:31.863  INFO 17252 --- [main] liquibase.lockservice                    : Successfully acquired change log lock
2022-08-31 18:28:31.909  INFO 17252 --- [main] liquibase.changelog                      : Creating database history table with name: public.databasechangelog
2022-08-31 18:28:31.925  INFO 17252 --- [main] liquibase.changelog                      : Reading from public.databasechangelog
2022-08-31 18:28:32.006  INFO 17252 --- [main] liquibase.changelog                      : Custom SQL executed
2022-08-31 18:28:32.009  INFO 17252 --- [main] liquibase.changelog                      : ChangeSet db/changelog/db.changelog-1.0.sql::1::artem ran successfully in 20ms
2022-08-31 18:28:32.040  INFO 17252 --- [main] liquibase.changelog                      : Custom SQL executed
2022-08-31 18:28:32.043  INFO 17252 --- [main] liquibase.changelog                      : ChangeSet db/changelog/db.changelog-1.0.sql::2::artem ran successfully in 11ms
2022-08-31 18:28:32.071  INFO 17252 --- [main] liquibase.changelog                      : Custom SQL executed
2022-08-31 18:28:32.076  INFO 17252 --- [main] liquibase.changelog                      : ChangeSet db/changelog/db.changelog-1.0.sql::3::artem ran successfully in 24ms
2022-08-31 18:28:32.091  INFO 17252 --- [main] liquibase.changelog                      : Custom SQL executed
2022-08-31 18:28:32.094  INFO 17252 --- [main] liquibase.changelog                      : ChangeSet db/changelog/db.changelog-1.0.sql::4::artem ran successfully in 10ms
2022-08-31 18:28:32.108  INFO 17252 --- [main] liquibase.changelog                      : Custom SQL executed
2022-08-31 18:28:32.111  INFO 17252 --- [main] liquibase.changelog                      : ChangeSet db/changelog/db.changelog-1.0.sql::5::artem ran successfully in 13ms
2022-08-31 18:28:32.132  INFO 17252 --- [main] liquibase.changelog                      : Custom SQL executed
2022-08-31 18:28:32.136  INFO 17252 --- [main] liquibase.changelog                      : ChangeSet db/changelog/db.changelog-1.0.sql::6::artem ran successfully in 20ms
2022-08-31 18:28:32.148  INFO 17252 --- [main] liquibase.changelog                      : Custom SQL executed
2022-08-31 18:28:32.150  INFO 17252 --- [main] liquibase.changelog                      : ChangeSet db/changelog/db.changelog-2.0.sql::1::artem ran successfully in 9ms
2022-08-31 18:28:32.162  INFO 17252 --- [main] liquibase.changelog                      : Custom SQL executed
2022-08-31 18:28:32.165  INFO 17252 --- [main] liquibase.changelog                      : ChangeSet db/changelog/db.changelog-2.1.sql::1::artem ran successfully in 10ms
2022-08-31 18:28:32.177  INFO 17252 --- [main] liquibase.changelog                      : Custom SQL executed
2022-08-31 18:28:32.180  INFO 17252 --- [main] liquibase.changelog                      : ChangeSet db/changelog/db.changelog-2.1.sql::2::artem ran successfully in 9ms
2022-08-31 18:28:32.190  INFO 17252 --- [main] liquibase.lockservice                    : Successfully released change log lock
2022-08-31 18:28:32.274  INFO 17252 --- [main] o.hibernate.jpa.internal.util.LogHelper  : HHH000204: Processing PersistenceUnitInfo [name: default]
2022-08-31 18:28:32.305  INFO 17252 --- [main] org.hibernate.Version                    : HHH000412: Hibernate ORM core version 5.6.9.Final
2022-08-31 18:28:32.375  INFO 17252 --- [main] o.hibernate.annotations.common.Version   : HCANN000001: Hibernate Commons Annotations {5.1.2.Final}
2022-08-31 18:28:32.426  INFO 17252 --- [main] org.hibernate.dialect.Dialect            : HHH000400: Using dialect: org.hibernate.dialect.PostgreSQL10Dialect
2022-08-31 18:28:32.448  INFO 17252 --- [main] o.h.e.boot.internal.EnversServiceImpl    : Envers integration enabled? : true
2022-08-31 18:28:33.160  INFO 17252 --- [main] o.h.e.t.j.p.i.JtaPlatformInitiator       : HHH000490: Using JtaPlatform implementation: [org.hibernate.engine.transaction.jta.platform.internal.NoJtaPlatform]
2022-08-31 18:28:33.213  INFO 17252 --- [main] j.LocalContainerEntityManagerFactoryBean : Initialized JPA EntityManagerFactory for persistence unit 'default'
2022-08-31 18:28:33.218  INFO 17252 --- [main] c.artem.spring.config.JpaConfiguration   : Jpa Configuration is enabled
2022-08-31 18:28:33.222  INFO 17252 --- [main] c.a.spring.database.pool.ConnectionPool  : Init connection pool
2022-08-31 18:28:33.673  INFO 17252 --- [main] c.a.spring.database.pool.ConnectionPool  : Init connection pool
2022-08-31 18:28:33.673  INFO 17252 --- [main] c.a.spring.database.pool.ConnectionPool  : Init connection pool
2022-08-31 18:28:33.756  INFO 17252 --- [main] com.artem.spring.ApplicationRunner       : Started ApplicationRunner in 3.523 seconds (JVM running for 3.989)
2022-08-31 18:28:33.762  INFO 17252 --- [SpringApplicationShutdownHook] c.a.spring.database.pool.ConnectionPool  : Clean connection pool
2022-08-31 18:28:33.763  INFO 17252 --- [SpringApplicationShutdownHook] c.a.spring.database.pool.ConnectionPool  : Clean connection pool
2022-08-31 18:28:33.763  INFO 17252 --- [SpringApplicationShutdownHook] c.a.spring.database.pool.ConnectionPool  : Clean connection pool
2022-08-31 18:28:33.763  INFO 17252 --- [SpringApplicationShutdownHook] j.LocalContainerEntityManagerFactoryBean : Closing JPA EntityManagerFactory for persistence unit 'default'
2022-08-31 18:28:33.764  INFO 17252 --- [SpringApplicationShutdownHook] com.zaxxer.hikari.HikariDataSource       : HikariPool-1 - Shutdown initiated...
2022-08-31 18:28:33.766  INFO 17252 --- [SpringApplicationShutdownHook] com.zaxxer.hikari.HikariDataSource       : HikariPool-1 - Shutdown completed.
2022-08-31 18:33:33.697  INFO 28512 --- [Test worker] c.a.s.i.d.r.CompanyRepositoryTest        : Starting CompanyRepositoryTest using Java 17.0.3 on LAPTOP-FTAQH9L7 with PID 28512 (started by killa in D:\IT\Projects\Spring-starter)
2022-08-31 18:33:33.698  INFO 28512 --- [Test worker] c.a.s.i.d.r.CompanyRepositoryTest        : The following 1 profile is active: "test"
2022-08-31 18:33:34.172  INFO 28512 --- [Test worker] .s.d.r.c.RepositoryConfigurationDelegate : Bootstrapping Spring Data JPA repositories in DEFAULT mode.
2022-08-31 18:33:34.250  INFO 28512 --- [Test worker] .s.d.r.c.RepositoryConfigurationDelegate : Finished Spring Data repository scanning in 66 ms. Found 2 JPA repository interfaces.
2022-08-31 18:33:34.801  INFO 28512 --- [Test worker] com.zaxxer.hikari.HikariDataSource       : HikariPool-1 - Starting...
2022-08-31 18:33:34.961  INFO 28512 --- [Test worker] com.zaxxer.hikari.HikariDataSource       : HikariPool-1 - Start completed.
2022-08-31 18:33:35.109  INFO 28512 --- [Test worker] liquibase.database                       : Set default schema name to public
2022-08-31 18:33:35.270  INFO 28512 --- [Test worker] liquibase.lockservice                    : Successfully acquired change log lock
2022-08-31 18:33:35.326  INFO 28512 --- [Test worker] liquibase.changelog                      : Creating database history table with name: public.databasechangelog
2022-08-31 18:33:35.334  INFO 28512 --- [Test worker] liquibase.changelog                      : Reading from public.databasechangelog
2022-08-31 18:33:35.414  INFO 28512 --- [Test worker] liquibase.changelog                      : Custom SQL executed
2022-08-31 18:33:35.415  INFO 28512 --- [Test worker] liquibase.changelog                      : ChangeSet db/changelog/db.changelog-1.0.sql::1::artem ran successfully in 16ms
2022-08-31 18:33:35.437  INFO 28512 --- [Test worker] liquibase.changelog                      : Custom SQL executed
2022-08-31 18:33:35.438  INFO 28512 --- [Test worker] liquibase.changelog                      : ChangeSet db/changelog/db.changelog-1.0.sql::2::artem ran successfully in 6ms
2022-08-31 18:33:35.446  INFO 28512 --- [Test worker] liquibase.changelog                      : Custom SQL executed
2022-08-31 18:33:35.448  INFO 28512 --- [Test worker] liquibase.changelog                      : ChangeSet db/changelog/db.changelog-1.0.sql::3::artem ran successfully in 6ms
2022-08-31 18:33:35.455  INFO 28512 --- [Test worker] liquibase.changelog                      : Custom SQL executed
2022-08-31 18:33:35.457  INFO 28512 --- [Test worker] liquibase.changelog                      : ChangeSet db/changelog/db.changelog-1.0.sql::4::artem ran successfully in 5ms
2022-08-31 18:33:35.466  INFO 28512 --- [Test worker] liquibase.changelog                      : Custom SQL executed
2022-08-31 18:33:35.468  INFO 28512 --- [Test worker] liquibase.changelog                      : ChangeSet db/changelog/db.changelog-1.0.sql::5::artem ran successfully in 6ms
2022-08-31 18:33:35.476  INFO 28512 --- [Test worker] liquibase.changelog                      : Custom SQL executed
2022-08-31 18:33:35.478  INFO 28512 --- [Test worker] liquibase.changelog                      : ChangeSet db/changelog/db.changelog-1.0.sql::6::artem ran successfully in 7ms
2022-08-31 18:33:35.491  INFO 28512 --- [Test worker] liquibase.changelog                      : Custom SQL executed
2022-08-31 18:33:35.493  INFO 28512 --- [Test worker] liquibase.changelog                      : ChangeSet db/changelog/db.changelog-2.0.sql::1::artem ran successfully in 10ms
2022-08-31 18:33:35.500  INFO 28512 --- [Test worker] liquibase.changelog                      : Custom SQL executed
2022-08-31 18:33:35.501  INFO 28512 --- [Test worker] liquibase.changelog                      : ChangeSet db/changelog/db.changelog-2.1.sql::1::artem ran successfully in 4ms
2022-08-31 18:33:35.508  INFO 28512 --- [Test worker] liquibase.changelog                      : Custom SQL executed
2022-08-31 18:33:35.510  INFO 28512 --- [Test worker] liquibase.changelog                      : ChangeSet db/changelog/db.changelog-2.1.sql::2::artem ran successfully in 4ms
2022-08-31 18:33:35.516  INFO 28512 --- [Test worker] liquibase.lockservice                    : Successfully released change log lock
2022-08-31 18:33:35.676  INFO 28512 --- [Test worker] o.hibernate.jpa.internal.util.LogHelper  : HHH000204: Processing PersistenceUnitInfo [name: default]
2022-08-31 18:33:35.733  INFO 28512 --- [Test worker] org.hibernate.Version                    : HHH000412: Hibernate ORM core version 5.6.9.Final
2022-08-31 18:33:35.882  INFO 28512 --- [Test worker] o.hibernate.annotations.common.Version   : HCANN000001: Hibernate Commons Annotations {5.1.2.Final}
2022-08-31 18:33:35.999  INFO 28512 --- [Test worker] org.hibernate.dialect.Dialect            : HHH000400: Using dialect: org.hibernate.dialect.PostgreSQL10Dialect
2022-08-31 18:33:36.025  INFO 28512 --- [Test worker] o.h.e.boot.internal.EnversServiceImpl    : Envers integration enabled? : true
2022-08-31 18:33:37.252  INFO 28512 --- [Test worker] o.h.e.t.j.p.i.JtaPlatformInitiator       : HHH000490: Using JtaPlatform implementation: [org.hibernate.engine.transaction.jta.platform.internal.NoJtaPlatform]
2022-08-31 18:33:37.341  INFO 28512 --- [Test worker] j.LocalContainerEntityManagerFactoryBean : Initialized JPA EntityManagerFactory for persistence unit 'default'
2022-08-31 18:33:37.353  INFO 28512 --- [Test worker] c.a.spring.database.pool.ConnectionPool  : Init connection pool
2022-08-31 18:33:37.535  INFO 28512 --- [Test worker] c.artem.spring.config.JpaConfiguration   : Jpa Configuration is enabled
2022-08-31 18:33:38.192  INFO 28512 --- [Test worker] c.a.spring.database.pool.ConnectionPool  : Init connection pool
2022-08-31 18:33:38.193  INFO 28512 --- [Test worker] c.a.spring.database.pool.ConnectionPool  : Init connection pool
2022-08-31 18:33:38.333  INFO 28512 --- [Test worker] c.a.s.i.d.r.CompanyRepositoryTest        : Started CompanyRepositoryTest in 4.992 seconds (JVM running for 11.66)
2022-08-31 18:33:38.370  INFO 28512 --- [Test worker] o.s.t.c.transaction.TransactionContext   : Began transaction (1) for test context [DefaultTestContext@4efcf8a testClass = CompanyRepositoryTest, testInstance = com.artem.spring.integration.database.repository.CompanyRepositoryTest@38de4f1d, testMethod = checkFindByQueries@CompanyRepositoryTest, testException = [null], mergedContextConfiguration = [MergedContextConfiguration@7a138fc5 testClass = CompanyRepositoryTest, locations = '{}', classes = '{class com.artem.spring.ApplicationRunner, class com.artem.spring.integration.TestApplicationRunner}', contextInitializerClasses = '[]', activeProfiles = '{test}', propertySourceLocations = '{}', propertySourceProperties = '{org.springframework.boot.test.context.SpringBootTestContextBootstrapper=true}', contextCustomizers = set[org.springframework.boot.test.autoconfigure.actuate.metrics.MetricsExportContextCustomizerFactory$DisableMetricExportContextCustomizer@4d9ac0b4, org.springframework.boot.test.autoconfigure.properties.PropertyMappingContextCustomizer@0, org.springframework.boot.test.autoconfigure.web.servlet.WebDriverContextCustomizerFactory$Customizer@39fcbef6, org.springframework.boot.test.context.filter.ExcludeFilterContextCustomizer@35f26e72, org.springframework.boot.test.json.DuplicateJsonObjectContextCustomizerFactory$DuplicateJsonObjectContextCustomizer@5023bb8b, org.springframework.boot.test.mock.mockito.MockitoContextCustomizer@0, org.springframework.boot.test.web.client.TestRestTemplateContextCustomizer@604c5de8, org.springframework.test.context.support.DynamicPropertiesContextCustomizer@ae92c020, org.springframework.boot.test.context.SpringBootTestArgs@1, org.springframework.boot.test.context.SpringBootTestWebEnvironment@6cd28fa7], contextLoader = 'org.springframework.boot.test.context.SpringBootContextLoader', parent = [null]], attributes = map['org.springframework.test.context.event.ApplicationEventsTestExecutionListener.recordApplicationEvents' -> false]]; transaction manager [org.springframework.orm.jpa.JpaTransactionManager@216a3aba]; rollback [true]
2022-08-31 18:33:38.500  INFO 28512 --- [Test worker] o.s.t.c.transaction.TransactionContext   : Rolled back transaction for test: [DefaultTestContext@4efcf8a testClass = CompanyRepositoryTest, testInstance = com.artem.spring.integration.database.repository.CompanyRepositoryTest@38de4f1d, testMethod = checkFindByQueries@CompanyRepositoryTest, testException = [null], mergedContextConfiguration = [MergedContextConfiguration@7a138fc5 testClass = CompanyRepositoryTest, locations = '{}', classes = '{class com.artem.spring.ApplicationRunner, class com.artem.spring.integration.TestApplicationRunner}', contextInitializerClasses = '[]', activeProfiles = '{test}', propertySourceLocations = '{}', propertySourceProperties = '{org.springframework.boot.test.context.SpringBootTestContextBootstrapper=true}', contextCustomizers = set[org.springframework.boot.test.autoconfigure.actuate.metrics.MetricsExportContextCustomizerFactory$DisableMetricExportContextCustomizer@4d9ac0b4, org.springframework.boot.test.autoconfigure.properties.PropertyMappingContextCustomizer@0, org.springframework.boot.test.autoconfigure.web.servlet.WebDriverContextCustomizerFactory$Customizer@39fcbef6, org.springframework.boot.test.context.filter.ExcludeFilterContextCustomizer@35f26e72, org.springframework.boot.test.json.DuplicateJsonObjectContextCustomizerFactory$DuplicateJsonObjectContextCustomizer@5023bb8b, org.springframework.boot.test.mock.mockito.MockitoContextCustomizer@0, org.springframework.boot.test.web.client.TestRestTemplateContextCustomizer@604c5de8, org.springframework.test.context.support.DynamicPropertiesContextCustomizer@ae92c020, org.springframework.boot.test.context.SpringBootTestArgs@1, org.springframework.boot.test.context.SpringBootTestWebEnvironment@6cd28fa7], contextLoader = 'org.springframework.boot.test.context.SpringBootContextLoader', parent = [null]], attributes = map['org.springframework.test.context.event.ApplicationEventsTestExecutionListener.recordApplicationEvents' -> false]]
2022-08-31 18:33:38.514  INFO 28512 --- [Test worker] o.s.t.c.transaction.TransactionContext   : Began transaction (1) for test context [DefaultTestContext@4efcf8a testClass = CompanyRepositoryTest, testInstance = com.artem.spring.integration.database.repository.CompanyRepositoryTest@17cf5dcc, testMethod = findById@CompanyRepositoryTest, testException = [null], mergedContextConfiguration = [MergedContextConfiguration@7a138fc5 testClass = CompanyRepositoryTest, locations = '{}', classes = '{class com.artem.spring.ApplicationRunner, class com.artem.spring.integration.TestApplicationRunner}', contextInitializerClasses = '[]', activeProfiles = '{test}', propertySourceLocations = '{}', propertySourceProperties = '{org.springframework.boot.test.context.SpringBootTestContextBootstrapper=true}', contextCustomizers = set[org.springframework.boot.test.autoconfigure.actuate.metrics.MetricsExportContextCustomizerFactory$DisableMetricExportContextCustomizer@4d9ac0b4, org.springframework.boot.test.autoconfigure.properties.PropertyMappingContextCustomizer@0, org.springframework.boot.test.autoconfigure.web.servlet.WebDriverContextCustomizerFactory$Customizer@39fcbef6, org.springframework.boot.test.context.filter.ExcludeFilterContextCustomizer@35f26e72, org.springframework.boot.test.json.DuplicateJsonObjectContextCustomizerFactory$DuplicateJsonObjectContextCustomizer@5023bb8b, org.springframework.boot.test.mock.mockito.MockitoContextCustomizer@0, org.springframework.boot.test.web.client.TestRestTemplateContextCustomizer@604c5de8, org.springframework.test.context.support.DynamicPropertiesContextCustomizer@ae92c020, org.springframework.boot.test.context.SpringBootTestArgs@1, org.springframework.boot.test.context.SpringBootTestWebEnvironment@6cd28fa7], contextLoader = 'org.springframework.boot.test.context.SpringBootContextLoader', parent = [null]], attributes = map['org.springframework.test.context.event.ApplicationEventsTestExecutionListener.recordApplicationEvents' -> false]]; transaction manager [org.springframework.orm.jpa.JpaTransactionManager@216a3aba]; rollback [true]
2022-08-31 18:33:38.625  INFO 28512 --- [Test worker] o.s.t.c.transaction.TransactionContext   : Rolled back transaction for test: [DefaultTestContext@4efcf8a testClass = CompanyRepositoryTest, testInstance = com.artem.spring.integration.database.repository.CompanyRepositoryTest@17cf5dcc, testMethod = findById@CompanyRepositoryTest, testException = [null], mergedContextConfiguration = [MergedContextConfiguration@7a138fc5 testClass = CompanyRepositoryTest, locations = '{}', classes = '{class com.artem.spring.ApplicationRunner, class com.artem.spring.integration.TestApplicationRunner}', contextInitializerClasses = '[]', activeProfiles = '{test}', propertySourceLocations = '{}', propertySourceProperties = '{org.springframework.boot.test.context.SpringBootTestContextBootstrapper=true}', contextCustomizers = set[org.springframework.boot.test.autoconfigure.actuate.metrics.MetricsExportContextCustomizerFactory$DisableMetricExportContextCustomizer@4d9ac0b4, org.springframework.boot.test.autoconfigure.properties.PropertyMappingContextCustomizer@0, org.springframework.boot.test.autoconfigure.web.servlet.WebDriverContextCustomizerFactory$Customizer@39fcbef6, org.springframework.boot.test.context.filter.ExcludeFilterContextCustomizer@35f26e72, org.springframework.boot.test.json.DuplicateJsonObjectContextCustomizerFactory$DuplicateJsonObjectContextCustomizer@5023bb8b, org.springframework.boot.test.mock.mockito.MockitoContextCustomizer@0, org.springframework.boot.test.web.client.TestRestTemplateContextCustomizer@604c5de8, org.springframework.test.context.support.DynamicPropertiesContextCustomizer@ae92c020, org.springframework.boot.test.context.SpringBootTestArgs@1, org.springframework.boot.test.context.SpringBootTestWebEnvironment@6cd28fa7], contextLoader = 'org.springframework.boot.test.context.SpringBootContextLoader', parent = [null]], attributes = map['org.springframework.test.context.event.ApplicationEventsTestExecutionListener.recordApplicationEvents' -> false]]
2022-08-31 18:33:38.629  INFO 28512 --- [Test worker] o.s.t.c.transaction.TransactionContext   : Began transaction (1) for test context [DefaultTestContext@4efcf8a testClass = CompanyRepositoryTest, testInstance = com.artem.spring.integration.database.repository.CompanyRepositoryTest@1dc47df3, testMethod = save@CompanyRepositoryTest, testException = [null], mergedContextConfiguration = [MergedContextConfiguration@7a138fc5 testClass = CompanyRepositoryTest, locations = '{}', classes = '{class com.artem.spring.ApplicationRunner, class com.artem.spring.integration.TestApplicationRunner}', contextInitializerClasses = '[]', activeProfiles = '{test}', propertySourceLocations = '{}', propertySourceProperties = '{org.springframework.boot.test.context.SpringBootTestContextBootstrapper=true}', contextCustomizers = set[org.springframework.boot.test.autoconfigure.actuate.metrics.MetricsExportContextCustomizerFactory$DisableMetricExportContextCustomizer@4d9ac0b4, org.springframework.boot.test.autoconfigure.properties.PropertyMappingContextCustomizer@0, org.springframework.boot.test.autoconfigure.web.servlet.WebDriverContextCustomizerFactory$Customizer@39fcbef6, org.springframework.boot.test.context.filter.ExcludeFilterContextCustomizer@35f26e72, org.springframework.boot.test.json.DuplicateJsonObjectContextCustomizerFactory$DuplicateJsonObjectContextCustomizer@5023bb8b, org.springframework.boot.test.mock.mockito.MockitoContextCustomizer@0, org.springframework.boot.test.web.client.TestRestTemplateContextCustomizer@604c5de8, org.springframework.test.context.support.DynamicPropertiesContextCustomizer@ae92c020, org.springframework.boot.test.context.SpringBootTestArgs@1, org.springframework.boot.test.context.SpringBootTestWebEnvironment@6cd28fa7], contextLoader = 'org.springframework.boot.test.context.SpringBootContextLoader', parent = [null]], attributes = map['org.springframework.test.context.event.ApplicationEventsTestExecutionListener.recordApplicationEvents' -> false]]; transaction manager [org.springframework.orm.jpa.JpaTransactionManager@216a3aba]; rollback [true]
2022-08-31 18:33:38.665  INFO 28512 --- [Test worker] o.s.t.c.transaction.TransactionContext   : Rolled back transaction for test: [DefaultTestContext@4efcf8a testClass = CompanyRepositoryTest, testInstance = com.artem.spring.integration.database.repository.CompanyRepositoryTest@1dc47df3, testMethod = save@CompanyRepositoryTest, testException = [null], mergedContextConfiguration = [MergedContextConfiguration@7a138fc5 testClass = CompanyRepositoryTest, locations = '{}', classes = '{class com.artem.spring.ApplicationRunner, class com.artem.spring.integration.TestApplicationRunner}', contextInitializerClasses = '[]', activeProfiles = '{test}', propertySourceLocations = '{}', propertySourceProperties = '{org.springframework.boot.test.context.SpringBootTestContextBootstrapper=true}', contextCustomizers = set[org.springframework.boot.test.autoconfigure.actuate.metrics.MetricsExportContextCustomizerFactory$DisableMetricExportContextCustomizer@4d9ac0b4, org.springframework.boot.test.autoconfigure.properties.PropertyMappingContextCustomizer@0, org.springframework.boot.test.autoconfigure.web.servlet.WebDriverContextCustomizerFactory$Customizer@39fcbef6, org.springframework.boot.test.context.filter.ExcludeFilterContextCustomizer@35f26e72, org.springframework.boot.test.json.DuplicateJsonObjectContextCustomizerFactory$DuplicateJsonObjectContextCustomizer@5023bb8b, org.springframework.boot.test.mock.mockito.MockitoContextCustomizer@0, org.springframework.boot.test.web.client.TestRestTemplateContextCustomizer@604c5de8, org.springframework.test.context.support.DynamicPropertiesContextCustomizer@ae92c020, org.springframework.boot.test.context.SpringBootTestArgs@1, org.springframework.boot.test.context.SpringBootTestWebEnvironment@6cd28fa7], contextLoader = 'org.springframework.boot.test.context.SpringBootContextLoader', parent = [null]], attributes = map['org.springframework.test.context.event.ApplicationEventsTestExecutionListener.recordApplicationEvents' -> false]]
2022-08-31 18:33:38.670  INFO 28512 --- [Test worker] .b.t.c.SpringBootTestContextBootstrapper : Neither @ContextConfiguration nor @ContextHierarchy found for test class [com.artem.spring.integration.database.repository.UserRepositoryTest], using SpringBootContextLoader
2022-08-31 18:33:38.671  INFO 28512 --- [Test worker] o.s.t.c.support.AbstractContextLoader    : Could not detect default resource locations for test class [com.artem.spring.integration.database.repository.UserRepositoryTest]: no resource found for suffixes {-context.xml, Context.groovy}.
2022-08-31 18:33:38.673  INFO 28512 --- [Test worker] .b.t.c.SpringBootTestContextBootstrapper : Found @SpringBootConfiguration com.artem.spring.ApplicationRunner for test class com.artem.spring.integration.database.repository.UserRepositoryTest
2022-08-31 18:33:38.675  INFO 28512 --- [Test worker] .b.t.c.SpringBootTestContextBootstrapper : Loaded default TestExecutionListener class names from location [META-INF/spring.factories]: [org.springframework.boot.test.autoconfigure.restdocs.RestDocsTestExecutionListener, org.springframework.boot.test.autoconfigure.web.client.MockRestServiceServerResetTestExecutionListener, org.springframework.boot.test.autoconfigure.web.servlet.MockMvcPrintOnlyOnFailureTestExecutionListener, org.springframework.boot.test.autoconfigure.web.servlet.WebDriverTestExecutionListener, org.springframework.boot.test.autoconfigure.webservices.client.MockWebServiceServerTestExecutionListener, org.springframework.boot.test.mock.mockito.MockitoTestExecutionListener, org.springframework.boot.test.mock.mockito.ResetMocksTestExecutionListener, org.springframework.test.context.web.ServletTestExecutionListener, org.springframework.test.context.support.DirtiesContextBeforeModesTestExecutionListener, org.springframework.test.context.event.ApplicationEventsTestExecutionListener, org.springframework.test.context.support.DependencyInjectionTestExecutionListener, org.springframework.test.context.support.DirtiesContextTestExecutionListener, org.springframework.test.context.transaction.TransactionalTestExecutionListener, org.springframework.test.context.jdbc.SqlScriptsTestExecutionListener, org.springframework.test.context.event.EventPublishingTestExecutionListener]
2022-08-31 18:33:38.676  INFO 28512 --- [Test worker] .b.t.c.SpringBootTestContextBootstrapper : Using TestExecutionListeners: [org.springframework.test.context.support.DirtiesContextBeforeModesTestExecutionListener@53a20aab, org.springframework.test.context.event.ApplicationEventsTestExecutionListener@362d91ef, org.springframework.boot.test.mock.mockito.MockitoTestExecutionListener@4a58d05d, org.springframework.boot.test.autoconfigure.SpringBootDependencyInjectionTestExecutionListener@3af1b643, org.springframework.test.context.support.DirtiesContextTestExecutionListener@79c514e4, org.springframework.test.context.transaction.TransactionalTestExecutionListener@233d40da, org.springframework.test.context.jdbc.SqlScriptsTestExecutionListener@2f6bb6d8, org.springframework.test.context.event.EventPublishingTestExecutionListener@189f5ed8, org.springframework.boot.test.autoconfigure.restdocs.RestDocsTestExecutionListener@492c1b1b, org.springframework.boot.test.autoconfigure.web.client.MockRestServiceServerResetTestExecutionListener@5eb974, org.springframework.boot.test.autoconfigure.web.servlet.MockMvcPrintOnlyOnFailureTestExecutionListener@72f112d1, org.springframework.boot.test.autoconfigure.web.servlet.WebDriverTestExecutionListener@10faebc9, org.springframework.boot.test.autoconfigure.webservices.client.MockWebServiceServerTestExecutionListener@3927de0e, org.springframework.boot.test.mock.mockito.ResetMocksTestExecutionListener@4c475547]
2022-08-31 18:33:38.684  INFO 28512 --- [Test worker] o.s.t.c.transaction.TransactionContext   : Began transaction (1) for test context [DefaultTestContext@7669d7a2 testClass = UserRepositoryTest, testInstance = com.artem.spring.integration.database.repository.UserRepositoryTest@724945, testMethod = checkCustomImplementation@UserRepositoryTest, testException = [null], mergedContextConfiguration = [MergedContextConfiguration@63c78e5e testClass = UserRepositoryTest, locations = '{}', classes = '{class com.artem.spring.ApplicationRunner, class com.artem.spring.integration.TestApplicationRunner}', contextInitializerClasses = '[]', activeProfiles = '{test}', propertySourceLocations = '{}', propertySourceProperties = '{org.springframework.boot.test.context.SpringBootTestContextBootstrapper=true}', contextCustomizers = set[org.springframework.boot.test.autoconfigure.actuate.metrics.MetricsExportContextCustomizerFactory$DisableMetricExportContextCustomizer@4d9ac0b4, org.springframework.boot.test.autoconfigure.properties.PropertyMappingContextCustomizer@0, org.springframework.boot.test.autoconfigure.web.servlet.WebDriverContextCustomizerFactory$Customizer@39fcbef6, org.springframework.boot.test.context.filter.ExcludeFilterContextCustomizer@35f26e72, org.springframework.boot.test.json.DuplicateJsonObjectContextCustomizerFactory$DuplicateJsonObjectContextCustomizer@5023bb8b, org.springframework.boot.test.mock.mockito.MockitoContextCustomizer@0, org.springframework.boot.test.web.client.TestRestTemplateContextCustomizer@604c5de8, org.springframework.test.context.support.DynamicPropertiesContextCustomizer@ae92c020, org.springframework.boot.test.context.SpringBootTestArgs@1, org.springframework.boot.test.context.SpringBootTestWebEnvironment@6cd28fa7], contextLoader = 'org.springframework.boot.test.context.SpringBootContextLoader', parent = [null]], attributes = map['org.springframework.test.context.event.ApplicationEventsTestExecutionListener.recordApplicationEvents' -> false]]; transaction manager [org.springframework.orm.jpa.JpaTransactionManager@216a3aba]; rollback [true]
2022-08-31 18:33:38.782  INFO 28512 --- [Test worker] o.s.t.c.transaction.TransactionContext   : Rolled back transaction for test: [DefaultTestContext@7669d7a2 testClass = UserRepositoryTest, testInstance = com.artem.spring.integration.database.repository.UserRepositoryTest@724945, testMethod = checkCustomImplementation@UserRepositoryTest, testException = [null], mergedContextConfiguration = [MergedContextConfiguration@63c78e5e testClass = UserRepositoryTest, locations = '{}', classes = '{class com.artem.spring.ApplicationRunner, class com.artem.spring.integration.TestApplicationRunner}', contextInitializerClasses = '[]', activeProfiles = '{test}', propertySourceLocations = '{}', propertySourceProperties = '{org.springframework.boot.test.context.SpringBootTestContextBootstrapper=true}', contextCustomizers = set[org.springframework.boot.test.autoconfigure.actuate.metrics.MetricsExportContextCustomizerFactory$DisableMetricExportContextCustomizer@4d9ac0b4, org.springframework.boot.test.autoconfigure.properties.PropertyMappingContextCustomizer@0, org.springframework.boot.test.autoconfigure.web.servlet.WebDriverContextCustomizerFactory$Customizer@39fcbef6, org.springframework.boot.test.context.filter.ExcludeFilterContextCustomizer@35f26e72, org.springframework.boot.test.json.DuplicateJsonObjectContextCustomizerFactory$DuplicateJsonObjectContextCustomizer@5023bb8b, org.springframework.boot.test.mock.mockito.MockitoContextCustomizer@0, org.springframework.boot.test.web.client.TestRestTemplateContextCustomizer@604c5de8, org.springframework.test.context.support.DynamicPropertiesContextCustomizer@ae92c020, org.springframework.boot.test.context.SpringBootTestArgs@1, org.springframework.boot.test.context.SpringBootTestWebEnvironment@6cd28fa7], contextLoader = 'org.springframework.boot.test.context.SpringBootContextLoader', parent = [null]], attributes = map['org.springframework.test.context.event.ApplicationEventsTestExecutionListener.recordApplicationEvents' -> false]]
2022-08-31 18:33:38.785  INFO 28512 --- [Test worker] o.s.t.c.transaction.TransactionContext   : Began transaction (1) for test context [DefaultTestContext@7669d7a2 testClass = UserRepositoryTest, testInstance = com.artem.spring.integration.database.repository.UserRepositoryTest@7daecd21, testMethod = checkPageable@UserRepositoryTest, testException = [null], mergedContextConfiguration = [MergedContextConfiguration@63c78e5e testClass = UserRepositoryTest, locations = '{}', classes = '{class com.artem.spring.ApplicationRunner, class com.artem.spring.integration.TestApplicationRunner}', contextInitializerClasses = '[]', activeProfiles = '{test}', propertySourceLocations = '{}', propertySourceProperties = '{org.springframework.boot.test.context.SpringBootTestContextBootstrapper=true}', contextCustomizers = set[org.springframework.boot.test.autoconfigure.actuate.metrics.MetricsExportContextCustomizerFactory$DisableMetricExportContextCustomizer@4d9ac0b4, org.springframework.boot.test.autoconfigure.properties.PropertyMappingContextCustomizer@0, org.springframework.boot.test.autoconfigure.web.servlet.WebDriverContextCustomizerFactory$Customizer@39fcbef6, org.springframework.boot.test.context.filter.ExcludeFilterContextCustomizer@35f26e72, org.springframework.boot.test.json.DuplicateJsonObjectContextCustomizerFactory$DuplicateJsonObjectContextCustomizer@5023bb8b, org.springframework.boot.test.mock.mockito.MockitoContextCustomizer@0, org.springframework.boot.test.web.client.TestRestTemplateContextCustomizer@604c5de8, org.springframework.test.context.support.DynamicPropertiesContextCustomizer@ae92c020, org.springframework.boot.test.context.SpringBootTestArgs@1, org.springframework.boot.test.context.SpringBootTestWebEnvironment@6cd28fa7], contextLoader = 'org.springframework.boot.test.context.SpringBootContextLoader', parent = [null]], attributes = map['org.springframework.test.context.event.ApplicationEventsTestExecutionListener.recordApplicationEvents' -> false]]; transaction manager [org.springframework.orm.jpa.JpaTransactionManager@216a3aba]; rollback [true]
2022-08-31 18:33:38.855  INFO 28512 --- [Test worker] o.s.t.c.transaction.TransactionContext   : Rolled back transaction for test: [DefaultTestContext@7669d7a2 testClass = UserRepositoryTest, testInstance = com.artem.spring.integration.database.repository.UserRepositoryTest@7daecd21, testMethod = checkPageable@UserRepositoryTest, testException = [null], mergedContextConfiguration = [MergedContextConfiguration@63c78e5e testClass = UserRepositoryTest, locations = '{}', classes = '{class com.artem.spring.ApplicationRunner, class com.artem.spring.integration.TestApplicationRunner}', contextInitializerClasses = '[]', activeProfiles = '{test}', propertySourceLocations = '{}', propertySourceProperties = '{org.springframework.boot.test.context.SpringBootTestContextBootstrapper=true}', contextCustomizers = set[org.springframework.boot.test.autoconfigure.actuate.metrics.MetricsExportContextCustomizerFactory$DisableMetricExportContextCustomizer@4d9ac0b4, org.springframework.boot.test.autoconfigure.properties.PropertyMappingContextCustomizer@0, org.springframework.boot.test.autoconfigure.web.servlet.WebDriverContextCustomizerFactory$Customizer@39fcbef6, org.springframework.boot.test.context.filter.ExcludeFilterContextCustomizer@35f26e72, org.springframework.boot.test.json.DuplicateJsonObjectContextCustomizerFactory$DuplicateJsonObjectContextCustomizer@5023bb8b, org.springframework.boot.test.mock.mockito.MockitoContextCustomizer@0, org.springframework.boot.test.web.client.TestRestTemplateContextCustomizer@604c5de8, org.springframework.test.context.support.DynamicPropertiesContextCustomizer@ae92c020, org.springframework.boot.test.context.SpringBootTestArgs@1, org.springframework.boot.test.context.SpringBootTestWebEnvironment@6cd28fa7], contextLoader = 'org.springframework.boot.test.context.SpringBootContextLoader', parent = [null]], attributes = map['org.springframework.test.context.event.ApplicationEventsTestExecutionListener.recordApplicationEvents' -> false]]
2022-08-31 18:33:38.858  INFO 28512 --- [Test worker] o.s.t.c.transaction.TransactionContext   : Began transaction (1) for test context [DefaultTestContext@7669d7a2 testClass = UserRepositoryTest, testInstance = com.artem.spring.integration.database.repository.UserRepositoryTest@18b77ec9, testMethod = checkAuditing@UserRepositoryTest, testException = [null], mergedContextConfiguration = [MergedContextConfiguration@63c78e5e testClass = UserRepositoryTest, locations = '{}', classes = '{class com.artem.spring.ApplicationRunner, class com.artem.spring.integration.TestApplicationRunner}', contextInitializerClasses = '[]', activeProfiles = '{test}', propertySourceLocations = '{}', propertySourceProperties = '{org.springframework.boot.test.context.SpringBootTestContextBootstrapper=true}', contextCustomizers = set[org.springframework.boot.test.autoconfigure.actuate.metrics.MetricsExportContextCustomizerFactory$DisableMetricExportContextCustomizer@4d9ac0b4, org.springframework.boot.test.autoconfigure.properties.PropertyMappingContextCustomizer@0, org.springframework.boot.test.autoconfigure.web.servlet.WebDriverContextCustomizerFactory$Customizer@39fcbef6, org.springframework.boot.test.context.filter.ExcludeFilterContextCustomizer@35f26e72, org.springframework.boot.test.json.DuplicateJsonObjectContextCustomizerFactory$DuplicateJsonObjectContextCustomizer@5023bb8b, org.springframework.boot.test.mock.mockito.MockitoContextCustomizer@0, org.springframework.boot.test.web.client.TestRestTemplateContextCustomizer@604c5de8, org.springframework.test.context.support.DynamicPropertiesContextCustomizer@ae92c020, org.springframework.boot.test.context.SpringBootTestArgs@1, org.springframework.boot.test.context.SpringBootTestWebEnvironment@6cd28fa7], contextLoader = 'org.springframework.boot.test.context.SpringBootContextLoader', parent = [null]], attributes = map['org.springframework.test.context.event.ApplicationEventsTestExecutionListener.recordApplicationEvents' -> false]]; transaction manager [org.springframework.orm.jpa.JpaTransactionManager@216a3aba]; rollback [true]
2022-08-31 18:33:38.953  INFO 28512 --- [Test worker] o.s.t.c.transaction.TransactionContext   : Rolled back transaction for test: [DefaultTestContext@7669d7a2 testClass = UserRepositoryTest, testInstance = com.artem.spring.integration.database.repository.UserRepositoryTest@18b77ec9, testMethod = checkAuditing@UserRepositoryTest, testException = [null], mergedContextConfiguration = [MergedContextConfiguration@63c78e5e testClass = UserRepositoryTest, locations = '{}', classes = '{class com.artem.spring.ApplicationRunner, class com.artem.spring.integration.TestApplicationRunner}', contextInitializerClasses = '[]', activeProfiles = '{test}', propertySourceLocations = '{}', propertySourceProperties = '{org.springframework.boot.test.context.SpringBootTestContextBootstrapper=true}', contextCustomizers = set[org.springframework.boot.test.autoconfigure.actuate.metrics.MetricsExportContextCustomizerFactory$DisableMetricExportContextCustomizer@4d9ac0b4, org.springframework.boot.test.autoconfigure.properties.PropertyMappingContextCustomizer@0, org.springframework.boot.test.autoconfigure.web.servlet.WebDriverContextCustomizerFactory$Customizer@39fcbef6, org.springframework.boot.test.context.filter.ExcludeFilterContextCustomizer@35f26e72, org.springframework.boot.test.json.DuplicateJsonObjectContextCustomizerFactory$DuplicateJsonObjectContextCustomizer@5023bb8b, org.springframework.boot.test.mock.mockito.MockitoContextCustomizer@0, org.springframework.boot.test.web.client.TestRestTemplateContextCustomizer@604c5de8, org.springframework.test.context.support.DynamicPropertiesContextCustomizer@ae92c020, org.springframework.boot.test.context.SpringBootTestArgs@1, org.springframework.boot.test.context.SpringBootTestWebEnvironment@6cd28fa7], contextLoader = 'org.springframework.boot.test.context.SpringBootContextLoader', parent = [null]], attributes = map['org.springframework.test.context.event.ApplicationEventsTestExecutionListener.recordApplicationEvents' -> false]]
2022-08-31 18:33:38.957  INFO 28512 --- [Test worker] o.s.t.c.transaction.TransactionContext   : Began transaction (1) for test context [DefaultTestContext@7669d7a2 testClass = UserRepositoryTest, testInstance = com.artem.spring.integration.database.repository.UserRepositoryTest@732f7660, testMethod = checkBatch@UserRepositoryTest, testException = [null], mergedContextConfiguration = [MergedContextConfiguration@63c78e5e testClass = UserRepositoryTest, locations = '{}', classes = '{class com.artem.spring.ApplicationRunner, class com.artem.spring.integration.TestApplicationRunner}', contextInitializerClasses = '[]', activeProfiles = '{test}', propertySourceLocations = '{}', propertySourceProperties = '{org.springframework.boot.test.context.SpringBootTestContextBootstrapper=true}', contextCustomizers = set[org.springframework.boot.test.autoconfigure.actuate.metrics.MetricsExportContextCustomizerFactory$DisableMetricExportContextCustomizer@4d9ac0b4, org.springframework.boot.test.autoconfigure.properties.PropertyMappingContextCustomizer@0, org.springframework.boot.test.autoconfigure.web.servlet.WebDriverContextCustomizerFactory$Customizer@39fcbef6, org.springframework.boot.test.context.filter.ExcludeFilterContextCustomizer@35f26e72, org.springframework.boot.test.json.DuplicateJsonObjectContextCustomizerFactory$DuplicateJsonObjectContextCustomizer@5023bb8b, org.springframework.boot.test.mock.mockito.MockitoContextCustomizer@0, org.springframework.boot.test.web.client.TestRestTemplateContextCustomizer@604c5de8, org.springframework.test.context.support.DynamicPropertiesContextCustomizer@ae92c020, org.springframework.boot.test.context.SpringBootTestArgs@1, org.springframework.boot.test.context.SpringBootTestWebEnvironment@6cd28fa7], contextLoader = 'org.springframework.boot.test.context.SpringBootContextLoader', parent = [null]], attributes = map['org.springframework.test.context.event.ApplicationEventsTestExecutionListener.recordApplicationEvents' -> false]]; transaction manager [org.springframework.orm.jpa.JpaTransactionManager@216a3aba]; rollback [true]
2022-08-31 18:33:38.982 DEBUG 28512 --- [Test worker] o.s.jdbc.core.JdbcTemplate               : Executing SQL batch update [UPDATE users
SET company_id = ?,
    role = ?
WHERE id = ?
]
2022-08-31 18:33:38.984 DEBUG 28512 --- [Test worker] o.s.jdbc.core.JdbcTemplate               : Executing prepared SQL statement [UPDATE users
SET company_id = ?,
    role = ?
WHERE id = ?
]
2022-08-31 18:33:38.988 TRACE 28512 --- [Test worker] o.s.jdbc.core.StatementCreatorUtils      : Setting SQL statement parameter value: column index 1, parameter value [1], value class [java.lang.Integer], SQL type unknown
2022-08-31 18:33:38.989 TRACE 28512 --- [Test worker] o.s.jdbc.core.StatementCreatorUtils      : Setting SQL statement parameter value: column index 2, parameter value [ADMIN], value class [java.lang.String], SQL type unknown
2022-08-31 18:33:38.989 TRACE 28512 --- [Test worker] o.s.jdbc.core.StatementCreatorUtils      : Setting SQL statement parameter value: column index 3, parameter value [1], value class [java.lang.Long], SQL type unknown
2022-08-31 18:33:38.992 TRACE 28512 --- [Test worker] o.s.jdbc.core.StatementCreatorUtils      : Setting SQL statement parameter value: column index 1, parameter value [1], value class [java.lang.Integer], SQL type unknown
2022-08-31 18:33:38.992 TRACE 28512 --- [Test worker] o.s.jdbc.core.StatementCreatorUtils      : Setting SQL statement parameter value: column index 2, parameter value [USER], value class [java.lang.String], SQL type unknown
2022-08-31 18:33:38.992 TRACE 28512 --- [Test worker] o.s.jdbc.core.StatementCreatorUtils      : Setting SQL statement parameter value: column index 3, parameter value [2], value class [java.lang.Long], SQL type unknown
2022-08-31 18:33:38.992 TRACE 28512 --- [Test worker] o.s.jdbc.core.StatementCreatorUtils      : Setting SQL statement parameter value: column index 1, parameter value [2], value class [java.lang.Integer], SQL type unknown
2022-08-31 18:33:38.992 TRACE 28512 --- [Test worker] o.s.jdbc.core.StatementCreatorUtils      : Setting SQL statement parameter value: column index 2, parameter value [USER], value class [java.lang.String], SQL type unknown
2022-08-31 18:33:38.992 TRACE 28512 --- [Test worker] o.s.jdbc.core.StatementCreatorUtils      : Setting SQL statement parameter value: column index 3, parameter value [3], value class [java.lang.Long], SQL type unknown
2022-08-31 18:33:38.992 TRACE 28512 --- [Test worker] o.s.jdbc.core.StatementCreatorUtils      : Setting SQL statement parameter value: column index 1, parameter value [3], value class [java.lang.Integer], SQL type unknown
2022-08-31 18:33:38.992 TRACE 28512 --- [Test worker] o.s.jdbc.core.StatementCreatorUtils      : Setting SQL statement parameter value: column index 2, parameter value [USER], value class [java.lang.String], SQL type unknown
2022-08-31 18:33:38.992 TRACE 28512 --- [Test worker] o.s.jdbc.core.StatementCreatorUtils      : Setting SQL statement parameter value: column index 3, parameter value [4], value class [java.lang.Long], SQL type unknown
2022-08-31 18:33:38.992 TRACE 28512 --- [Test worker] o.s.jdbc.core.StatementCreatorUtils      : Setting SQL statement parameter value: column index 1, parameter value [3], value class [java.lang.Integer], SQL type unknown
2022-08-31 18:33:38.992 TRACE 28512 --- [Test worker] o.s.jdbc.core.StatementCreatorUtils      : Setting SQL statement parameter value: column index 2, parameter value [ADMIN], value class [java.lang.String], SQL type unknown
2022-08-31 18:33:38.992 TRACE 28512 --- [Test worker] o.s.jdbc.core.StatementCreatorUtils      : Setting SQL statement parameter value: column index 3, parameter value [5], value class [java.lang.Long], SQL type unknown
2022-08-31 18:33:39.003  INFO 28512 --- [Test worker] o.s.t.c.transaction.TransactionContext   : Rolled back transaction for test: [DefaultTestContext@7669d7a2 testClass = UserRepositoryTest, testInstance = com.artem.spring.integration.database.repository.UserRepositoryTest@732f7660, testMethod = checkBatch@UserRepositoryTest, testException = [null], mergedContextConfiguration = [MergedContextConfiguration@63c78e5e testClass = UserRepositoryTest, locations = '{}', classes = '{class com.artem.spring.ApplicationRunner, class com.artem.spring.integration.TestApplicationRunner}', contextInitializerClasses = '[]', activeProfiles = '{test}', propertySourceLocations = '{}', propertySourceProperties = '{org.springframework.boot.test.context.SpringBootTestContextBootstrapper=true}', contextCustomizers = set[org.springframework.boot.test.autoconfigure.actuate.metrics.MetricsExportContextCustomizerFactory$DisableMetricExportContextCustomizer@4d9ac0b4, org.springframework.boot.test.autoconfigure.properties.PropertyMappingContextCustomizer@0, org.springframework.boot.test.autoconfigure.web.servlet.WebDriverContextCustomizerFactory$Customizer@39fcbef6, org.springframework.boot.test.context.filter.ExcludeFilterContextCustomizer@35f26e72, org.springframework.boot.test.json.DuplicateJsonObjectContextCustomizerFactory$DuplicateJsonObjectContextCustomizer@5023bb8b, org.springframework.boot.test.mock.mockito.MockitoContextCustomizer@0, org.springframework.boot.test.web.client.TestRestTemplateContextCustomizer@604c5de8, org.springframework.test.context.support.DynamicPropertiesContextCustomizer@ae92c020, org.springframework.boot.test.context.SpringBootTestArgs@1, org.springframework.boot.test.context.SpringBootTestWebEnvironment@6cd28fa7], contextLoader = 'org.springframework.boot.test.context.SpringBootContextLoader', parent = [null]], attributes = map['org.springframework.test.context.event.ApplicationEventsTestExecutionListener.recordApplicationEvents' -> false]]
2022-08-31 18:33:39.006  INFO 28512 --- [Test worker] o.s.t.c.transaction.TransactionContext   : Began transaction (1) for test context [DefaultTestContext@7669d7a2 testClass = UserRepositoryTest, testInstance = com.artem.spring.integration.database.repository.UserRepositoryTest@49442e03, testMethod = checkSort@UserRepositoryTest, testException = [null], mergedContextConfiguration = [MergedContextConfiguration@63c78e5e testClass = UserRepositoryTest, locations = '{}', classes = '{class com.artem.spring.ApplicationRunner, class com.artem.spring.integration.TestApplicationRunner}', contextInitializerClasses = '[]', activeProfiles = '{test}', propertySourceLocations = '{}', propertySourceProperties = '{org.springframework.boot.test.context.SpringBootTestContextBootstrapper=true}', contextCustomizers = set[org.springframework.boot.test.autoconfigure.actuate.metrics.MetricsExportContextCustomizerFactory$DisableMetricExportContextCustomizer@4d9ac0b4, org.springframework.boot.test.autoconfigure.properties.PropertyMappingContextCustomizer@0, org.springframework.boot.test.autoconfigure.web.servlet.WebDriverContextCustomizerFactory$Customizer@39fcbef6, org.springframework.boot.test.context.filter.ExcludeFilterContextCustomizer@35f26e72, org.springframework.boot.test.json.DuplicateJsonObjectContextCustomizerFactory$DuplicateJsonObjectContextCustomizer@5023bb8b, org.springframework.boot.test.mock.mockito.MockitoContextCustomizer@0, org.springframework.boot.test.web.client.TestRestTemplateContextCustomizer@604c5de8, org.springframework.test.context.support.DynamicPropertiesContextCustomizer@ae92c020, org.springframework.boot.test.context.SpringBootTestArgs@1, org.springframework.boot.test.context.SpringBootTestWebEnvironment@6cd28fa7], contextLoader = 'org.springframework.boot.test.context.SpringBootContextLoader', parent = [null]], attributes = map['org.springframework.test.context.event.ApplicationEventsTestExecutionListener.recordApplicationEvents' -> false]]; transaction manager [org.springframework.orm.jpa.JpaTransactionManager@216a3aba]; rollback [true]
2022-08-31 18:33:39.052  INFO 28512 --- [Test worker] o.s.t.c.transaction.TransactionContext   : Rolled back transaction for test: [DefaultTestContext@7669d7a2 testClass = UserRepositoryTest, testInstance = com.artem.spring.integration.database.repository.UserRepositoryTest@49442e03, testMethod = checkSort@UserRepositoryTest, testException = [null], mergedContextConfiguration = [MergedContextConfiguration@63c78e5e testClass = UserRepositoryTest, locations = '{}', classes = '{class com.artem.spring.ApplicationRunner, class com.artem.spring.integration.TestApplicationRunner}', contextInitializerClasses = '[]', activeProfiles = '{test}', propertySourceLocations = '{}', propertySourceProperties = '{org.springframework.boot.test.context.SpringBootTestContextBootstrapper=true}', contextCustomizers = set[org.springframework.boot.test.autoconfigure.actuate.metrics.MetricsExportContextCustomizerFactory$DisableMetricExportContextCustomizer@4d9ac0b4, org.springframework.boot.test.autoconfigure.properties.PropertyMappingContextCustomizer@0, org.springframework.boot.test.autoconfigure.web.servlet.WebDriverContextCustomizerFactory$Customizer@39fcbef6, org.springframework.boot.test.context.filter.ExcludeFilterContextCustomizer@35f26e72, org.springframework.boot.test.json.DuplicateJsonObjectContextCustomizerFactory$DuplicateJsonObjectContextCustomizer@5023bb8b, org.springframework.boot.test.mock.mockito.MockitoContextCustomizer@0, org.springframework.boot.test.web.client.TestRestTemplateContextCustomizer@604c5de8, org.springframework.test.context.support.DynamicPropertiesContextCustomizer@ae92c020, org.springframework.boot.test.context.SpringBootTestArgs@1, org.springframework.boot.test.context.SpringBootTestWebEnvironment@6cd28fa7], contextLoader = 'org.springframework.boot.test.context.SpringBootContextLoader', parent = [null]], attributes = map['org.springframework.test.context.event.ApplicationEventsTestExecutionListener.recordApplicationEvents' -> false]]
2022-08-31 18:33:39.055  INFO 28512 --- [Test worker] o.s.t.c.transaction.TransactionContext   : Began transaction (1) for test context [DefaultTestContext@7669d7a2 testClass = UserRepositoryTest, testInstance = com.artem.spring.integration.database.repository.UserRepositoryTest@5410bbdf, testMethod = checkQueries@UserRepositoryTest, testException = [null], mergedContextConfiguration = [MergedContextConfiguration@63c78e5e testClass = UserRepositoryTest, locations = '{}', classes = '{class com.artem.spring.ApplicationRunner, class com.artem.spring.integration.TestApplicationRunner}', contextInitializerClasses = '[]', activeProfiles = '{test}', propertySourceLocations = '{}', propertySourceProperties = '{org.springframework.boot.test.context.SpringBootTestContextBootstrapper=true}', contextCustomizers = set[org.springframework.boot.test.autoconfigure.actuate.metrics.MetricsExportContextCustomizerFactory$DisableMetricExportContextCustomizer@4d9ac0b4, org.springframework.boot.test.autoconfigure.properties.PropertyMappingContextCustomizer@0, org.springframework.boot.test.autoconfigure.web.servlet.WebDriverContextCustomizerFactory$Customizer@39fcbef6, org.springframework.boot.test.context.filter.ExcludeFilterContextCustomizer@35f26e72, org.springframework.boot.test.json.DuplicateJsonObjectContextCustomizerFactory$DuplicateJsonObjectContextCustomizer@5023bb8b, org.springframework.boot.test.mock.mockito.MockitoContextCustomizer@0, org.springframework.boot.test.web.client.TestRestTemplateContextCustomizer@604c5de8, org.springframework.test.context.support.DynamicPropertiesContextCustomizer@ae92c020, org.springframework.boot.test.context.SpringBootTestArgs@1, org.springframework.boot.test.context.SpringBootTestWebEnvironment@6cd28fa7], contextLoader = 'org.springframework.boot.test.context.SpringBootContextLoader', parent = [null]], attributes = map['org.springframework.test.context.event.ApplicationEventsTestExecutionListener.recordApplicationEvents' -> false]]; transaction manager [org.springframework.orm.jpa.JpaTransactionManager@216a3aba]; rollback [true]
2022-08-31 18:33:39.083  INFO 28512 --- [Test worker] o.s.t.c.transaction.TransactionContext   : Rolled back transaction for test: [DefaultTestContext@7669d7a2 testClass = UserRepositoryTest, testInstance = com.artem.spring.integration.database.repository.UserRepositoryTest@5410bbdf, testMethod = checkQueries@UserRepositoryTest, testException = [null], mergedContextConfiguration = [MergedContextConfiguration@63c78e5e testClass = UserRepositoryTest, locations = '{}', classes = '{class com.artem.spring.ApplicationRunner, class com.artem.spring.integration.TestApplicationRunner}', contextInitializerClasses = '[]', activeProfiles = '{test}', propertySourceLocations = '{}', propertySourceProperties = '{org.springframework.boot.test.context.SpringBootTestContextBootstrapper=true}', contextCustomizers = set[org.springframework.boot.test.autoconfigure.actuate.metrics.MetricsExportContextCustomizerFactory$DisableMetricExportContextCustomizer@4d9ac0b4, org.springframework.boot.test.autoconfigure.properties.PropertyMappingContextCustomizer@0, org.springframework.boot.test.autoconfigure.web.servlet.WebDriverContextCustomizerFactory$Customizer@39fcbef6, org.springframework.boot.test.context.filter.ExcludeFilterContextCustomizer@35f26e72, org.springframework.boot.test.json.DuplicateJsonObjectContextCustomizerFactory$DuplicateJsonObjectContextCustomizer@5023bb8b, org.springframework.boot.test.mock.mockito.MockitoContextCustomizer@0, org.springframework.boot.test.web.client.TestRestTemplateContextCustomizer@604c5de8, org.springframework.test.context.support.DynamicPropertiesContextCustomizer@ae92c020, org.springframework.boot.test.context.SpringBootTestArgs@1, org.springframework.boot.test.context.SpringBootTestWebEnvironment@6cd28fa7], contextLoader = 'org.springframework.boot.test.context.SpringBootContextLoader', parent = [null]], attributes = map['org.springframework.test.context.event.ApplicationEventsTestExecutionListener.recordApplicationEvents' -> false]]
2022-08-31 18:33:39.086  INFO 28512 --- [Test worker] o.s.t.c.transaction.TransactionContext   : Began transaction (1) for test context [DefaultTestContext@7669d7a2 testClass = UserRepositoryTest, testInstance = com.artem.spring.integration.database.repository.UserRepositoryTest@141cee26, testMethod = checkUpdate@UserRepositoryTest, testException = [null], mergedContextConfiguration = [MergedContextConfiguration@63c78e5e testClass = UserRepositoryTest, locations = '{}', classes = '{class com.artem.spring.ApplicationRunner, class com.artem.spring.integration.TestApplicationRunner}', contextInitializerClasses = '[]', activeProfiles = '{test}', propertySourceLocations = '{}', propertySourceProperties = '{org.springframework.boot.test.context.SpringBootTestContextBootstrapper=true}', contextCustomizers = set[org.springframework.boot.test.autoconfigure.actuate.metrics.MetricsExportContextCustomizerFactory$DisableMetricExportContextCustomizer@4d9ac0b4, org.springframework.boot.test.autoconfigure.properties.PropertyMappingContextCustomizer@0, org.springframework.boot.test.autoconfigure.web.servlet.WebDriverContextCustomizerFactory$Customizer@39fcbef6, org.springframework.boot.test.context.filter.ExcludeFilterContextCustomizer@35f26e72, org.springframework.boot.test.json.DuplicateJsonObjectContextCustomizerFactory$DuplicateJsonObjectContextCustomizer@5023bb8b, org.springframework.boot.test.mock.mockito.MockitoContextCustomizer@0, org.springframework.boot.test.web.client.TestRestTemplateContextCustomizer@604c5de8, org.springframework.test.context.support.DynamicPropertiesContextCustomizer@ae92c020, org.springframework.boot.test.context.SpringBootTestArgs@1, org.springframework.boot.test.context.SpringBootTestWebEnvironment@6cd28fa7], contextLoader = 'org.springframework.boot.test.context.SpringBootContextLoader', parent = [null]], attributes = map['org.springframework.test.context.event.ApplicationEventsTestExecutionListener.recordApplicationEvents' -> false]]; transaction manager [org.springframework.orm.jpa.JpaTransactionManager@216a3aba]; rollback [true]
2022-08-31 18:33:39.127  INFO 28512 --- [Test worker] o.s.t.c.transaction.TransactionContext   : Rolled back transaction for test: [DefaultTestContext@7669d7a2 testClass = UserRepositoryTest, testInstance = com.artem.spring.integration.database.repository.UserRepositoryTest@141cee26, testMethod = checkUpdate@UserRepositoryTest, testException = [null], mergedContextConfiguration = [MergedContextConfiguration@63c78e5e testClass = UserRepositoryTest, locations = '{}', classes = '{class com.artem.spring.ApplicationRunner, class com.artem.spring.integration.TestApplicationRunner}', contextInitializerClasses = '[]', activeProfiles = '{test}', propertySourceLocations = '{}', propertySourceProperties = '{org.springframework.boot.test.context.SpringBootTestContextBootstrapper=true}', contextCustomizers = set[org.springframework.boot.test.autoconfigure.actuate.metrics.MetricsExportContextCustomizerFactory$DisableMetricExportContextCustomizer@4d9ac0b4, org.springframework.boot.test.autoconfigure.properties.PropertyMappingContextCustomizer@0, org.springframework.boot.test.autoconfigure.web.servlet.WebDriverContextCustomizerFactory$Customizer@39fcbef6, org.springframework.boot.test.context.filter.ExcludeFilterContextCustomizer@35f26e72, org.springframework.boot.test.json.DuplicateJsonObjectContextCustomizerFactory$DuplicateJsonObjectContextCustomizer@5023bb8b, org.springframework.boot.test.mock.mockito.MockitoContextCustomizer@0, org.springframework.boot.test.web.client.TestRestTemplateContextCustomizer@604c5de8, org.springframework.test.context.support.DynamicPropertiesContextCustomizer@ae92c020, org.springframework.boot.test.context.SpringBootTestArgs@1, org.springframework.boot.test.context.SpringBootTestWebEnvironment@6cd28fa7], contextLoader = 'org.springframework.boot.test.context.SpringBootContextLoader', parent = [null]], attributes = map['org.springframework.test.context.event.ApplicationEventsTestExecutionListener.recordApplicationEvents' -> false]]
2022-08-31 18:33:39.131  INFO 28512 --- [Test worker] o.s.t.c.transaction.TransactionContext   : Began transaction (1) for test context [DefaultTestContext@7669d7a2 testClass = UserRepositoryTest, testInstance = com.artem.spring.integration.database.repository.UserRepositoryTest@41d1bcbd, testMethod = checkJdbcTemplate@UserRepositoryTest, testException = [null], mergedContextConfiguration = [MergedContextConfiguration@63c78e5e testClass = UserRepositoryTest, locations = '{}', classes = '{class com.artem.spring.ApplicationRunner, class com.artem.spring.integration.TestApplicationRunner}', contextInitializerClasses = '[]', activeProfiles = '{test}', propertySourceLocations = '{}', propertySourceProperties = '{org.springframework.boot.test.context.SpringBootTestContextBootstrapper=true}', contextCustomizers = set[org.springframework.boot.test.autoconfigure.actuate.metrics.MetricsExportContextCustomizerFactory$DisableMetricExportContextCustomizer@4d9ac0b4, org.springframework.boot.test.autoconfigure.properties.PropertyMappingContextCustomizer@0, org.springframework.boot.test.autoconfigure.web.servlet.WebDriverContextCustomizerFactory$Customizer@39fcbef6, org.springframework.boot.test.context.filter.ExcludeFilterContextCustomizer@35f26e72, org.springframework.boot.test.json.DuplicateJsonObjectContextCustomizerFactory$DuplicateJsonObjectContextCustomizer@5023bb8b, org.springframework.boot.test.mock.mockito.MockitoContextCustomizer@0, org.springframework.boot.test.web.client.TestRestTemplateContextCustomizer@604c5de8, org.springframework.test.context.support.DynamicPropertiesContextCustomizer@ae92c020, org.springframework.boot.test.context.SpringBootTestArgs@1, org.springframework.boot.test.context.SpringBootTestWebEnvironment@6cd28fa7], contextLoader = 'org.springframework.boot.test.context.SpringBootContextLoader', parent = [null]], attributes = map['org.springframework.test.context.event.ApplicationEventsTestExecutionListener.recordApplicationEvents' -> false]]; transaction manager [org.springframework.orm.jpa.JpaTransactionManager@216a3aba]; rollback [true]
2022-08-31 18:33:39.149 DEBUG 28512 --- [Test worker] o.s.jdbc.core.JdbcTemplate               : Executing prepared SQL query
2022-08-31 18:33:39.149 DEBUG 28512 --- [Test worker] o.s.jdbc.core.JdbcTemplate               : Executing prepared SQL statement [SELECT
firstname,
lastname,
birth_date
FROM users
WHERE company_id = ?
AND role = ?
]
2022-08-31 18:33:39.149 TRACE 28512 --- [Test worker] o.s.jdbc.core.StatementCreatorUtils      : Setting SQL statement parameter value: column index 1, parameter value [1], value class [java.lang.Integer], SQL type unknown
2022-08-31 18:33:39.150 TRACE 28512 --- [Test worker] o.s.jdbc.core.StatementCreatorUtils      : Setting SQL statement parameter value: column index 2, parameter value [USER], value class [java.lang.String], SQL type unknown
2022-08-31 18:33:39.156  INFO 28512 --- [Test worker] o.s.t.c.transaction.TransactionContext   : Rolled back transaction for test: [DefaultTestContext@7669d7a2 testClass = UserRepositoryTest, testInstance = com.artem.spring.integration.database.repository.UserRepositoryTest@41d1bcbd, testMethod = checkJdbcTemplate@UserRepositoryTest, testException = [null], mergedContextConfiguration = [MergedContextConfiguration@63c78e5e testClass = UserRepositoryTest, locations = '{}', classes = '{class com.artem.spring.ApplicationRunner, class com.artem.spring.integration.TestApplicationRunner}', contextInitializerClasses = '[]', activeProfiles = '{test}', propertySourceLocations = '{}', propertySourceProperties = '{org.springframework.boot.test.context.SpringBootTestContextBootstrapper=true}', contextCustomizers = set[org.springframework.boot.test.autoconfigure.actuate.metrics.MetricsExportContextCustomizerFactory$DisableMetricExportContextCustomizer@4d9ac0b4, org.springframework.boot.test.autoconfigure.properties.PropertyMappingContextCustomizer@0, org.springframework.boot.test.autoconfigure.web.servlet.WebDriverContextCustomizerFactory$Customizer@39fcbef6, org.springframework.boot.test.context.filter.ExcludeFilterContextCustomizer@35f26e72, org.springframework.boot.test.json.DuplicateJsonObjectContextCustomizerFactory$DuplicateJsonObjectContextCustomizer@5023bb8b, org.springframework.boot.test.mock.mockito.MockitoContextCustomizer@0, org.springframework.boot.test.web.client.TestRestTemplateContextCustomizer@604c5de8, org.springframework.test.context.support.DynamicPropertiesContextCustomizer@ae92c020, org.springframework.boot.test.context.SpringBootTestArgs@1, org.springframework.boot.test.context.SpringBootTestWebEnvironment@6cd28fa7], contextLoader = 'org.springframework.boot.test.context.SpringBootContextLoader', parent = [null]], attributes = map['org.springframework.test.context.event.ApplicationEventsTestExecutionListener.recordApplicationEvents' -> false]]
2022-08-31 18:33:39.159  INFO 28512 --- [Test worker] o.s.t.c.transaction.TransactionContext   : Began transaction (1) for test context [DefaultTestContext@7669d7a2 testClass = UserRepositoryTest, testInstance = com.artem.spring.integration.database.repository.UserRepositoryTest@439b893a, testMethod = checkFirstTop@UserRepositoryTest, testException = [null], mergedContextConfiguration = [MergedContextConfiguration@63c78e5e testClass = UserRepositoryTest, locations = '{}', classes = '{class com.artem.spring.ApplicationRunner, class com.artem.spring.integration.TestApplicationRunner}', contextInitializerClasses = '[]', activeProfiles = '{test}', propertySourceLocations = '{}', propertySourceProperties = '{org.springframework.boot.test.context.SpringBootTestContextBootstrapper=true}', contextCustomizers = set[org.springframework.boot.test.autoconfigure.actuate.metrics.MetricsExportContextCustomizerFactory$DisableMetricExportContextCustomizer@4d9ac0b4, org.springframework.boot.test.autoconfigure.properties.PropertyMappingContextCustomizer@0, org.springframework.boot.test.autoconfigure.web.servlet.WebDriverContextCustomizerFactory$Customizer@39fcbef6, org.springframework.boot.test.context.filter.ExcludeFilterContextCustomizer@35f26e72, org.springframework.boot.test.json.DuplicateJsonObjectContextCustomizerFactory$DuplicateJsonObjectContextCustomizer@5023bb8b, org.springframework.boot.test.mock.mockito.MockitoContextCustomizer@0, org.springframework.boot.test.web.client.TestRestTemplateContextCustomizer@604c5de8, org.springframework.test.context.support.DynamicPropertiesContextCustomizer@ae92c020, org.springframework.boot.test.context.SpringBootTestArgs@1, org.springframework.boot.test.context.SpringBootTestWebEnvironment@6cd28fa7], contextLoader = 'org.springframework.boot.test.context.SpringBootContextLoader', parent = [null]], attributes = map['org.springframework.test.context.event.ApplicationEventsTestExecutionListener.recordApplicationEvents' -> false]]; transaction manager [org.springframework.orm.jpa.JpaTransactionManager@216a3aba]; rollback [true]
2022-08-31 18:33:39.187  INFO 28512 --- [Test worker] o.s.t.c.transaction.TransactionContext   : Rolled back transaction for test: [DefaultTestContext@7669d7a2 testClass = UserRepositoryTest, testInstance = com.artem.spring.integration.database.repository.UserRepositoryTest@439b893a, testMethod = checkFirstTop@UserRepositoryTest, testException = [null], mergedContextConfiguration = [MergedContextConfiguration@63c78e5e testClass = UserRepositoryTest, locations = '{}', classes = '{class com.artem.spring.ApplicationRunner, class com.artem.spring.integration.TestApplicationRunner}', contextInitializerClasses = '[]', activeProfiles = '{test}', propertySourceLocations = '{}', propertySourceProperties = '{org.springframework.boot.test.context.SpringBootTestContextBootstrapper=true}', contextCustomizers = set[org.springframework.boot.test.autoconfigure.actuate.metrics.MetricsExportContextCustomizerFactory$DisableMetricExportContextCustomizer@4d9ac0b4, org.springframework.boot.test.autoconfigure.properties.PropertyMappingContextCustomizer@0, org.springframework.boot.test.autoconfigure.web.servlet.WebDriverContextCustomizerFactory$Customizer@39fcbef6, org.springframework.boot.test.context.filter.ExcludeFilterContextCustomizer@35f26e72, org.springframework.boot.test.json.DuplicateJsonObjectContextCustomizerFactory$DuplicateJsonObjectContextCustomizer@5023bb8b, org.springframework.boot.test.mock.mockito.MockitoContextCustomizer@0, org.springframework.boot.test.web.client.TestRestTemplateContextCustomizer@604c5de8, org.springframework.test.context.support.DynamicPropertiesContextCustomizer@ae92c020, org.springframework.boot.test.context.SpringBootTestArgs@1, org.springframework.boot.test.context.SpringBootTestWebEnvironment@6cd28fa7], contextLoader = 'org.springframework.boot.test.context.SpringBootContextLoader', parent = [null]], attributes = map['org.springframework.test.context.event.ApplicationEventsTestExecutionListener.recordApplicationEvents' -> false]]
2022-08-31 18:33:39.190  INFO 28512 --- [Test worker] o.s.t.c.transaction.TransactionContext   : Began transaction (1) for test context [DefaultTestContext@7669d7a2 testClass = UserRepositoryTest, testInstance = com.artem.spring.integration.database.repository.UserRepositoryTest@48d44acf, testMethod = checkProjections@UserRepositoryTest, testException = [null], mergedContextConfiguration = [MergedContextConfiguration@63c78e5e testClass = UserRepositoryTest, locations = '{}', classes = '{class com.artem.spring.ApplicationRunner, class com.artem.spring.integration.TestApplicationRunner}', contextInitializerClasses = '[]', activeProfiles = '{test}', propertySourceLocations = '{}', propertySourceProperties = '{org.springframework.boot.test.context.SpringBootTestContextBootstrapper=true}', contextCustomizers = set[org.springframework.boot.test.autoconfigure.actuate.metrics.MetricsExportContextCustomizerFactory$DisableMetricExportContextCustomizer@4d9ac0b4, org.springframework.boot.test.autoconfigure.properties.PropertyMappingContextCustomizer@0, org.springframework.boot.test.autoconfigure.web.servlet.WebDriverContextCustomizerFactory$Customizer@39fcbef6, org.springframework.boot.test.context.filter.ExcludeFilterContextCustomizer@35f26e72, org.springframework.boot.test.json.DuplicateJsonObjectContextCustomizerFactory$DuplicateJsonObjectContextCustomizer@5023bb8b, org.springframework.boot.test.mock.mockito.MockitoContextCustomizer@0, org.springframework.boot.test.web.client.TestRestTemplateContextCustomizer@604c5de8, org.springframework.test.context.support.DynamicPropertiesContextCustomizer@ae92c020, org.springframework.boot.test.context.SpringBootTestArgs@1, org.springframework.boot.test.context.SpringBootTestWebEnvironment@6cd28fa7], contextLoader = 'org.springframework.boot.test.context.SpringBootContextLoader', parent = [null]], attributes = map['org.springframework.test.context.event.ApplicationEventsTestExecutionListener.recordApplicationEvents' -> false]]; transaction manager [org.springframework.orm.jpa.JpaTransactionManager@216a3aba]; rollback [true]
2022-08-31 18:33:39.270  INFO 28512 --- [Test worker] o.s.t.c.transaction.TransactionContext   : Rolled back transaction for test: [DefaultTestContext@7669d7a2 testClass = UserRepositoryTest, testInstance = com.artem.spring.integration.database.repository.UserRepositoryTest@48d44acf, testMethod = checkProjections@UserRepositoryTest, testException = [null], mergedContextConfiguration = [MergedContextConfiguration@63c78e5e testClass = UserRepositoryTest, locations = '{}', classes = '{class com.artem.spring.ApplicationRunner, class com.artem.spring.integration.TestApplicationRunner}', contextInitializerClasses = '[]', activeProfiles = '{test}', propertySourceLocations = '{}', propertySourceProperties = '{org.springframework.boot.test.context.SpringBootTestContextBootstrapper=true}', contextCustomizers = set[org.springframework.boot.test.autoconfigure.actuate.metrics.MetricsExportContextCustomizerFactory$DisableMetricExportContextCustomizer@4d9ac0b4, org.springframework.boot.test.autoconfigure.properties.PropertyMappingContextCustomizer@0, org.springframework.boot.test.autoconfigure.web.servlet.WebDriverContextCustomizerFactory$Customizer@39fcbef6, org.springframework.boot.test.context.filter.ExcludeFilterContextCustomizer@35f26e72, org.springframework.boot.test.json.DuplicateJsonObjectContextCustomizerFactory$DuplicateJsonObjectContextCustomizer@5023bb8b, org.springframework.boot.test.mock.mockito.MockitoContextCustomizer@0, org.springframework.boot.test.web.client.TestRestTemplateContextCustomizer@604c5de8, org.springframework.test.context.support.DynamicPropertiesContextCustomizer@ae92c020, org.springframework.boot.test.context.SpringBootTestArgs@1, org.springframework.boot.test.context.SpringBootTestWebEnvironment@6cd28fa7], contextLoader = 'org.springframework.boot.test.context.SpringBootContextLoader', parent = [null]], attributes = map['org.springframework.test.context.event.ApplicationEventsTestExecutionListener.recordApplicationEvents' -> false]]
2022-08-31 18:33:39.284  INFO 28512 --- [SpringApplicationShutdownHook] c.a.spring.database.pool.ConnectionPool  : Clean connection pool
2022-08-31 18:33:39.284  INFO 28512 --- [SpringApplicationShutdownHook] c.a.spring.database.pool.ConnectionPool  : Clean connection pool
2022-08-31 18:33:39.285  INFO 28512 --- [SpringApplicationShutdownHook] c.a.spring.database.pool.ConnectionPool  : Clean connection pool
2022-08-31 18:33:39.285  INFO 28512 --- [SpringApplicationShutdownHook] j.LocalContainerEntityManagerFactoryBean : Closing JPA EntityManagerFactory for persistence unit 'default'
2022-08-31 18:33:39.287  INFO 28512 --- [SpringApplicationShutdownHook] com.zaxxer.hikari.HikariDataSource       : HikariPool-1 - Shutdown initiated...
2022-08-31 18:33:39.297  INFO 28512 --- [SpringApplicationShutdownHook] com.zaxxer.hikari.HikariDataSource       : HikariPool-1 - Shutdown completed.
